#-----------------------------------------------------------
# Vivado v2018.1 (64-bit)
# SW Build 2188600 on Wed Apr  4 18:40:38 MDT 2018
# IP Build 2185939 on Wed Apr  4 20:55:05 MDT 2018
# Start of session at: Sun Apr 28 17:17:33 2024
# Process ID: 14812
# Current directory: C:/Users/tharu/Downloads/NanoProcessor - Additional Features/NanoProcessor
# Command line: vivado.exe -gui_launcher_event rodinguilauncherevent12212 C:\Users\tharu\Downloads\NanoProcessor - Additional Features\NanoProcessor\NanoProcessor.xpr
# Log file: C:/Users/tharu/Downloads/NanoProcessor - Additional Features/NanoProcessor/vivado.log
# Journal file: C:/Users/tharu/Downloads/NanoProcessor - Additional Features/NanoProcessor\vivado.jou
#-----------------------------------------------------------
start_gui
open_project {C:/Users/tharu/Downloads/NanoProcessor - Additional Features/NanoProcessor/NanoProcessor.xpr}
Scanning sources...
Finished scanning sources
INFO: [IP_Flow 19-234] Refreshing IP repositories
INFO: [IP_Flow 19-1704] No user IP repositories specified
INFO: [IP_Flow 19-2313] Loaded Vivado IP repository 'C:/Xilinx/Vivado/2018.1/data/ip'.
open_project: Time (s): cpu = 00:00:05 ; elapsed = 00:00:09 . Memory (MB): peak = 886.227 ; gain = 142.809
update_compile_order -fileset sources_1
reset_run synth_1
launch_runs synth_1 -jobs 4
[Sun Apr 28 17:25:36 2024] Launched synth_1...
Run output will be captured here: C:/Users/tharu/Downloads/NanoProcessor - Additional Features/NanoProcessor/NanoProcessor.runs/synth_1/runme.log
launch_simulation
INFO: [Vivado 12-5682] Launching behavioral simulation in 'C:/Users/tharu/Downloads/NanoProcessor - Additional Features/NanoProcessor/NanoProcessor.sim/sim_1/behav/xsim'
INFO: [SIM-utils-51] Simulation object is 'sim_1'
INFO: [SIM-utils-54] Inspecting design source files for 'TB_Nano_Processor' in fileset 'sim_1'...
INFO: [USF-XSim-97] Finding global include files...
INFO: [USF-XSim-98] Fetching design files from 'sim_1'...
INFO: [USF-XSim-2] XSim::Compile design
INFO: [USF-XSim-61] Executing 'COMPILE and ANALYZE' step in 'C:/Users/tharu/Downloads/NanoProcessor - Additional Features/NanoProcessor/NanoProcessor.sim/sim_1/behav/xsim'
"xvhdl --incr --relax -prj TB_Nano_Processor_vhdl.prj"
INFO: [USF-XSim-69] 'compile' step finished in '1' seconds
INFO: [USF-XSim-3] XSim::Elaborate design
INFO: [USF-XSim-61] Executing 'ELABORATE' step in 'C:/Users/tharu/Downloads/NanoProcessor - Additional Features/NanoProcessor/NanoProcessor.sim/sim_1/behav/xsim'
Vivado Simulator 2018.1
Copyright 1986-1999, 2001-2017 Xilinx, Inc. All Rights Reserved.
Running: C:/Xilinx/Vivado/2018.1/bin/unwrapped/win64.o/xelab.exe -wto 3b42629a60ae419aa809fb02febf097d --incr --debug typical --relax --mt 2 -L xil_defaultlib -L secureip --snapshot TB_Nano_Processor_behav xil_defaultlib.TB_Nano_Processor -log elaborate.log 
Using 2 slave threads.
Starting static elaboration
Completed static elaboration
INFO: [XSIM 43-4323] No Change in HDL. Linking previously generated obj files to create kernel
INFO: [USF-XSim-69] 'elaborate' step finished in '2' seconds
INFO: [USF-XSim-4] XSim::Simulate design
INFO: [USF-XSim-61] Executing 'SIMULATE' step in 'C:/Users/tharu/Downloads/NanoProcessor - Additional Features/NanoProcessor/NanoProcessor.sim/sim_1/behav/xsim'
INFO: [USF-XSim-98] *** Running xsim
   with args "TB_Nano_Processor_behav -key {Behavioral:sim_1:Functional:TB_Nano_Processor} -tclbatch {TB_Nano_Processor.tcl} -log {simulate.log}"
INFO: [USF-XSim-8] Loading simulator feature
Vivado Simulator 2018.1
Time resolution is 1 ps
source TB_Nano_Processor.tcl
# set curr_wave [current_wave_config]
# if { [string length $curr_wave] == 0 } {
#   if { [llength [get_objects]] > 0} {
#     add_wave /
#     set_property needs_save false [current_wave_config]
#   } else {
#      send_msg_id Add_Wave-1 WARNING "No top level signals found. Simulator will start without a wave window. If you want to open a wave window go to 'File->New Waveform Configuration' or type 'create_wave_config' in the TCL console."
#   }
# }
# run 1000ns
INFO: [USF-XSim-96] XSim completed. Design snapshot 'TB_Nano_Processor_behav' loaded.
INFO: [USF-XSim-97] XSim simulation ran for 1000ns
launch_simulation: Time (s): cpu = 00:00:02 ; elapsed = 00:00:06 . Memory (MB): peak = 949.523 ; gain = 0.000
reset_run synth_1
WARNING: [Vivado 12-1017] Problems encountered:
1. Failed to delete one or more files in run directory C:/Users/tharu/Downloads/NanoProcessor - Additional Features/NanoProcessor/NanoProcessor.runs/synth_1

launch_runs synth_1 -jobs 4
[Sun Apr 28 17:30:38 2024] Launched synth_1...
Run output will be captured here: C:/Users/tharu/Downloads/NanoProcessor - Additional Features/NanoProcessor/NanoProcessor.runs/synth_1/runme.log
launch_runs impl_1 -jobs 4
[Sun Apr 28 17:31:33 2024] Launched impl_1...
Run output will be captured here: C:/Users/tharu/Downloads/NanoProcessor - Additional Features/NanoProcessor/NanoProcessor.runs/impl_1/runme.log
reset_run impl_1
WARNING: [Vivado 12-1017] Problems encountered:
1. PID not specified

close_sim
INFO: [Simtcl 6-16] Simulation closed
launch_simulation
INFO: [Vivado 12-5682] Launching behavioral simulation in 'C:/Users/tharu/Downloads/NanoProcessor - Additional Features/NanoProcessor/NanoProcessor.sim/sim_1/behav/xsim'
INFO: [SIM-utils-51] Simulation object is 'sim_1'
INFO: [SIM-utils-54] Inspecting design source files for 'TB_Nano_Processor' in fileset 'sim_1'...
INFO: [USF-XSim-97] Finding global include files...
INFO: [USF-XSim-98] Fetching design files from 'sim_1'...
INFO: [USF-XSim-2] XSim::Compile design
INFO: [USF-XSim-61] Executing 'COMPILE and ANALYZE' step in 'C:/Users/tharu/Downloads/NanoProcessor - Additional Features/NanoProcessor/NanoProcessor.sim/sim_1/behav/xsim'
"xvhdl --incr --relax -prj TB_Nano_Processor_vhdl.prj"
INFO: [VRFC 10-163] Analyzing VHDL file "C:/Users/tharu/Downloads/NanoProcessor - Additional Features/NanoProcessor/NanoProcessor.srcs/sources_1/new/Program_ROM.vhd" into library xil_defaultlib
INFO: [VRFC 10-307] analyzing entity Program_ROM
INFO: [USF-XSim-69] 'compile' step finished in '4' seconds
INFO: [USF-XSim-3] XSim::Elaborate design
INFO: [USF-XSim-61] Executing 'ELABORATE' step in 'C:/Users/tharu/Downloads/NanoProcessor - Additional Features/NanoProcessor/NanoProcessor.sim/sim_1/behav/xsim'
Vivado Simulator 2018.1
Copyright 1986-1999, 2001-2017 Xilinx, Inc. All Rights Reserved.
Running: C:/Xilinx/Vivado/2018.1/bin/unwrapped/win64.o/xelab.exe -wto 3b42629a60ae419aa809fb02febf097d --incr --debug typical --relax --mt 2 -L xil_defaultlib -L secureip --snapshot TB_Nano_Processor_behav xil_defaultlib.TB_Nano_Processor -log elaborate.log 
Using 2 slave threads.
Starting static elaboration
Completed static elaboration
Starting simulation data flow analysis
Completed simulation data flow analysis
Time Resolution for simulation is 1ps
Compiling package std.standard
Compiling package std.textio
Compiling package ieee.std_logic_1164
Compiling package ieee.numeric_std
Compiling architecture behavioral of entity xil_defaultlib.Slow_Clk [slow_clk_default]
Compiling architecture behavioral of entity xil_defaultlib.HA [ha_default]
Compiling architecture behavioral of entity xil_defaultlib.FA [fa_default]
Compiling architecture behavioral of entity xil_defaultlib.Adder_3_Bit [adder_3_bit_default]
Compiling architecture behavioral of entity xil_defaultlib.D_FF [d_ff_default]
Compiling architecture behavioral of entity xil_defaultlib.Program_Counter [program_counter_default]
Compiling architecture behavioral of entity xil_defaultlib.Adder_Subtractor_4_bit [adder_subtractor_4_bit_default]
Compiling architecture behavioral of entity xil_defaultlib.Tri_State_Buffer_4_bit [tri_state_buffer_4_bit_default]
Compiling architecture behavioral of entity xil_defaultlib.MUX_8_way_4_bit [mux_8_way_4_bit_default]
Compiling architecture behavioral of entity xil_defaultlib.Decoder_2_to_4 [decoder_2_to_4_default]
Compiling architecture behavioral of entity xil_defaultlib.Decoder_3_to_8 [decoder_3_to_8_default]
Compiling architecture behavioral of entity xil_defaultlib.Reg [reg_default]
Compiling architecture behavioral of entity xil_defaultlib.Register_Bank [register_bank_default]
Compiling architecture behavioral of entity xil_defaultlib.Tri_State_Buffer_3_bit [tri_state_buffer_3_bit_default]
Compiling architecture behavioral of entity xil_defaultlib.MUX_2_way_3_bit [mux_2_way_3_bit_default]
Compiling architecture behavioral of entity xil_defaultlib.MUX_2_way_4_bit [mux_2_way_4_bit_default]
Compiling architecture behavioral of entity xil_defaultlib.Instruction_Decoder [instruction_decoder_default]
Compiling architecture behavioral of entity xil_defaultlib.Program_ROM [program_rom_default]
Compiling architecture behavioral of entity xil_defaultlib.Seven_Segment_Display [seven_segment_display_default]
Compiling architecture behavioral of entity xil_defaultlib.Multiplier_2_bit [multiplier_2_bit_default]
Compiling architecture behavioral of entity xil_defaultlib.Reversed_Multiplexer_4_bit [reversed_multiplexer_4_bit_defau...]
Compiling architecture behavioral of entity xil_defaultlib.Magnitude_Comparator_4_bit [magnitude_comparator_4_bit_defau...]
Compiling architecture behavioral of entity xil_defaultlib.Nano_Processor [nano_processor_default]
Compiling architecture behavioral of entity xil_defaultlib.tb_nano_processor
Built simulation snapshot TB_Nano_Processor_behav
ERROR: [Common 17-165] Too many positional options when parsing '-notrace', please type 'webtalk -help' for usage info.

run_program: Time (s): cpu = 00:00:00 ; elapsed = 00:00:07 . Memory (MB): peak = 970.188 ; gain = 0.000
INFO: [USF-XSim-69] 'elaborate' step finished in '7' seconds
INFO: [USF-XSim-4] XSim::Simulate design
INFO: [USF-XSim-61] Executing 'SIMULATE' step in 'C:/Users/tharu/Downloads/NanoProcessor - Additional Features/NanoProcessor/NanoProcessor.sim/sim_1/behav/xsim'
INFO: [USF-XSim-98] *** Running xsim
   with args "TB_Nano_Processor_behav -key {Behavioral:sim_1:Functional:TB_Nano_Processor} -tclbatch {TB_Nano_Processor.tcl} -log {simulate.log}"
INFO: [USF-XSim-8] Loading simulator feature
Vivado Simulator 2018.1
Time resolution is 1 ps
source TB_Nano_Processor.tcl
# set curr_wave [current_wave_config]
# if { [string length $curr_wave] == 0 } {
#   if { [llength [get_objects]] > 0} {
#     add_wave /
#     set_property needs_save false [current_wave_config]
#   } else {
#      send_msg_id Add_Wave-1 WARNING "No top level signals found. Simulator will start without a wave window. If you want to open a wave window go to 'File->New Waveform Configuration' or type 'create_wave_config' in the TCL console."
#   }
# }
# run 1000ns
INFO: [USF-XSim-96] XSim completed. Design snapshot 'TB_Nano_Processor_behav' loaded.
INFO: [USF-XSim-97] XSim simulation ran for 1000ns
launch_simulation: Time (s): cpu = 00:00:02 ; elapsed = 00:00:13 . Memory (MB): peak = 970.188 ; gain = 0.000
save_wave_config {C:/Users/tharu/Downloads/NanoProcessor - Additional Features/NanoProcessor/TB_Nano_Processor_behav1.wcfg}
add_files -fileset sim_1 -norecurse {{C:/Users/tharu/Downloads/NanoProcessor - Additional Features/NanoProcessor/TB_Nano_Processor_behav1.wcfg}}
set_property xsim.view {{C:/Users/tharu/Downloads/NanoProcessor - Additional Features/NanoProcessor/TB_Nano_Processor_behav.wcfg} {C:/Users/tharu/Downloads/NanoProcessor - Additional Features/NanoProcessor/TB_Nano_Processor_behav1.wcfg}} [get_filesets sim_1]
close_sim
INFO: [Simtcl 6-16] Simulation closed
launch_simulation
INFO: [Vivado 12-5682] Launching behavioral simulation in 'C:/Users/tharu/Downloads/NanoProcessor - Additional Features/NanoProcessor/NanoProcessor.sim/sim_1/behav/xsim'
INFO: [SIM-utils-51] Simulation object is 'sim_1'
INFO: [SIM-utils-54] Inspecting design source files for 'TB_Nano_Processor' in fileset 'sim_1'...
INFO: [USF-XSim-97] Finding global include files...
INFO: [USF-XSim-98] Fetching design files from 'sim_1'...
INFO: [USF-XSim-2] XSim::Compile design
INFO: [USF-XSim-61] Executing 'COMPILE and ANALYZE' step in 'C:/Users/tharu/Downloads/NanoProcessor - Additional Features/NanoProcessor/NanoProcessor.sim/sim_1/behav/xsim'
"xvhdl --incr --relax -prj TB_Nano_Processor_vhdl.prj"
INFO: [USF-XSim-69] 'compile' step finished in '2' seconds
INFO: [USF-XSim-3] XSim::Elaborate design
INFO: [USF-XSim-61] Executing 'ELABORATE' step in 'C:/Users/tharu/Downloads/NanoProcessor - Additional Features/NanoProcessor/NanoProcessor.sim/sim_1/behav/xsim'
Vivado Simulator 2018.1
Copyright 1986-1999, 2001-2017 Xilinx, Inc. All Rights Reserved.
Running: C:/Xilinx/Vivado/2018.1/bin/unwrapped/win64.o/xelab.exe -wto 3b42629a60ae419aa809fb02febf097d --incr --debug typical --relax --mt 2 -L xil_defaultlib -L secureip --snapshot TB_Nano_Processor_behav xil_defaultlib.TB_Nano_Processor -log elaborate.log 
Using 2 slave threads.
Starting static elaboration
Completed static elaboration
INFO: [XSIM 43-4323] No Change in HDL. Linking previously generated obj files to create kernel
INFO: [USF-XSim-69] 'elaborate' step finished in '3' seconds
INFO: [USF-XSim-4] XSim::Simulate design
INFO: [USF-XSim-61] Executing 'SIMULATE' step in 'C:/Users/tharu/Downloads/NanoProcessor - Additional Features/NanoProcessor/NanoProcessor.sim/sim_1/behav/xsim'
INFO: [USF-XSim-98] *** Running xsim
   with args "TB_Nano_Processor_behav -key {Behavioral:sim_1:Functional:TB_Nano_Processor} -tclbatch {TB_Nano_Processor.tcl} -view {{C:/Users/tharu/Downloads/NanoProcessor - Additional Features/NanoProcessor/TB_Nano_Processor_behav1.wcfg}} -log {simulate.log}"
INFO: [USF-XSim-8] Loading simulator feature
Vivado Simulator 2018.1
Time resolution is 1 ps
open_wave_config {C:/Users/tharu/Downloads/NanoProcessor - Additional Features/NanoProcessor/TB_Nano_Processor_behav1.wcfg}
source TB_Nano_Processor.tcl
# set curr_wave [current_wave_config]
# if { [string length $curr_wave] == 0 } {
#   if { [llength [get_objects]] > 0} {
#     add_wave /
#     set_property needs_save false [current_wave_config]
#   } else {
#      send_msg_id Add_Wave-1 WARNING "No top level signals found. Simulator will start without a wave window. If you want to open a wave window go to 'File->New Waveform Configuration' or type 'create_wave_config' in the TCL console."
#   }
# }
# run 1000ns
INFO: [USF-XSim-96] XSim completed. Design snapshot 'TB_Nano_Processor_behav' loaded.
INFO: [USF-XSim-97] XSim simulation ran for 1000ns
launch_simulation: Time (s): cpu = 00:00:02 ; elapsed = 00:00:08 . Memory (MB): peak = 976.949 ; gain = 0.000
reset_run synth_1
WARNING: [Vivado 12-1017] Problems encountered:
1. Failed to delete one or more files in run directory C:/Users/tharu/Downloads/NanoProcessor - Additional Features/NanoProcessor/NanoProcessor.runs/synth_1

close_sim
INFO: [Simtcl 6-16] Simulation closed
launch_simulation
INFO: [Vivado 12-5682] Launching behavioral simulation in 'C:/Users/tharu/Downloads/NanoProcessor - Additional Features/NanoProcessor/NanoProcessor.sim/sim_1/behav/xsim'
INFO: [SIM-utils-51] Simulation object is 'sim_1'
INFO: [SIM-utils-54] Inspecting design source files for 'TB_Nano_Processor' in fileset 'sim_1'...
INFO: [USF-XSim-97] Finding global include files...
INFO: [USF-XSim-98] Fetching design files from 'sim_1'...
INFO: [USF-XSim-2] XSim::Compile design
INFO: [USF-XSim-61] Executing 'COMPILE and ANALYZE' step in 'C:/Users/tharu/Downloads/NanoProcessor - Additional Features/NanoProcessor/NanoProcessor.sim/sim_1/behav/xsim'
"xvhdl --incr --relax -prj TB_Nano_Processor_vhdl.prj"
INFO: [VRFC 10-163] Analyzing VHDL file "C:/Users/tharu/Downloads/NanoProcessor - Additional Features/NanoProcessor/NanoProcessor.srcs/sources_1/new/Program_ROM.vhd" into library xil_defaultlib
INFO: [VRFC 10-307] analyzing entity Program_ROM
INFO: [USF-XSim-69] 'compile' step finished in '4' seconds
INFO: [USF-XSim-3] XSim::Elaborate design
INFO: [USF-XSim-61] Executing 'ELABORATE' step in 'C:/Users/tharu/Downloads/NanoProcessor - Additional Features/NanoProcessor/NanoProcessor.sim/sim_1/behav/xsim'
Vivado Simulator 2018.1
Copyright 1986-1999, 2001-2017 Xilinx, Inc. All Rights Reserved.
Running: C:/Xilinx/Vivado/2018.1/bin/unwrapped/win64.o/xelab.exe -wto 3b42629a60ae419aa809fb02febf097d --incr --debug typical --relax --mt 2 -L xil_defaultlib -L secureip --snapshot TB_Nano_Processor_behav xil_defaultlib.TB_Nano_Processor -log elaborate.log 
Using 2 slave threads.
Starting static elaboration
ERROR: [VRFC 10-664] expression has 10 elements ; expected 8 [C:/Users/tharu/Downloads/NanoProcessor - Additional Features/NanoProcessor/NanoProcessor.srcs/sources_1/new/Program_ROM.vhd:12]
ERROR: [XSIM 43-3321] Static elaboration of top level VHDL design unit tb_nano_processor in library work failed.
INFO: [USF-XSim-69] 'elaborate' step finished in '3' seconds
INFO: [USF-XSim-99] Step results log file:'C:/Users/tharu/Downloads/NanoProcessor - Additional Features/NanoProcessor/NanoProcessor.sim/sim_1/behav/xsim/elaborate.log'
ERROR: [USF-XSim-62] 'elaborate' step failed with error(s). Please check the Tcl console output or 'C:/Users/tharu/Downloads/NanoProcessor - Additional Features/NanoProcessor/NanoProcessor.sim/sim_1/behav/xsim/elaborate.log' file for more information.
ERROR: [Vivado 12-4473] Detected error while running simulation. Please correct the issue and retry this operation.
launch_simulation: Time (s): cpu = 00:00:00 ; elapsed = 00:00:07 . Memory (MB): peak = 978.250 ; gain = 0.000
ERROR: [Common 17-39] 'launch_simulation' failed due to earlier errors.
launch_simulation
INFO: [Vivado 12-5682] Launching behavioral simulation in 'C:/Users/tharu/Downloads/NanoProcessor - Additional Features/NanoProcessor/NanoProcessor.sim/sim_1/behav/xsim'
INFO: [SIM-utils-51] Simulation object is 'sim_1'
INFO: [SIM-utils-54] Inspecting design source files for 'TB_Nano_Processor' in fileset 'sim_1'...
INFO: [USF-XSim-97] Finding global include files...
INFO: [USF-XSim-98] Fetching design files from 'sim_1'...
INFO: [USF-XSim-2] XSim::Compile design
INFO: [USF-XSim-61] Executing 'COMPILE and ANALYZE' step in 'C:/Users/tharu/Downloads/NanoProcessor - Additional Features/NanoProcessor/NanoProcessor.sim/sim_1/behav/xsim'
"xvhdl --incr --relax -prj TB_Nano_Processor_vhdl.prj"
INFO: [VRFC 10-163] Analyzing VHDL file "C:/Users/tharu/Downloads/NanoProcessor - Additional Features/NanoProcessor/NanoProcessor.srcs/sources_1/new/Program_ROM.vhd" into library xil_defaultlib
INFO: [VRFC 10-307] analyzing entity Program_ROM
INFO: [USF-XSim-69] 'compile' step finished in '3' seconds
INFO: [USF-XSim-3] XSim::Elaborate design
INFO: [USF-XSim-61] Executing 'ELABORATE' step in 'C:/Users/tharu/Downloads/NanoProcessor - Additional Features/NanoProcessor/NanoProcessor.sim/sim_1/behav/xsim'
Vivado Simulator 2018.1
Copyright 1986-1999, 2001-2017 Xilinx, Inc. All Rights Reserved.
Running: C:/Xilinx/Vivado/2018.1/bin/unwrapped/win64.o/xelab.exe -wto 3b42629a60ae419aa809fb02febf097d --incr --debug typical --relax --mt 2 -L xil_defaultlib -L secureip --snapshot TB_Nano_Processor_behav xil_defaultlib.TB_Nano_Processor -log elaborate.log 
Using 2 slave threads.
Starting static elaboration
Completed static elaboration
Starting simulation data flow analysis
Completed simulation data flow analysis
Time Resolution for simulation is 1ps
Compiling package std.standard
Compiling package std.textio
Compiling package ieee.std_logic_1164
Compiling package ieee.numeric_std
Compiling architecture behavioral of entity xil_defaultlib.Slow_Clk [slow_clk_default]
Compiling architecture behavioral of entity xil_defaultlib.HA [ha_default]
Compiling architecture behavioral of entity xil_defaultlib.FA [fa_default]
Compiling architecture behavioral of entity xil_defaultlib.Adder_3_Bit [adder_3_bit_default]
Compiling architecture behavioral of entity xil_defaultlib.D_FF [d_ff_default]
Compiling architecture behavioral of entity xil_defaultlib.Program_Counter [program_counter_default]
Compiling architecture behavioral of entity xil_defaultlib.Adder_Subtractor_4_bit [adder_subtractor_4_bit_default]
Compiling architecture behavioral of entity xil_defaultlib.Tri_State_Buffer_4_bit [tri_state_buffer_4_bit_default]
Compiling architecture behavioral of entity xil_defaultlib.MUX_8_way_4_bit [mux_8_way_4_bit_default]
Compiling architecture behavioral of entity xil_defaultlib.Decoder_2_to_4 [decoder_2_to_4_default]
Compiling architecture behavioral of entity xil_defaultlib.Decoder_3_to_8 [decoder_3_to_8_default]
Compiling architecture behavioral of entity xil_defaultlib.Reg [reg_default]
Compiling architecture behavioral of entity xil_defaultlib.Register_Bank [register_bank_default]
Compiling architecture behavioral of entity xil_defaultlib.Tri_State_Buffer_3_bit [tri_state_buffer_3_bit_default]
Compiling architecture behavioral of entity xil_defaultlib.MUX_2_way_3_bit [mux_2_way_3_bit_default]
Compiling architecture behavioral of entity xil_defaultlib.MUX_2_way_4_bit [mux_2_way_4_bit_default]
Compiling architecture behavioral of entity xil_defaultlib.Instruction_Decoder [instruction_decoder_default]
Compiling architecture behavioral of entity xil_defaultlib.Program_ROM [program_rom_default]
Compiling architecture behavioral of entity xil_defaultlib.Seven_Segment_Display [seven_segment_display_default]
Compiling architecture behavioral of entity xil_defaultlib.Multiplier_2_bit [multiplier_2_bit_default]
Compiling architecture behavioral of entity xil_defaultlib.Reversed_Multiplexer_4_bit [reversed_multiplexer_4_bit_defau...]
Compiling architecture behavioral of entity xil_defaultlib.Magnitude_Comparator_4_bit [magnitude_comparator_4_bit_defau...]
Compiling architecture behavioral of entity xil_defaultlib.Nano_Processor [nano_processor_default]
Compiling architecture behavioral of entity xil_defaultlib.tb_nano_processor
Built simulation snapshot TB_Nano_Processor_behav
INFO: [USF-XSim-69] 'elaborate' step finished in '3' seconds
INFO: [USF-XSim-4] XSim::Simulate design
INFO: [USF-XSim-61] Executing 'SIMULATE' step in 'C:/Users/tharu/Downloads/NanoProcessor - Additional Features/NanoProcessor/NanoProcessor.sim/sim_1/behav/xsim'
INFO: [USF-XSim-98] *** Running xsim
   with args "TB_Nano_Processor_behav -key {Behavioral:sim_1:Functional:TB_Nano_Processor} -tclbatch {TB_Nano_Processor.tcl} -view {{C:/Users/tharu/Downloads/NanoProcessor - Additional Features/NanoProcessor/TB_Nano_Processor_behav1.wcfg}} -log {simulate.log}"
INFO: [USF-XSim-8] Loading simulator feature
Vivado Simulator 2018.1
Time resolution is 1 ps
open_wave_config {C:/Users/tharu/Downloads/NanoProcessor - Additional Features/NanoProcessor/TB_Nano_Processor_behav1.wcfg}
source TB_Nano_Processor.tcl
# set curr_wave [current_wave_config]
# if { [string length $curr_wave] == 0 } {
#   if { [llength [get_objects]] > 0} {
#     add_wave /
#     set_property needs_save false [current_wave_config]
#   } else {
#      send_msg_id Add_Wave-1 WARNING "No top level signals found. Simulator will start without a wave window. If you want to open a wave window go to 'File->New Waveform Configuration' or type 'create_wave_config' in the TCL console."
#   }
# }
# run 1000ns
INFO: [USF-XSim-96] XSim completed. Design snapshot 'TB_Nano_Processor_behav' loaded.
INFO: [USF-XSim-97] XSim simulation ran for 1000ns
launch_simulation: Time (s): cpu = 00:00:01 ; elapsed = 00:00:11 . Memory (MB): peak = 978.250 ; gain = 0.000
set_property is_enabled false [get_files  {{C:/Users/tharu/Downloads/NanoProcessor - Additional Features/NanoProcessor/TB_Nano_Processor_behav1.wcfg}}]
save_wave_config {C:/Users/tharu/Downloads/NanoProcessor - Additional Features/NanoProcessor/TB_Nano_Processor_behav1.wcfg}
close_sim
INFO: [Simtcl 6-16] Simulation closed
launch_simulation
INFO: [Vivado 12-5682] Launching behavioral simulation in 'C:/Users/tharu/Downloads/NanoProcessor - Additional Features/NanoProcessor/NanoProcessor.sim/sim_1/behav/xsim'
INFO: [SIM-utils-51] Simulation object is 'sim_1'
INFO: [SIM-utils-54] Inspecting design source files for 'TB_Nano_Processor' in fileset 'sim_1'...
INFO: [USF-XSim-97] Finding global include files...
INFO: [USF-XSim-98] Fetching design files from 'sim_1'...
INFO: [USF-XSim-2] XSim::Compile design
INFO: [USF-XSim-61] Executing 'COMPILE and ANALYZE' step in 'C:/Users/tharu/Downloads/NanoProcessor - Additional Features/NanoProcessor/NanoProcessor.sim/sim_1/behav/xsim'
"xvhdl --incr --relax -prj TB_Nano_Processor_vhdl.prj"
INFO: [USF-XSim-69] 'compile' step finished in '3' seconds
INFO: [USF-XSim-3] XSim::Elaborate design
INFO: [USF-XSim-61] Executing 'ELABORATE' step in 'C:/Users/tharu/Downloads/NanoProcessor - Additional Features/NanoProcessor/NanoProcessor.sim/sim_1/behav/xsim'
Vivado Simulator 2018.1
Copyright 1986-1999, 2001-2017 Xilinx, Inc. All Rights Reserved.
Running: C:/Xilinx/Vivado/2018.1/bin/unwrapped/win64.o/xelab.exe -wto 3b42629a60ae419aa809fb02febf097d --incr --debug typical --relax --mt 2 -L xil_defaultlib -L secureip --snapshot TB_Nano_Processor_behav xil_defaultlib.TB_Nano_Processor -log elaborate.log 
Using 2 slave threads.
Starting static elaboration
Completed static elaboration
INFO: [XSIM 43-4323] No Change in HDL. Linking previously generated obj files to create kernel
INFO: [USF-XSim-69] 'elaborate' step finished in '3' seconds
INFO: [USF-XSim-4] XSim::Simulate design
INFO: [USF-XSim-61] Executing 'SIMULATE' step in 'C:/Users/tharu/Downloads/NanoProcessor - Additional Features/NanoProcessor/NanoProcessor.sim/sim_1/behav/xsim'
INFO: [USF-XSim-98] *** Running xsim
   with args "TB_Nano_Processor_behav -key {Behavioral:sim_1:Functional:TB_Nano_Processor} -tclbatch {TB_Nano_Processor.tcl} -log {simulate.log}"
INFO: [USF-XSim-8] Loading simulator feature
Vivado Simulator 2018.1
Time resolution is 1 ps
source TB_Nano_Processor.tcl
# set curr_wave [current_wave_config]
# if { [string length $curr_wave] == 0 } {
#   if { [llength [get_objects]] > 0} {
#     add_wave /
#     set_property needs_save false [current_wave_config]
#   } else {
#      send_msg_id Add_Wave-1 WARNING "No top level signals found. Simulator will start without a wave window. If you want to open a wave window go to 'File->New Waveform Configuration' or type 'create_wave_config' in the TCL console."
#   }
# }
# run 1000ns
INFO: [USF-XSim-96] XSim completed. Design snapshot 'TB_Nano_Processor_behav' loaded.
INFO: [USF-XSim-97] XSim simulation ran for 1000ns
launch_simulation: Time (s): cpu = 00:00:01 ; elapsed = 00:00:08 . Memory (MB): peak = 985.172 ; gain = 1.074
save_wave_config {C:/Users/tharu/Downloads/NanoProcessor - Additional Features/NanoProcessor/TB_Nano_Processor_behav2.wcfg}
add_files -fileset sim_1 -norecurse {{C:/Users/tharu/Downloads/NanoProcessor - Additional Features/NanoProcessor/TB_Nano_Processor_behav2.wcfg}}
set_property xsim.view {{C:/Users/tharu/Downloads/NanoProcessor - Additional Features/NanoProcessor/TB_Nano_Processor_behav.wcfg} {C:/Users/tharu/Downloads/NanoProcessor - Additional Features/NanoProcessor/TB_Nano_Processor_behav1.wcfg} {C:/Users/tharu/Downloads/NanoProcessor - Additional Features/NanoProcessor/TB_Nano_Processor_behav2.wcfg}} [get_filesets sim_1]
close_sim
INFO: [Simtcl 6-16] Simulation closed
launch_simulation
INFO: [Vivado 12-5682] Launching behavioral simulation in 'C:/Users/tharu/Downloads/NanoProcessor - Additional Features/NanoProcessor/NanoProcessor.sim/sim_1/behav/xsim'
INFO: [SIM-utils-51] Simulation object is 'sim_1'
INFO: [SIM-utils-54] Inspecting design source files for 'TB_Nano_Processor' in fileset 'sim_1'...
INFO: [USF-XSim-97] Finding global include files...
INFO: [USF-XSim-98] Fetching design files from 'sim_1'...
INFO: [USF-XSim-2] XSim::Compile design
INFO: [USF-XSim-61] Executing 'COMPILE and ANALYZE' step in 'C:/Users/tharu/Downloads/NanoProcessor - Additional Features/NanoProcessor/NanoProcessor.sim/sim_1/behav/xsim'
"xvhdl --incr --relax -prj TB_Nano_Processor_vhdl.prj"
INFO: [USF-XSim-69] 'compile' step finished in '2' seconds
INFO: [USF-XSim-3] XSim::Elaborate design
INFO: [USF-XSim-61] Executing 'ELABORATE' step in 'C:/Users/tharu/Downloads/NanoProcessor - Additional Features/NanoProcessor/NanoProcessor.sim/sim_1/behav/xsim'
Vivado Simulator 2018.1
Copyright 1986-1999, 2001-2017 Xilinx, Inc. All Rights Reserved.
Running: C:/Xilinx/Vivado/2018.1/bin/unwrapped/win64.o/xelab.exe -wto 3b42629a60ae419aa809fb02febf097d --incr --debug typical --relax --mt 2 -L xil_defaultlib -L secureip --snapshot TB_Nano_Processor_behav xil_defaultlib.TB_Nano_Processor -log elaborate.log 
Using 2 slave threads.
Starting static elaboration
Completed static elaboration
INFO: [XSIM 43-4323] No Change in HDL. Linking previously generated obj files to create kernel
INFO: [USF-XSim-69] 'elaborate' step finished in '4' seconds
INFO: [USF-XSim-4] XSim::Simulate design
INFO: [USF-XSim-61] Executing 'SIMULATE' step in 'C:/Users/tharu/Downloads/NanoProcessor - Additional Features/NanoProcessor/NanoProcessor.sim/sim_1/behav/xsim'
INFO: [USF-XSim-98] *** Running xsim
   with args "TB_Nano_Processor_behav -key {Behavioral:sim_1:Functional:TB_Nano_Processor} -tclbatch {TB_Nano_Processor.tcl} -view {{C:/Users/tharu/Downloads/NanoProcessor - Additional Features/NanoProcessor/TB_Nano_Processor_behav2.wcfg}} -log {simulate.log}"
INFO: [USF-XSim-8] Loading simulator feature
Vivado Simulator 2018.1
Time resolution is 1 ps
open_wave_config {C:/Users/tharu/Downloads/NanoProcessor - Additional Features/NanoProcessor/TB_Nano_Processor_behav2.wcfg}
source TB_Nano_Processor.tcl
# set curr_wave [current_wave_config]
# if { [string length $curr_wave] == 0 } {
#   if { [llength [get_objects]] > 0} {
#     add_wave /
#     set_property needs_save false [current_wave_config]
#   } else {
#      send_msg_id Add_Wave-1 WARNING "No top level signals found. Simulator will start without a wave window. If you want to open a wave window go to 'File->New Waveform Configuration' or type 'create_wave_config' in the TCL console."
#   }
# }
# run 1000ns
INFO: [USF-XSim-96] XSim completed. Design snapshot 'TB_Nano_Processor_behav' loaded.
INFO: [USF-XSim-97] XSim simulation ran for 1000ns
launch_simulation: Time (s): cpu = 00:00:01 ; elapsed = 00:00:08 . Memory (MB): peak = 989.285 ; gain = 0.000
close_sim
INFO: [Simtcl 6-16] Simulation closed
launch_simulation
INFO: [Vivado 12-5682] Launching behavioral simulation in 'C:/Users/tharu/Downloads/NanoProcessor - Additional Features/NanoProcessor/NanoProcessor.sim/sim_1/behav/xsim'
INFO: [SIM-utils-51] Simulation object is 'sim_1'
INFO: [SIM-utils-54] Inspecting design source files for 'TB_Nano_Processor' in fileset 'sim_1'...
INFO: [USF-XSim-97] Finding global include files...
INFO: [USF-XSim-98] Fetching design files from 'sim_1'...
INFO: [USF-XSim-2] XSim::Compile design
INFO: [USF-XSim-61] Executing 'COMPILE and ANALYZE' step in 'C:/Users/tharu/Downloads/NanoProcessor - Additional Features/NanoProcessor/NanoProcessor.sim/sim_1/behav/xsim'
"xvhdl --incr --relax -prj TB_Nano_Processor_vhdl.prj"
INFO: [USF-XSim-69] 'compile' step finished in '3' seconds
INFO: [USF-XSim-3] XSim::Elaborate design
INFO: [USF-XSim-61] Executing 'ELABORATE' step in 'C:/Users/tharu/Downloads/NanoProcessor - Additional Features/NanoProcessor/NanoProcessor.sim/sim_1/behav/xsim'
Vivado Simulator 2018.1
Copyright 1986-1999, 2001-2017 Xilinx, Inc. All Rights Reserved.
Running: C:/Xilinx/Vivado/2018.1/bin/unwrapped/win64.o/xelab.exe -wto 3b42629a60ae419aa809fb02febf097d --incr --debug typical --relax --mt 2 -L xil_defaultlib -L secureip --snapshot TB_Nano_Processor_behav xil_defaultlib.TB_Nano_Processor -log elaborate.log 
Using 2 slave threads.
Starting static elaboration
Completed static elaboration
INFO: [XSIM 43-4323] No Change in HDL. Linking previously generated obj files to create kernel
INFO: [USF-XSim-69] 'elaborate' step finished in '1' seconds
INFO: [USF-XSim-4] XSim::Simulate design
INFO: [USF-XSim-61] Executing 'SIMULATE' step in 'C:/Users/tharu/Downloads/NanoProcessor - Additional Features/NanoProcessor/NanoProcessor.sim/sim_1/behav/xsim'
INFO: [USF-XSim-98] *** Running xsim
   with args "TB_Nano_Processor_behav -key {Behavioral:sim_1:Functional:TB_Nano_Processor} -tclbatch {TB_Nano_Processor.tcl} -view {{C:/Users/tharu/Downloads/NanoProcessor - Additional Features/NanoProcessor/TB_Nano_Processor_behav2.wcfg}} -log {simulate.log}"
INFO: [USF-XSim-8] Loading simulator feature
Vivado Simulator 2018.1
Time resolution is 1 ps
open_wave_config {C:/Users/tharu/Downloads/NanoProcessor - Additional Features/NanoProcessor/TB_Nano_Processor_behav2.wcfg}
source TB_Nano_Processor.tcl
# set curr_wave [current_wave_config]
# if { [string length $curr_wave] == 0 } {
#   if { [llength [get_objects]] > 0} {
#     add_wave /
#     set_property needs_save false [current_wave_config]
#   } else {
#      send_msg_id Add_Wave-1 WARNING "No top level signals found. Simulator will start without a wave window. If you want to open a wave window go to 'File->New Waveform Configuration' or type 'create_wave_config' in the TCL console."
#   }
# }
# run 1000ns
INFO: [USF-XSim-96] XSim completed. Design snapshot 'TB_Nano_Processor_behav' loaded.
INFO: [USF-XSim-97] XSim simulation ran for 1000ns
launch_simulation: Time (s): cpu = 00:00:01 ; elapsed = 00:00:06 . Memory (MB): peak = 991.922 ; gain = 0.000
close_sim
INFO: [Simtcl 6-16] Simulation closed
launch_simulation
INFO: [Vivado 12-5682] Launching behavioral simulation in 'C:/Users/tharu/Downloads/NanoProcessor - Additional Features/NanoProcessor/NanoProcessor.sim/sim_1/behav/xsim'
INFO: [SIM-utils-51] Simulation object is 'sim_1'
INFO: [SIM-utils-54] Inspecting design source files for 'TB_Nano_Processor' in fileset 'sim_1'...
INFO: [USF-XSim-97] Finding global include files...
INFO: [USF-XSim-98] Fetching design files from 'sim_1'...
INFO: [USF-XSim-2] XSim::Compile design
INFO: [USF-XSim-61] Executing 'COMPILE and ANALYZE' step in 'C:/Users/tharu/Downloads/NanoProcessor - Additional Features/NanoProcessor/NanoProcessor.sim/sim_1/behav/xsim'
"xvhdl --incr --relax -prj TB_Nano_Processor_vhdl.prj"
INFO: [VRFC 10-163] Analyzing VHDL file "C:/Users/tharu/Downloads/NanoProcessor - Additional Features/NanoProcessor/NanoProcessor.srcs/sources_1/new/Program_ROM.vhd" into library xil_defaultlib
INFO: [VRFC 10-307] analyzing entity Program_ROM
INFO: [USF-XSim-69] 'compile' step finished in '2' seconds
INFO: [USF-XSim-3] XSim::Elaborate design
INFO: [USF-XSim-61] Executing 'ELABORATE' step in 'C:/Users/tharu/Downloads/NanoProcessor - Additional Features/NanoProcessor/NanoProcessor.sim/sim_1/behav/xsim'
Vivado Simulator 2018.1
Copyright 1986-1999, 2001-2017 Xilinx, Inc. All Rights Reserved.
Running: C:/Xilinx/Vivado/2018.1/bin/unwrapped/win64.o/xelab.exe -wto 3b42629a60ae419aa809fb02febf097d --incr --debug typical --relax --mt 2 -L xil_defaultlib -L secureip --snapshot TB_Nano_Processor_behav xil_defaultlib.TB_Nano_Processor -log elaborate.log 
Using 2 slave threads.
Starting static elaboration
Completed static elaboration
Starting simulation data flow analysis
Completed simulation data flow analysis
Time Resolution for simulation is 1ps
Compiling package std.standard
Compiling package std.textio
Compiling package ieee.std_logic_1164
Compiling package ieee.numeric_std
Compiling architecture behavioral of entity xil_defaultlib.Slow_Clk [slow_clk_default]
Compiling architecture behavioral of entity xil_defaultlib.HA [ha_default]
Compiling architecture behavioral of entity xil_defaultlib.FA [fa_default]
Compiling architecture behavioral of entity xil_defaultlib.Adder_3_Bit [adder_3_bit_default]
Compiling architecture behavioral of entity xil_defaultlib.D_FF [d_ff_default]
Compiling architecture behavioral of entity xil_defaultlib.Program_Counter [program_counter_default]
Compiling architecture behavioral of entity xil_defaultlib.Adder_Subtractor_4_bit [adder_subtractor_4_bit_default]
Compiling architecture behavioral of entity xil_defaultlib.Tri_State_Buffer_4_bit [tri_state_buffer_4_bit_default]
Compiling architecture behavioral of entity xil_defaultlib.MUX_8_way_4_bit [mux_8_way_4_bit_default]
Compiling architecture behavioral of entity xil_defaultlib.Decoder_2_to_4 [decoder_2_to_4_default]
Compiling architecture behavioral of entity xil_defaultlib.Decoder_3_to_8 [decoder_3_to_8_default]
Compiling architecture behavioral of entity xil_defaultlib.Reg [reg_default]
Compiling architecture behavioral of entity xil_defaultlib.Register_Bank [register_bank_default]
Compiling architecture behavioral of entity xil_defaultlib.Tri_State_Buffer_3_bit [tri_state_buffer_3_bit_default]
Compiling architecture behavioral of entity xil_defaultlib.MUX_2_way_3_bit [mux_2_way_3_bit_default]
Compiling architecture behavioral of entity xil_defaultlib.MUX_2_way_4_bit [mux_2_way_4_bit_default]
Compiling architecture behavioral of entity xil_defaultlib.Instruction_Decoder [instruction_decoder_default]
Compiling architecture behavioral of entity xil_defaultlib.Program_ROM [program_rom_default]
Compiling architecture behavioral of entity xil_defaultlib.Seven_Segment_Display [seven_segment_display_default]
Compiling architecture behavioral of entity xil_defaultlib.Multiplier_2_bit [multiplier_2_bit_default]
Compiling architecture behavioral of entity xil_defaultlib.Reversed_Multiplexer_4_bit [reversed_multiplexer_4_bit_defau...]
Compiling architecture behavioral of entity xil_defaultlib.Magnitude_Comparator_4_bit [magnitude_comparator_4_bit_defau...]
Compiling architecture behavioral of entity xil_defaultlib.Nano_Processor [nano_processor_default]
Compiling architecture behavioral of entity xil_defaultlib.tb_nano_processor
Built simulation snapshot TB_Nano_Processor_behav
INFO: [USF-XSim-69] 'elaborate' step finished in '2' seconds
INFO: [USF-XSim-4] XSim::Simulate design
INFO: [USF-XSim-61] Executing 'SIMULATE' step in 'C:/Users/tharu/Downloads/NanoProcessor - Additional Features/NanoProcessor/NanoProcessor.sim/sim_1/behav/xsim'
INFO: [USF-XSim-98] *** Running xsim
   with args "TB_Nano_Processor_behav -key {Behavioral:sim_1:Functional:TB_Nano_Processor} -tclbatch {TB_Nano_Processor.tcl} -view {{C:/Users/tharu/Downloads/NanoProcessor - Additional Features/NanoProcessor/TB_Nano_Processor_behav2.wcfg}} -log {simulate.log}"
INFO: [USF-XSim-8] Loading simulator feature
Vivado Simulator 2018.1
Time resolution is 1 ps
open_wave_config {C:/Users/tharu/Downloads/NanoProcessor - Additional Features/NanoProcessor/TB_Nano_Processor_behav2.wcfg}
source TB_Nano_Processor.tcl
# set curr_wave [current_wave_config]
# if { [string length $curr_wave] == 0 } {
#   if { [llength [get_objects]] > 0} {
#     add_wave /
#     set_property needs_save false [current_wave_config]
#   } else {
#      send_msg_id Add_Wave-1 WARNING "No top level signals found. Simulator will start without a wave window. If you want to open a wave window go to 'File->New Waveform Configuration' or type 'create_wave_config' in the TCL console."
#   }
# }
# run 1000ns
INFO: [USF-XSim-96] XSim completed. Design snapshot 'TB_Nano_Processor_behav' loaded.
INFO: [USF-XSim-97] XSim simulation ran for 1000ns
launch_simulation: Time (s): cpu = 00:00:01 ; elapsed = 00:00:08 . Memory (MB): peak = 993.473 ; gain = 0.000
close_sim
INFO: [Simtcl 6-16] Simulation closed
launch_simulation
INFO: [Vivado 12-5682] Launching behavioral simulation in 'C:/Users/tharu/Downloads/NanoProcessor - Additional Features/NanoProcessor/NanoProcessor.sim/sim_1/behav/xsim'
INFO: [SIM-utils-51] Simulation object is 'sim_1'
INFO: [SIM-utils-54] Inspecting design source files for 'TB_Nano_Processor' in fileset 'sim_1'...
INFO: [USF-XSim-97] Finding global include files...
INFO: [USF-XSim-98] Fetching design files from 'sim_1'...
INFO: [USF-XSim-2] XSim::Compile design
INFO: [USF-XSim-61] Executing 'COMPILE and ANALYZE' step in 'C:/Users/tharu/Downloads/NanoProcessor - Additional Features/NanoProcessor/NanoProcessor.sim/sim_1/behav/xsim'
"xvhdl --incr --relax -prj TB_Nano_Processor_vhdl.prj"
INFO: [VRFC 10-163] Analyzing VHDL file "C:/Users/tharu/Downloads/NanoProcessor - Additional Features/NanoProcessor/NanoProcessor.srcs/sources_1/new/Program_ROM.vhd" into library xil_defaultlib
INFO: [VRFC 10-307] analyzing entity Program_ROM
INFO: [USF-XSim-69] 'compile' step finished in '2' seconds
INFO: [USF-XSim-3] XSim::Elaborate design
INFO: [USF-XSim-61] Executing 'ELABORATE' step in 'C:/Users/tharu/Downloads/NanoProcessor - Additional Features/NanoProcessor/NanoProcessor.sim/sim_1/behav/xsim'
Vivado Simulator 2018.1
Copyright 1986-1999, 2001-2017 Xilinx, Inc. All Rights Reserved.
Running: C:/Xilinx/Vivado/2018.1/bin/unwrapped/win64.o/xelab.exe -wto 3b42629a60ae419aa809fb02febf097d --incr --debug typical --relax --mt 2 -L xil_defaultlib -L secureip --snapshot TB_Nano_Processor_behav xil_defaultlib.TB_Nano_Processor -log elaborate.log 
Using 2 slave threads.
Starting static elaboration
Completed static elaboration
Starting simulation data flow analysis
Completed simulation data flow analysis
Time Resolution for simulation is 1ps
Compiling package std.standard
Compiling package std.textio
Compiling package ieee.std_logic_1164
Compiling package ieee.numeric_std
Compiling architecture behavioral of entity xil_defaultlib.Slow_Clk [slow_clk_default]
Compiling architecture behavioral of entity xil_defaultlib.HA [ha_default]
Compiling architecture behavioral of entity xil_defaultlib.FA [fa_default]
Compiling architecture behavioral of entity xil_defaultlib.Adder_3_Bit [adder_3_bit_default]
Compiling architecture behavioral of entity xil_defaultlib.D_FF [d_ff_default]
Compiling architecture behavioral of entity xil_defaultlib.Program_Counter [program_counter_default]
Compiling architecture behavioral of entity xil_defaultlib.Adder_Subtractor_4_bit [adder_subtractor_4_bit_default]
Compiling architecture behavioral of entity xil_defaultlib.Tri_State_Buffer_4_bit [tri_state_buffer_4_bit_default]
Compiling architecture behavioral of entity xil_defaultlib.MUX_8_way_4_bit [mux_8_way_4_bit_default]
Compiling architecture behavioral of entity xil_defaultlib.Decoder_2_to_4 [decoder_2_to_4_default]
Compiling architecture behavioral of entity xil_defaultlib.Decoder_3_to_8 [decoder_3_to_8_default]
Compiling architecture behavioral of entity xil_defaultlib.Reg [reg_default]
Compiling architecture behavioral of entity xil_defaultlib.Register_Bank [register_bank_default]
Compiling architecture behavioral of entity xil_defaultlib.Tri_State_Buffer_3_bit [tri_state_buffer_3_bit_default]
Compiling architecture behavioral of entity xil_defaultlib.MUX_2_way_3_bit [mux_2_way_3_bit_default]
Compiling architecture behavioral of entity xil_defaultlib.MUX_2_way_4_bit [mux_2_way_4_bit_default]
Compiling architecture behavioral of entity xil_defaultlib.Instruction_Decoder [instruction_decoder_default]
Compiling architecture behavioral of entity xil_defaultlib.Program_ROM [program_rom_default]
Compiling architecture behavioral of entity xil_defaultlib.Seven_Segment_Display [seven_segment_display_default]
Compiling architecture behavioral of entity xil_defaultlib.Multiplier_2_bit [multiplier_2_bit_default]
Compiling architecture behavioral of entity xil_defaultlib.Reversed_Multiplexer_4_bit [reversed_multiplexer_4_bit_defau...]
Compiling architecture behavioral of entity xil_defaultlib.Magnitude_Comparator_4_bit [magnitude_comparator_4_bit_defau...]
Compiling architecture behavioral of entity xil_defaultlib.Nano_Processor [nano_processor_default]
Compiling architecture behavioral of entity xil_defaultlib.tb_nano_processor
Built simulation snapshot TB_Nano_Processor_behav
INFO: [USF-XSim-69] 'elaborate' step finished in '1' seconds
INFO: [USF-XSim-4] XSim::Simulate design
INFO: [USF-XSim-61] Executing 'SIMULATE' step in 'C:/Users/tharu/Downloads/NanoProcessor - Additional Features/NanoProcessor/NanoProcessor.sim/sim_1/behav/xsim'
INFO: [USF-XSim-98] *** Running xsim
   with args "TB_Nano_Processor_behav -key {Behavioral:sim_1:Functional:TB_Nano_Processor} -tclbatch {TB_Nano_Processor.tcl} -view {{C:/Users/tharu/Downloads/NanoProcessor - Additional Features/NanoProcessor/TB_Nano_Processor_behav2.wcfg}} -log {simulate.log}"
INFO: [USF-XSim-8] Loading simulator feature
Vivado Simulator 2018.1
Time resolution is 1 ps
open_wave_config {C:/Users/tharu/Downloads/NanoProcessor - Additional Features/NanoProcessor/TB_Nano_Processor_behav2.wcfg}
source TB_Nano_Processor.tcl
# set curr_wave [current_wave_config]
# if { [string length $curr_wave] == 0 } {
#   if { [llength [get_objects]] > 0} {
#     add_wave /
#     set_property needs_save false [current_wave_config]
#   } else {
#      send_msg_id Add_Wave-1 WARNING "No top level signals found. Simulator will start without a wave window. If you want to open a wave window go to 'File->New Waveform Configuration' or type 'create_wave_config' in the TCL console."
#   }
# }
# run 1000ns
INFO: [USF-XSim-96] XSim completed. Design snapshot 'TB_Nano_Processor_behav' loaded.
INFO: [USF-XSim-97] XSim simulation ran for 1000ns
launch_simulation: Time (s): cpu = 00:00:01 ; elapsed = 00:00:07 . Memory (MB): peak = 993.473 ; gain = 0.000
save_wave_config {C:/Users/tharu/Downloads/NanoProcessor - Additional Features/NanoProcessor/TB_Nano_Processor_behav2.wcfg}
launch_runs synth_1 -jobs 4
[Sun Apr 28 18:51:57 2024] Launched synth_1...
Run output will be captured here: C:/Users/tharu/Downloads/NanoProcessor - Additional Features/NanoProcessor/NanoProcessor.runs/synth_1/runme.log
launch_runs impl_1 -jobs 4
[Sun Apr 28 18:52:43 2024] Launched impl_1...
Run output will be captured here: C:/Users/tharu/Downloads/NanoProcessor - Additional Features/NanoProcessor/NanoProcessor.runs/impl_1/runme.log
open_run impl_1
INFO: [Netlist 29-17] Analyzing 10 Unisim elements for replacement
INFO: [Netlist 29-28] Unisim Transformation completed in 0 CPU seconds
INFO: [Project 1-479] Netlist was created with Vivado 2018.1
INFO: [Device 21-403] Loading part xc7a35tcpg236-1
INFO: [Project 1-570] Preparing netlist for logic optimization
INFO: [Timing 38-478] Restoring timing data from binary archive.
INFO: [Timing 38-479] Binary timing data restore complete.
INFO: [Project 1-856] Restoring constraints from binary archive.
INFO: [Project 1-853] Binary constraint restore complete.
Reading XDEF placement.
Reading placer database...
Reading XDEF routing.
Read XDEF File: Time (s): cpu = 00:00:00 ; elapsed = 00:00:00.038 . Memory (MB): peak = 1821.844 ; gain = 0.000
Restored from archive | CPU: 0.000000 secs | Memory: 0.000000 MB |
Finished XDEF File Restore: Time (s): cpu = 00:00:00 ; elapsed = 00:00:00.038 . Memory (MB): peak = 1821.844 ; gain = 0.000
INFO: [Project 1-111] Unisim Transformation Summary:
No Unisim elements were transformed.

open_run: Time (s): cpu = 00:00:19 ; elapsed = 00:00:21 . Memory (MB): peak = 1899.898 ; gain = 901.539
close_sim
INFO: [Simtcl 6-16] Simulation closed
launch_simulation
INFO: [Vivado 12-5682] Launching behavioral simulation in 'C:/Users/tharu/Downloads/NanoProcessor - Additional Features/NanoProcessor/NanoProcessor.sim/sim_1/behav/xsim'
INFO: [SIM-utils-51] Simulation object is 'sim_1'
INFO: [SIM-utils-54] Inspecting design source files for 'TB_Nano_Processor' in fileset 'sim_1'...
INFO: [USF-XSim-97] Finding global include files...
INFO: [USF-XSim-98] Fetching design files from 'sim_1'...
INFO: [USF-XSim-2] XSim::Compile design
INFO: [USF-XSim-61] Executing 'COMPILE and ANALYZE' step in 'C:/Users/tharu/Downloads/NanoProcessor - Additional Features/NanoProcessor/NanoProcessor.sim/sim_1/behav/xsim'
"xvhdl --incr --relax -prj TB_Nano_Processor_vhdl.prj"
INFO: [VRFC 10-163] Analyzing VHDL file "C:/Users/tharu/Downloads/NanoProcessor - Additional Features/NanoProcessor/NanoProcessor.srcs/sources_1/new/Instruction_Decoder.vhd" into library xil_defaultlib
INFO: [VRFC 10-307] analyzing entity Instruction_Decoder
INFO: [VRFC 10-163] Analyzing VHDL file "C:/Users/tharu/Downloads/NanoProcessor - Additional Features/NanoProcessor/NanoProcessor.srcs/sources_1/new/Nano_Processor.vhd" into library xil_defaultlib
INFO: [VRFC 10-307] analyzing entity Nano_Processor
INFO: [VRFC 10-163] Analyzing VHDL file "C:/Users/tharu/Downloads/NanoProcessor - Additional Features/NanoProcessor/NanoProcessor.srcs/sources_1/new/Program_ROM.vhd" into library xil_defaultlib
INFO: [VRFC 10-307] analyzing entity Program_ROM
INFO: [VRFC 10-163] Analyzing VHDL file "C:/Users/tharu/Downloads/NanoProcessor - Additional Features/NanoProcessor/NanoProcessor.srcs/sim_1/new/TB_Nano_Processor.vhd" into library xil_defaultlib
INFO: [VRFC 10-307] analyzing entity TB_Nano_Processor
INFO: [USF-XSim-69] 'compile' step finished in '2' seconds
INFO: [USF-XSim-3] XSim::Elaborate design
INFO: [USF-XSim-61] Executing 'ELABORATE' step in 'C:/Users/tharu/Downloads/NanoProcessor - Additional Features/NanoProcessor/NanoProcessor.sim/sim_1/behav/xsim'
Vivado Simulator 2018.1
Copyright 1986-1999, 2001-2017 Xilinx, Inc. All Rights Reserved.
Running: C:/Xilinx/Vivado/2018.1/bin/unwrapped/win64.o/xelab.exe -wto 3b42629a60ae419aa809fb02febf097d --incr --debug typical --relax --mt 2 -L xil_defaultlib -L secureip --snapshot TB_Nano_Processor_behav xil_defaultlib.TB_Nano_Processor -log elaborate.log 
Using 2 slave threads.
Starting static elaboration
Completed static elaboration
Starting simulation data flow analysis
Completed simulation data flow analysis
Time Resolution for simulation is 1ps
Compiling package std.standard
Compiling package std.textio
Compiling package ieee.std_logic_1164
Compiling package ieee.numeric_std
Compiling architecture behavioral of entity xil_defaultlib.Slow_Clk [slow_clk_default]
Compiling architecture behavioral of entity xil_defaultlib.HA [ha_default]
Compiling architecture behavioral of entity xil_defaultlib.FA [fa_default]
Compiling architecture behavioral of entity xil_defaultlib.Adder_3_Bit [adder_3_bit_default]
Compiling architecture behavioral of entity xil_defaultlib.D_FF [d_ff_default]
Compiling architecture behavioral of entity xil_defaultlib.Program_Counter [program_counter_default]
Compiling architecture behavioral of entity xil_defaultlib.Adder_Subtractor_4_bit [adder_subtractor_4_bit_default]
Compiling architecture behavioral of entity xil_defaultlib.Tri_State_Buffer_4_bit [tri_state_buffer_4_bit_default]
Compiling architecture behavioral of entity xil_defaultlib.MUX_8_way_4_bit [mux_8_way_4_bit_default]
Compiling architecture behavioral of entity xil_defaultlib.Decoder_2_to_4 [decoder_2_to_4_default]
Compiling architecture behavioral of entity xil_defaultlib.Decoder_3_to_8 [decoder_3_to_8_default]
Compiling architecture behavioral of entity xil_defaultlib.Reg [reg_default]
Compiling architecture behavioral of entity xil_defaultlib.Register_Bank [register_bank_default]
Compiling architecture behavioral of entity xil_defaultlib.Tri_State_Buffer_3_bit [tri_state_buffer_3_bit_default]
Compiling architecture behavioral of entity xil_defaultlib.MUX_2_way_3_bit [mux_2_way_3_bit_default]
Compiling architecture behavioral of entity xil_defaultlib.MUX_2_way_4_bit [mux_2_way_4_bit_default]
Compiling architecture behavioral of entity xil_defaultlib.Instruction_Decoder [instruction_decoder_default]
Compiling architecture behavioral of entity xil_defaultlib.Program_ROM [program_rom_default]
Compiling architecture behavioral of entity xil_defaultlib.Seven_Segment_Display [seven_segment_display_default]
Compiling architecture behavioral of entity xil_defaultlib.Multiplier_2_bit [multiplier_2_bit_default]
Compiling architecture behavioral of entity xil_defaultlib.Nano_Processor [nano_processor_default]
Compiling architecture behavioral of entity xil_defaultlib.tb_nano_processor
Built simulation snapshot TB_Nano_Processor_behav
INFO: [USF-XSim-69] 'elaborate' step finished in '2' seconds
INFO: [USF-XSim-4] XSim::Simulate design
INFO: [USF-XSim-61] Executing 'SIMULATE' step in 'C:/Users/tharu/Downloads/NanoProcessor - Additional Features/NanoProcessor/NanoProcessor.sim/sim_1/behav/xsim'
INFO: [USF-XSim-98] *** Running xsim
   with args "TB_Nano_Processor_behav -key {Behavioral:sim_1:Functional:TB_Nano_Processor} -tclbatch {TB_Nano_Processor.tcl} -view {{C:/Users/tharu/Downloads/NanoProcessor - Additional Features/NanoProcessor/TB_Nano_Processor_behav2.wcfg}} -log {simulate.log}"
INFO: [USF-XSim-8] Loading simulator feature
Vivado Simulator 2018.1
Time resolution is 1 ps
open_wave_config {C:/Users/tharu/Downloads/NanoProcessor - Additional Features/NanoProcessor/TB_Nano_Processor_behav2.wcfg}
WARNING: Simulation object /TB_Nano_Processor/Equal was not found in the design.
WARNING: Simulation object /TB_Nano_Processor/Greater was not found in the design.
WARNING: Simulation object /TB_Nano_Processor/Lesser was not found in the design.
source TB_Nano_Processor.tcl
# set curr_wave [current_wave_config]
# if { [string length $curr_wave] == 0 } {
#   if { [llength [get_objects]] > 0} {
#     add_wave /
#     set_property needs_save false [current_wave_config]
#   } else {
#      send_msg_id Add_Wave-1 WARNING "No top level signals found. Simulator will start without a wave window. If you want to open a wave window go to 'File->New Waveform Configuration' or type 'create_wave_config' in the TCL console."
#   }
# }
# run 1000ns
INFO: [USF-XSim-96] XSim completed. Design snapshot 'TB_Nano_Processor_behav' loaded.
INFO: [USF-XSim-97] XSim simulation ran for 1000ns
launch_simulation: Time (s): cpu = 00:00:02 ; elapsed = 00:00:08 . Memory (MB): peak = 1905.402 ; gain = 0.000
export_ip_user_files -of_objects  [get_files {{C:/Users/tharu/Downloads/NanoProcessor - Additional Features/NanoProcessor/TB_Nano_Processor_behav2.wcfg}}] -no_script -reset -force -quiet
remove_files  -fileset sim_1 {{C:/Users/tharu/Downloads/NanoProcessor - Additional Features/NanoProcessor/TB_Nano_Processor_behav2.wcfg}}
close_sim
INFO: [Simtcl 6-16] Simulation closed
launch_simulation
INFO: [Vivado 12-5682] Launching behavioral simulation in 'C:/Users/tharu/Downloads/NanoProcessor - Additional Features/NanoProcessor/NanoProcessor.sim/sim_1/behav/xsim'
INFO: [SIM-utils-51] Simulation object is 'sim_1'
INFO: [SIM-utils-54] Inspecting design source files for 'TB_Nano_Processor' in fileset 'sim_1'...
INFO: [USF-XSim-97] Finding global include files...
INFO: [USF-XSim-98] Fetching design files from 'sim_1'...
INFO: [USF-XSim-2] XSim::Compile design
INFO: [USF-XSim-61] Executing 'COMPILE and ANALYZE' step in 'C:/Users/tharu/Downloads/NanoProcessor - Additional Features/NanoProcessor/NanoProcessor.sim/sim_1/behav/xsim'
"xvhdl --incr --relax -prj TB_Nano_Processor_vhdl.prj"
INFO: [USF-XSim-69] 'compile' step finished in '2' seconds
INFO: [USF-XSim-3] XSim::Elaborate design
INFO: [USF-XSim-61] Executing 'ELABORATE' step in 'C:/Users/tharu/Downloads/NanoProcessor - Additional Features/NanoProcessor/NanoProcessor.sim/sim_1/behav/xsim'
Vivado Simulator 2018.1
Copyright 1986-1999, 2001-2017 Xilinx, Inc. All Rights Reserved.
Running: C:/Xilinx/Vivado/2018.1/bin/unwrapped/win64.o/xelab.exe -wto 3b42629a60ae419aa809fb02febf097d --incr --debug typical --relax --mt 2 -L xil_defaultlib -L secureip --snapshot TB_Nano_Processor_behav xil_defaultlib.TB_Nano_Processor -log elaborate.log 
Using 2 slave threads.
Starting static elaboration
Completed static elaboration
INFO: [XSIM 43-4323] No Change in HDL. Linking previously generated obj files to create kernel
INFO: [USF-XSim-69] 'elaborate' step finished in '1' seconds
INFO: [USF-XSim-4] XSim::Simulate design
INFO: [USF-XSim-61] Executing 'SIMULATE' step in 'C:/Users/tharu/Downloads/NanoProcessor - Additional Features/NanoProcessor/NanoProcessor.sim/sim_1/behav/xsim'
INFO: [USF-XSim-98] *** Running xsim
   with args "TB_Nano_Processor_behav -key {Behavioral:sim_1:Functional:TB_Nano_Processor} -tclbatch {TB_Nano_Processor.tcl} -log {simulate.log}"
INFO: [USF-XSim-8] Loading simulator feature
Vivado Simulator 2018.1
Time resolution is 1 ps
source TB_Nano_Processor.tcl
# set curr_wave [current_wave_config]
# if { [string length $curr_wave] == 0 } {
#   if { [llength [get_objects]] > 0} {
#     add_wave /
#     set_property needs_save false [current_wave_config]
#   } else {
#      send_msg_id Add_Wave-1 WARNING "No top level signals found. Simulator will start without a wave window. If you want to open a wave window go to 'File->New Waveform Configuration' or type 'create_wave_config' in the TCL console."
#   }
# }
# run 1000ns
INFO: [USF-XSim-96] XSim completed. Design snapshot 'TB_Nano_Processor_behav' loaded.
INFO: [USF-XSim-97] XSim simulation ran for 1000ns
launch_simulation: Time (s): cpu = 00:00:01 ; elapsed = 00:00:06 . Memory (MB): peak = 1905.402 ; gain = 0.000
