#-----------------------------------------------------------
# Vivado v2018.1 (64-bit)
# SW Build 2188600 on Wed Apr  4 18:40:38 MDT 2018
# IP Build 2185939 on Wed Apr  4 20:55:05 MDT 2018
# Start of session at: Wed Apr 24 15:32:01 2024
# Process ID: 18628
# Current directory: C:/Users/tharu/Downloads/NanoProcessor
# Command line: vivado.exe -gui_launcher_event rodinguilauncherevent24440 C:\Users\tharu\Downloads\NanoProcessor\NanoProcessor.xpr
# Log file: C:/Users/tharu/Downloads/NanoProcessor/vivado.log
# Journal file: C:/Users/tharu/Downloads/NanoProcessor\vivado.jou
#-----------------------------------------------------------
start_gui
open_project C:/Users/tharu/Downloads/NanoProcessor/NanoProcessor.xpr
Scanning sources...
Finished scanning sources
INFO: [IP_Flow 19-234] Refreshing IP repositories
INFO: [IP_Flow 19-1704] No user IP repositories specified
INFO: [IP_Flow 19-2313] Loaded Vivado IP repository 'C:/Xilinx/Vivado/2018.1/data/ip'.
open_project: Time (s): cpu = 00:00:07 ; elapsed = 00:00:06 . Memory (MB): peak = 908.059 ; gain = 158.777
update_compile_order -fileset sources_1
launch_simulation
INFO: [Vivado 12-5682] Launching behavioral simulation in 'C:/Users/tharu/Downloads/NanoProcessor/NanoProcessor.sim/sim_1/behav/xsim'
INFO: [SIM-utils-51] Simulation object is 'sim_1'
INFO: [SIM-utils-54] Inspecting design source files for 'TB_Nano_Processor' in fileset 'sim_1'...
INFO: [USF-XSim-97] Finding global include files...
INFO: [USF-XSim-98] Fetching design files from 'sim_1'...
INFO: [USF-XSim-2] XSim::Compile design
INFO: [USF-XSim-61] Executing 'COMPILE and ANALYZE' step in 'C:/Users/tharu/Downloads/NanoProcessor/NanoProcessor.sim/sim_1/behav/xsim'
"xvhdl --incr --relax -prj TB_Nano_Processor_vhdl.prj"
INFO: [USF-XSim-69] 'compile' step finished in '1' seconds
INFO: [USF-XSim-3] XSim::Elaborate design
INFO: [USF-XSim-61] Executing 'ELABORATE' step in 'C:/Users/tharu/Downloads/NanoProcessor/NanoProcessor.sim/sim_1/behav/xsim'
Vivado Simulator 2018.1
Copyright 1986-1999, 2001-2017 Xilinx, Inc. All Rights Reserved.
Running: C:/Xilinx/Vivado/2018.1/bin/unwrapped/win64.o/xelab.exe -wto 3b42629a60ae419aa809fb02febf097d --incr --debug typical --relax --mt 2 -L xil_defaultlib -L secureip --snapshot TB_Nano_Processor_behav xil_defaultlib.TB_Nano_Processor -log elaborate.log 
Using 2 slave threads.
Starting static elaboration
Completed static elaboration
INFO: [XSIM 43-4323] No Change in HDL. Linking previously generated obj files to create kernel
INFO: [USF-XSim-69] 'elaborate' step finished in '1' seconds
INFO: [USF-XSim-4] XSim::Simulate design
INFO: [USF-XSim-61] Executing 'SIMULATE' step in 'C:/Users/tharu/Downloads/NanoProcessor/NanoProcessor.sim/sim_1/behav/xsim'
INFO: [USF-XSim-98] *** Running xsim
   with args "TB_Nano_Processor_behav -key {Behavioral:sim_1:Functional:TB_Nano_Processor} -tclbatch {TB_Nano_Processor.tcl} -view {C:/Users/tharu/Downloads/NanoProcessor/TB_Nano_Processor_behav.wcfg} -log {simulate.log}"
INFO: [USF-XSim-8] Loading simulator feature
Vivado Simulator 2018.1
Time resolution is 1 ps
open_wave_config C:/Users/tharu/Downloads/NanoProcessor/TB_Nano_Processor_behav.wcfg
WARNING: Simulation object /TB_Nano_Processor/temp was not found in the design.
source TB_Nano_Processor.tcl
# set curr_wave [current_wave_config]
# if { [string length $curr_wave] == 0 } {
#   if { [llength [get_objects]] > 0} {
#     add_wave /
#     set_property needs_save false [current_wave_config]
#   } else {
#      send_msg_id Add_Wave-1 WARNING "No top level signals found. Simulator will start without a wave window. If you want to open a wave window go to 'File->New Waveform Configuration' or type 'create_wave_config' in the TCL console."
#   }
# }
# run 1000ns
INFO: [USF-XSim-96] XSim completed. Design snapshot 'TB_Nano_Processor_behav' loaded.
INFO: [USF-XSim-97] XSim simulation ran for 1000ns
launch_simulation: Time (s): cpu = 00:00:03 ; elapsed = 00:00:05 . Memory (MB): peak = 920.914 ; gain = 0.000
reset_run synth_1
WARNING: [Vivado 12-1017] Problems encountered:
1. Failed to delete one or more files in run directory C:/Users/tharu/Downloads/NanoProcessor/NanoProcessor.runs/synth_1

launch_runs synth_1 -jobs 4
[Wed Apr 24 15:38:14 2024] Launched synth_1...
Run output will be captured here: C:/Users/tharu/Downloads/NanoProcessor/NanoProcessor.runs/synth_1/runme.log
close_sim
INFO: [Simtcl 6-16] Simulation closed
launch_simulation
INFO: [Vivado 12-5682] Launching behavioral simulation in 'C:/Users/tharu/Downloads/NanoProcessor/NanoProcessor.sim/sim_1/behav/xsim'
INFO: [SIM-utils-51] Simulation object is 'sim_1'
INFO: [SIM-utils-54] Inspecting design source files for 'TB_Nano_Processor' in fileset 'sim_1'...
INFO: [USF-XSim-97] Finding global include files...
INFO: [USF-XSim-98] Fetching design files from 'sim_1'...
INFO: [USF-XSim-2] XSim::Compile design
INFO: [USF-XSim-61] Executing 'COMPILE and ANALYZE' step in 'C:/Users/tharu/Downloads/NanoProcessor/NanoProcessor.sim/sim_1/behav/xsim'
"xvhdl --incr --relax -prj TB_Nano_Processor_vhdl.prj"
INFO: [VRFC 10-163] Analyzing VHDL file "C:/Users/tharu/Downloads/NanoProcessor/NanoProcessor.srcs/sources_1/new/Tri_State_Buffer_3_bit.vhd" into library xil_defaultlib
INFO: [VRFC 10-307] analyzing entity Tri_State_Buffer_3_bit
INFO: [VRFC 10-163] Analyzing VHDL file "C:/Users/tharu/Downloads/NanoProcessor/NanoProcessor.srcs/sources_1/new/Tri_State_Buffer_4_bit.vhd" into library xil_defaultlib
INFO: [VRFC 10-307] analyzing entity Tri_State_Buffer_4_bit
INFO: [USF-XSim-69] 'compile' step finished in '1' seconds
INFO: [USF-XSim-3] XSim::Elaborate design
INFO: [USF-XSim-61] Executing 'ELABORATE' step in 'C:/Users/tharu/Downloads/NanoProcessor/NanoProcessor.sim/sim_1/behav/xsim'
Vivado Simulator 2018.1
Copyright 1986-1999, 2001-2017 Xilinx, Inc. All Rights Reserved.
Running: C:/Xilinx/Vivado/2018.1/bin/unwrapped/win64.o/xelab.exe -wto 3b42629a60ae419aa809fb02febf097d --incr --debug typical --relax --mt 2 -L xil_defaultlib -L secureip --snapshot TB_Nano_Processor_behav xil_defaultlib.TB_Nano_Processor -log elaborate.log 
Using 2 slave threads.
Starting static elaboration
Completed static elaboration
Starting simulation data flow analysis
Completed simulation data flow analysis
Time Resolution for simulation is 1ps
Compiling package std.standard
Compiling package std.textio
Compiling package ieee.std_logic_1164
Compiling package ieee.numeric_std
Compiling architecture behavioral of entity xil_defaultlib.Slow_Clk [slow_clk_default]
Compiling architecture behavioral of entity xil_defaultlib.HA [ha_default]
Compiling architecture behavioral of entity xil_defaultlib.FA [fa_default]
Compiling architecture behavioral of entity xil_defaultlib.Adder_3_Bit [adder_3_bit_default]
Compiling architecture behavioral of entity xil_defaultlib.D_FF [d_ff_default]
Compiling architecture behavioral of entity xil_defaultlib.Program_Counter [program_counter_default]
Compiling architecture behavioral of entity xil_defaultlib.Adder_Subtractor_4_bit [adder_subtractor_4_bit_default]
Compiling architecture behavioral of entity xil_defaultlib.Tri_State_Buffer_4_bit [tri_state_buffer_4_bit_default]
Compiling architecture behavioral of entity xil_defaultlib.MUX_8_way_4_bit [mux_8_way_4_bit_default]
Compiling architecture behavioral of entity xil_defaultlib.Decoder_2_to_4 [decoder_2_to_4_default]
Compiling architecture behavioral of entity xil_defaultlib.Decoder_3_to_8 [decoder_3_to_8_default]
Compiling architecture behavioral of entity xil_defaultlib.Reg [reg_default]
Compiling architecture behavioral of entity xil_defaultlib.Register_Bank [register_bank_default]
Compiling architecture behavioral of entity xil_defaultlib.Tri_State_Buffer_3_bit [tri_state_buffer_3_bit_default]
Compiling architecture behavioral of entity xil_defaultlib.MUX_2_way_3_bit [mux_2_way_3_bit_default]
Compiling architecture behavioral of entity xil_defaultlib.MUX_2_way_4_bit [mux_2_way_4_bit_default]
Compiling architecture behavioral of entity xil_defaultlib.Instruction_Decoder [instruction_decoder_default]
Compiling architecture behavioral of entity xil_defaultlib.Program_ROM [program_rom_default]
Compiling architecture behavioral of entity xil_defaultlib.Seven_Segment_Display [seven_segment_display_default]
Compiling architecture behavioral of entity xil_defaultlib.Nano_Processor [nano_processor_default]
Compiling architecture behavioral of entity xil_defaultlib.tb_nano_processor
Built simulation snapshot TB_Nano_Processor_behav
INFO: [USF-XSim-69] 'elaborate' step finished in '1' seconds
INFO: [USF-XSim-4] XSim::Simulate design
INFO: [USF-XSim-61] Executing 'SIMULATE' step in 'C:/Users/tharu/Downloads/NanoProcessor/NanoProcessor.sim/sim_1/behav/xsim'
INFO: [USF-XSim-98] *** Running xsim
   with args "TB_Nano_Processor_behav -key {Behavioral:sim_1:Functional:TB_Nano_Processor} -tclbatch {TB_Nano_Processor.tcl} -view {C:/Users/tharu/Downloads/NanoProcessor/TB_Nano_Processor_behav.wcfg} -log {simulate.log}"
INFO: [USF-XSim-8] Loading simulator feature
Vivado Simulator 2018.1
Time resolution is 1 ps
open_wave_config C:/Users/tharu/Downloads/NanoProcessor/TB_Nano_Processor_behav.wcfg
WARNING: Simulation object /TB_Nano_Processor/temp was not found in the design.
source TB_Nano_Processor.tcl
# set curr_wave [current_wave_config]
# if { [string length $curr_wave] == 0 } {
#   if { [llength [get_objects]] > 0} {
#     add_wave /
#     set_property needs_save false [current_wave_config]
#   } else {
#      send_msg_id Add_Wave-1 WARNING "No top level signals found. Simulator will start without a wave window. If you want to open a wave window go to 'File->New Waveform Configuration' or type 'create_wave_config' in the TCL console."
#   }
# }
# run 1000ns
INFO: [USF-XSim-96] XSim completed. Design snapshot 'TB_Nano_Processor_behav' loaded.
INFO: [USF-XSim-97] XSim simulation ran for 1000ns
close_sim
INFO: [Simtcl 6-16] Simulation closed
launch_simulation
INFO: [Vivado 12-5682] Launching behavioral simulation in 'C:/Users/tharu/Downloads/NanoProcessor/NanoProcessor.sim/sim_1/behav/xsim'
INFO: [SIM-utils-51] Simulation object is 'sim_1'
INFO: [SIM-utils-54] Inspecting design source files for 'TB_Nano_Processor' in fileset 'sim_1'...
INFO: [USF-XSim-97] Finding global include files...
INFO: [USF-XSim-98] Fetching design files from 'sim_1'...
INFO: [USF-XSim-2] XSim::Compile design
INFO: [USF-XSim-61] Executing 'COMPILE and ANALYZE' step in 'C:/Users/tharu/Downloads/NanoProcessor/NanoProcessor.sim/sim_1/behav/xsim'
"xvhdl --incr --relax -prj TB_Nano_Processor_vhdl.prj"
INFO: [VRFC 10-163] Analyzing VHDL file "C:/Users/tharu/Downloads/NanoProcessor/NanoProcessor.srcs/sources_1/new/Slow_Clk.vhd" into library xil_defaultlib
INFO: [VRFC 10-307] analyzing entity Slow_Clk
INFO: [USF-XSim-69] 'compile' step finished in '1' seconds
INFO: [USF-XSim-3] XSim::Elaborate design
INFO: [USF-XSim-61] Executing 'ELABORATE' step in 'C:/Users/tharu/Downloads/NanoProcessor/NanoProcessor.sim/sim_1/behav/xsim'
Vivado Simulator 2018.1
Copyright 1986-1999, 2001-2017 Xilinx, Inc. All Rights Reserved.
Running: C:/Xilinx/Vivado/2018.1/bin/unwrapped/win64.o/xelab.exe -wto 3b42629a60ae419aa809fb02febf097d --incr --debug typical --relax --mt 2 -L xil_defaultlib -L secureip --snapshot TB_Nano_Processor_behav xil_defaultlib.TB_Nano_Processor -log elaborate.log 
Using 2 slave threads.
Starting static elaboration
Completed static elaboration
Starting simulation data flow analysis
Completed simulation data flow analysis
Time Resolution for simulation is 1ps
Compiling package std.standard
Compiling package std.textio
Compiling package ieee.std_logic_1164
Compiling package ieee.numeric_std
Compiling architecture behavioral of entity xil_defaultlib.Slow_Clk [slow_clk_default]
Compiling architecture behavioral of entity xil_defaultlib.HA [ha_default]
Compiling architecture behavioral of entity xil_defaultlib.FA [fa_default]
Compiling architecture behavioral of entity xil_defaultlib.Adder_3_Bit [adder_3_bit_default]
Compiling architecture behavioral of entity xil_defaultlib.D_FF [d_ff_default]
Compiling architecture behavioral of entity xil_defaultlib.Program_Counter [program_counter_default]
Compiling architecture behavioral of entity xil_defaultlib.Adder_Subtractor_4_bit [adder_subtractor_4_bit_default]
Compiling architecture behavioral of entity xil_defaultlib.Tri_State_Buffer_4_bit [tri_state_buffer_4_bit_default]
Compiling architecture behavioral of entity xil_defaultlib.MUX_8_way_4_bit [mux_8_way_4_bit_default]
Compiling architecture behavioral of entity xil_defaultlib.Decoder_2_to_4 [decoder_2_to_4_default]
Compiling architecture behavioral of entity xil_defaultlib.Decoder_3_to_8 [decoder_3_to_8_default]
Compiling architecture behavioral of entity xil_defaultlib.Reg [reg_default]
Compiling architecture behavioral of entity xil_defaultlib.Register_Bank [register_bank_default]
Compiling architecture behavioral of entity xil_defaultlib.Tri_State_Buffer_3_bit [tri_state_buffer_3_bit_default]
Compiling architecture behavioral of entity xil_defaultlib.MUX_2_way_3_bit [mux_2_way_3_bit_default]
Compiling architecture behavioral of entity xil_defaultlib.MUX_2_way_4_bit [mux_2_way_4_bit_default]
Compiling architecture behavioral of entity xil_defaultlib.Instruction_Decoder [instruction_decoder_default]
Compiling architecture behavioral of entity xil_defaultlib.Program_ROM [program_rom_default]
Compiling architecture behavioral of entity xil_defaultlib.Seven_Segment_Display [seven_segment_display_default]
Compiling architecture behavioral of entity xil_defaultlib.Nano_Processor [nano_processor_default]
Compiling architecture behavioral of entity xil_defaultlib.tb_nano_processor
Built simulation snapshot TB_Nano_Processor_behav
INFO: [USF-XSim-69] 'elaborate' step finished in '1' seconds
INFO: [USF-XSim-4] XSim::Simulate design
INFO: [USF-XSim-61] Executing 'SIMULATE' step in 'C:/Users/tharu/Downloads/NanoProcessor/NanoProcessor.sim/sim_1/behav/xsim'
INFO: [USF-XSim-98] *** Running xsim
   with args "TB_Nano_Processor_behav -key {Behavioral:sim_1:Functional:TB_Nano_Processor} -tclbatch {TB_Nano_Processor.tcl} -view {C:/Users/tharu/Downloads/NanoProcessor/TB_Nano_Processor_behav.wcfg} -log {simulate.log}"
INFO: [USF-XSim-8] Loading simulator feature
Vivado Simulator 2018.1
Time resolution is 1 ps
open_wave_config C:/Users/tharu/Downloads/NanoProcessor/TB_Nano_Processor_behav.wcfg
WARNING: Simulation object /TB_Nano_Processor/temp was not found in the design.
source TB_Nano_Processor.tcl
# set curr_wave [current_wave_config]
# if { [string length $curr_wave] == 0 } {
#   if { [llength [get_objects]] > 0} {
#     add_wave /
#     set_property needs_save false [current_wave_config]
#   } else {
#      send_msg_id Add_Wave-1 WARNING "No top level signals found. Simulator will start without a wave window. If you want to open a wave window go to 'File->New Waveform Configuration' or type 'create_wave_config' in the TCL console."
#   }
# }
# run 1000ns
INFO: [USF-XSim-96] XSim completed. Design snapshot 'TB_Nano_Processor_behav' loaded.
INFO: [USF-XSim-97] XSim simulation ran for 1000ns
launch_simulation: Time (s): cpu = 00:00:02 ; elapsed = 00:00:07 . Memory (MB): peak = 973.426 ; gain = 0.000
close_sim
INFO: [Simtcl 6-16] Simulation closed
launch_simulation
INFO: [Vivado 12-5682] Launching behavioral simulation in 'C:/Users/tharu/Downloads/NanoProcessor/NanoProcessor.sim/sim_1/behav/xsim'
INFO: [SIM-utils-51] Simulation object is 'sim_1'
INFO: [SIM-utils-54] Inspecting design source files for 'TB_Nano_Processor' in fileset 'sim_1'...
INFO: [USF-XSim-97] Finding global include files...
INFO: [USF-XSim-98] Fetching design files from 'sim_1'...
INFO: [USF-XSim-2] XSim::Compile design
INFO: [USF-XSim-61] Executing 'COMPILE and ANALYZE' step in 'C:/Users/tharu/Downloads/NanoProcessor/NanoProcessor.sim/sim_1/behav/xsim'
"xvhdl --incr --relax -prj TB_Nano_Processor_vhdl.prj"
INFO: [VRFC 10-163] Analyzing VHDL file "C:/Users/tharu/Downloads/NanoProcessor/NanoProcessor.srcs/sources_1/new/Slow_Clk.vhd" into library xil_defaultlib
INFO: [VRFC 10-307] analyzing entity Slow_Clk
INFO: [USF-XSim-69] 'compile' step finished in '1' seconds
INFO: [USF-XSim-3] XSim::Elaborate design
INFO: [USF-XSim-61] Executing 'ELABORATE' step in 'C:/Users/tharu/Downloads/NanoProcessor/NanoProcessor.sim/sim_1/behav/xsim'
Vivado Simulator 2018.1
Copyright 1986-1999, 2001-2017 Xilinx, Inc. All Rights Reserved.
Running: C:/Xilinx/Vivado/2018.1/bin/unwrapped/win64.o/xelab.exe -wto 3b42629a60ae419aa809fb02febf097d --incr --debug typical --relax --mt 2 -L xil_defaultlib -L secureip --snapshot TB_Nano_Processor_behav xil_defaultlib.TB_Nano_Processor -log elaborate.log 
Using 2 slave threads.
Starting static elaboration
Completed static elaboration
Starting simulation data flow analysis
Completed simulation data flow analysis
Time Resolution for simulation is 1ps
Compiling package std.standard
Compiling package std.textio
Compiling package ieee.std_logic_1164
Compiling package ieee.numeric_std
Compiling architecture behavioral of entity xil_defaultlib.Slow_Clk [slow_clk_default]
Compiling architecture behavioral of entity xil_defaultlib.HA [ha_default]
Compiling architecture behavioral of entity xil_defaultlib.FA [fa_default]
Compiling architecture behavioral of entity xil_defaultlib.Adder_3_Bit [adder_3_bit_default]
Compiling architecture behavioral of entity xil_defaultlib.D_FF [d_ff_default]
Compiling architecture behavioral of entity xil_defaultlib.Program_Counter [program_counter_default]
Compiling architecture behavioral of entity xil_defaultlib.Adder_Subtractor_4_bit [adder_subtractor_4_bit_default]
Compiling architecture behavioral of entity xil_defaultlib.Tri_State_Buffer_4_bit [tri_state_buffer_4_bit_default]
Compiling architecture behavioral of entity xil_defaultlib.MUX_8_way_4_bit [mux_8_way_4_bit_default]
Compiling architecture behavioral of entity xil_defaultlib.Decoder_2_to_4 [decoder_2_to_4_default]
Compiling architecture behavioral of entity xil_defaultlib.Decoder_3_to_8 [decoder_3_to_8_default]
Compiling architecture behavioral of entity xil_defaultlib.Reg [reg_default]
Compiling architecture behavioral of entity xil_defaultlib.Register_Bank [register_bank_default]
Compiling architecture behavioral of entity xil_defaultlib.Tri_State_Buffer_3_bit [tri_state_buffer_3_bit_default]
Compiling architecture behavioral of entity xil_defaultlib.MUX_2_way_3_bit [mux_2_way_3_bit_default]
Compiling architecture behavioral of entity xil_defaultlib.MUX_2_way_4_bit [mux_2_way_4_bit_default]
Compiling architecture behavioral of entity xil_defaultlib.Instruction_Decoder [instruction_decoder_default]
Compiling architecture behavioral of entity xil_defaultlib.Program_ROM [program_rom_default]
Compiling architecture behavioral of entity xil_defaultlib.Seven_Segment_Display [seven_segment_display_default]
Compiling architecture behavioral of entity xil_defaultlib.Nano_Processor [nano_processor_default]
Compiling architecture behavioral of entity xil_defaultlib.tb_nano_processor
Built simulation snapshot TB_Nano_Processor_behav
INFO: [USF-XSim-69] 'elaborate' step finished in '1' seconds
INFO: [USF-XSim-4] XSim::Simulate design
INFO: [USF-XSim-61] Executing 'SIMULATE' step in 'C:/Users/tharu/Downloads/NanoProcessor/NanoProcessor.sim/sim_1/behav/xsim'
INFO: [USF-XSim-98] *** Running xsim
   with args "TB_Nano_Processor_behav -key {Behavioral:sim_1:Functional:TB_Nano_Processor} -tclbatch {TB_Nano_Processor.tcl} -view {C:/Users/tharu/Downloads/NanoProcessor/TB_Nano_Processor_behav.wcfg} -log {simulate.log}"
INFO: [USF-XSim-8] Loading simulator feature
Vivado Simulator 2018.1
Time resolution is 1 ps
open_wave_config C:/Users/tharu/Downloads/NanoProcessor/TB_Nano_Processor_behav.wcfg
WARNING: Simulation object /TB_Nano_Processor/temp was not found in the design.
source TB_Nano_Processor.tcl
# set curr_wave [current_wave_config]
# if { [string length $curr_wave] == 0 } {
#   if { [llength [get_objects]] > 0} {
#     add_wave /
#     set_property needs_save false [current_wave_config]
#   } else {
#      send_msg_id Add_Wave-1 WARNING "No top level signals found. Simulator will start without a wave window. If you want to open a wave window go to 'File->New Waveform Configuration' or type 'create_wave_config' in the TCL console."
#   }
# }
# run 1000ns
INFO: [USF-XSim-96] XSim completed. Design snapshot 'TB_Nano_Processor_behav' loaded.
INFO: [USF-XSim-97] XSim simulation ran for 1000ns
launch_simulation: Time (s): cpu = 00:00:01 ; elapsed = 00:00:06 . Memory (MB): peak = 973.426 ; gain = 0.000
close_sim
INFO: [Simtcl 6-16] Simulation closed
launch_simulation
INFO: [Vivado 12-5682] Launching behavioral simulation in 'C:/Users/tharu/Downloads/NanoProcessor/NanoProcessor.sim/sim_1/behav/xsim'
INFO: [SIM-utils-51] Simulation object is 'sim_1'
INFO: [SIM-utils-54] Inspecting design source files for 'TB_Nano_Processor' in fileset 'sim_1'...
INFO: [USF-XSim-97] Finding global include files...
INFO: [USF-XSim-98] Fetching design files from 'sim_1'...
INFO: [USF-XSim-2] XSim::Compile design
INFO: [USF-XSim-61] Executing 'COMPILE and ANALYZE' step in 'C:/Users/tharu/Downloads/NanoProcessor/NanoProcessor.sim/sim_1/behav/xsim'
"xvhdl --incr --relax -prj TB_Nano_Processor_vhdl.prj"
INFO: [VRFC 10-163] Analyzing VHDL file "C:/Users/tharu/Downloads/NanoProcessor/NanoProcessor.srcs/sources_1/new/Slow_Clk.vhd" into library xil_defaultlib
INFO: [VRFC 10-307] analyzing entity Slow_Clk
INFO: [USF-XSim-69] 'compile' step finished in '1' seconds
INFO: [USF-XSim-3] XSim::Elaborate design
INFO: [USF-XSim-61] Executing 'ELABORATE' step in 'C:/Users/tharu/Downloads/NanoProcessor/NanoProcessor.sim/sim_1/behav/xsim'
Vivado Simulator 2018.1
Copyright 1986-1999, 2001-2017 Xilinx, Inc. All Rights Reserved.
Running: C:/Xilinx/Vivado/2018.1/bin/unwrapped/win64.o/xelab.exe -wto 3b42629a60ae419aa809fb02febf097d --incr --debug typical --relax --mt 2 -L xil_defaultlib -L secureip --snapshot TB_Nano_Processor_behav xil_defaultlib.TB_Nano_Processor -log elaborate.log 
Using 2 slave threads.
Starting static elaboration
Completed static elaboration
Starting simulation data flow analysis
Completed simulation data flow analysis
Time Resolution for simulation is 1ps
Compiling package std.standard
Compiling package std.textio
Compiling package ieee.std_logic_1164
Compiling package ieee.numeric_std
Compiling architecture behavioral of entity xil_defaultlib.Slow_Clk [slow_clk_default]
Compiling architecture behavioral of entity xil_defaultlib.HA [ha_default]
Compiling architecture behavioral of entity xil_defaultlib.FA [fa_default]
Compiling architecture behavioral of entity xil_defaultlib.Adder_3_Bit [adder_3_bit_default]
Compiling architecture behavioral of entity xil_defaultlib.D_FF [d_ff_default]
Compiling architecture behavioral of entity xil_defaultlib.Program_Counter [program_counter_default]
Compiling architecture behavioral of entity xil_defaultlib.Adder_Subtractor_4_bit [adder_subtractor_4_bit_default]
Compiling architecture behavioral of entity xil_defaultlib.Tri_State_Buffer_4_bit [tri_state_buffer_4_bit_default]
Compiling architecture behavioral of entity xil_defaultlib.MUX_8_way_4_bit [mux_8_way_4_bit_default]
Compiling architecture behavioral of entity xil_defaultlib.Decoder_2_to_4 [decoder_2_to_4_default]
Compiling architecture behavioral of entity xil_defaultlib.Decoder_3_to_8 [decoder_3_to_8_default]
Compiling architecture behavioral of entity xil_defaultlib.Reg [reg_default]
Compiling architecture behavioral of entity xil_defaultlib.Register_Bank [register_bank_default]
Compiling architecture behavioral of entity xil_defaultlib.Tri_State_Buffer_3_bit [tri_state_buffer_3_bit_default]
Compiling architecture behavioral of entity xil_defaultlib.MUX_2_way_3_bit [mux_2_way_3_bit_default]
Compiling architecture behavioral of entity xil_defaultlib.MUX_2_way_4_bit [mux_2_way_4_bit_default]
Compiling architecture behavioral of entity xil_defaultlib.Instruction_Decoder [instruction_decoder_default]
Compiling architecture behavioral of entity xil_defaultlib.Program_ROM [program_rom_default]
Compiling architecture behavioral of entity xil_defaultlib.Seven_Segment_Display [seven_segment_display_default]
Compiling architecture behavioral of entity xil_defaultlib.Nano_Processor [nano_processor_default]
Compiling architecture behavioral of entity xil_defaultlib.tb_nano_processor
Built simulation snapshot TB_Nano_Processor_behav
INFO: [USF-XSim-69] 'elaborate' step finished in '1' seconds
INFO: [USF-XSim-4] XSim::Simulate design
INFO: [USF-XSim-61] Executing 'SIMULATE' step in 'C:/Users/tharu/Downloads/NanoProcessor/NanoProcessor.sim/sim_1/behav/xsim'
INFO: [USF-XSim-98] *** Running xsim
   with args "TB_Nano_Processor_behav -key {Behavioral:sim_1:Functional:TB_Nano_Processor} -tclbatch {TB_Nano_Processor.tcl} -view {C:/Users/tharu/Downloads/NanoProcessor/TB_Nano_Processor_behav.wcfg} -log {simulate.log}"
INFO: [USF-XSim-8] Loading simulator feature
Vivado Simulator 2018.1
Time resolution is 1 ps
open_wave_config C:/Users/tharu/Downloads/NanoProcessor/TB_Nano_Processor_behav.wcfg
WARNING: Simulation object /TB_Nano_Processor/temp was not found in the design.
source TB_Nano_Processor.tcl
# set curr_wave [current_wave_config]
# if { [string length $curr_wave] == 0 } {
#   if { [llength [get_objects]] > 0} {
#     add_wave /
#     set_property needs_save false [current_wave_config]
#   } else {
#      send_msg_id Add_Wave-1 WARNING "No top level signals found. Simulator will start without a wave window. If you want to open a wave window go to 'File->New Waveform Configuration' or type 'create_wave_config' in the TCL console."
#   }
# }
# run 1000ns
INFO: [USF-XSim-96] XSim completed. Design snapshot 'TB_Nano_Processor_behav' loaded.
INFO: [USF-XSim-97] XSim simulation ran for 1000ns
launch_simulation: Time (s): cpu = 00:00:02 ; elapsed = 00:00:06 . Memory (MB): peak = 977.020 ; gain = 2.949
close_sim
INFO: [Simtcl 6-16] Simulation closed
close_sim: Time (s): cpu = 00:00:01 ; elapsed = 00:00:11 . Memory (MB): peak = 980.688 ; gain = 0.000
exit
INFO: [Common 17-206] Exiting Vivado at Wed Apr 24 16:09:43 2024...
