#-----------------------------------------------------------
# Vivado v2018.1 (64-bit)
# SW Build 2188600 on Wed Apr  4 18:40:38 MDT 2018
# IP Build 2185939 on Wed Apr  4 20:55:05 MDT 2018
# Start of session at: Sat May  4 16:47:17 2024
# Process ID: 27520
# Current directory: C:/Users/tharu/Vivado Projects/Nano Processor/NanoProcessor - Additional Features/NanoProcessor
# Command line: vivado.exe -gui_launcher_event rodinguilauncherevent23724 C:\Users\tharu\Vivado Projects\Nano Processor\NanoProcessor - Additional Features\NanoProcessor\NanoProcessor.xpr
# Log file: C:/Users/tharu/Vivado Projects/Nano Processor/NanoProcessor - Additional Features/NanoProcessor/vivado.log
# Journal file: C:/Users/tharu/Vivado Projects/Nano Processor/NanoProcessor - Additional Features/NanoProcessor\vivado.jou
#-----------------------------------------------------------
start_gui
open_project {C:/Users/tharu/Vivado Projects/Nano Processor/NanoProcessor - Additional Features/NanoProcessor/NanoProcessor.xpr}
INFO: [ProjectBase 1-489] The host OS only allows 260 characters in a normal path. The project is stored in a path with more than 80 characters. If you experience issues with IP, Block Designs, or files not being found, please consider moving the project to a location with a shorter path. Alternately consider using the OS subst command to map part of the path to a drive letter.
Current project path is 'C:/Users/tharu/Vivado Projects/Nano Processor/NanoProcessor - Additional Features/NanoProcessor'
INFO: [Project 1-313] Project file moved from 'C:/Users/tharu/Downloads/NanoProcessor - Additional Features/NanoProcessor' since last save.
Scanning sources...
Finished scanning sources
INFO: [IP_Flow 19-234] Refreshing IP repositories
INFO: [IP_Flow 19-1704] No user IP repositories specified
INFO: [IP_Flow 19-2313] Loaded Vivado IP repository 'C:/Xilinx/Vivado/2018.1/data/ip'.
open_project: Time (s): cpu = 00:00:06 ; elapsed = 00:00:09 . Memory (MB): peak = 905.441 ; gain = 158.805
update_compile_order -fileset sources_1
synth_design -rtl -name rtl_1
Command: synth_design -rtl -name rtl_1
Starting synth_design
Using part: xc7a35tcpg236-1
Top: Nano_Processor
---------------------------------------------------------------------------------
Starting RTL Elaboration : Time (s): cpu = 00:00:04 ; elapsed = 00:00:06 . Memory (MB): peak = 979.945 ; gain = 70.336
---------------------------------------------------------------------------------
INFO: [Synth 8-638] synthesizing module 'Nano_Processor' [C:/Users/tharu/Vivado Projects/Nano Processor/NanoProcessor - Additional Features/NanoProcessor/NanoProcessor.srcs/sources_1/new/Nano_Processor.vhd:40]
INFO: [Synth 8-3491] module 'Slow_Clk' declared at 'C:/Users/tharu/Vivado Projects/Nano Processor/NanoProcessor - Additional Features/NanoProcessor/NanoProcessor.srcs/sources_1/new/Slow_Clk.vhd:34' bound to instance 'Slow_Clk_0' of component 'Slow_Clk' [C:/Users/tharu/Vivado Projects/Nano Processor/NanoProcessor - Additional Features/NanoProcessor/NanoProcessor.srcs/sources_1/new/Nano_Processor.vhd:176]
INFO: [Synth 8-638] synthesizing module 'Slow_Clk' [C:/Users/tharu/Vivado Projects/Nano Processor/NanoProcessor - Additional Features/NanoProcessor/NanoProcessor.srcs/sources_1/new/Slow_Clk.vhd:39]
INFO: [Synth 8-256] done synthesizing module 'Slow_Clk' (1#1) [C:/Users/tharu/Vivado Projects/Nano Processor/NanoProcessor - Additional Features/NanoProcessor/NanoProcessor.srcs/sources_1/new/Slow_Clk.vhd:39]
INFO: [Synth 8-3491] module 'Adder_3_Bit' declared at 'C:/Users/tharu/Vivado Projects/Nano Processor/NanoProcessor - Additional Features/NanoProcessor/NanoProcessor.srcs/sources_1/new/Adder_3_bit.vhd:34' bound to instance 'Adder_3_bit_0' of component 'Adder_3_Bit' [C:/Users/tharu/Vivado Projects/Nano Processor/NanoProcessor - Additional Features/NanoProcessor/NanoProcessor.srcs/sources_1/new/Nano_Processor.vhd:181]
INFO: [Synth 8-638] synthesizing module 'Adder_3_Bit' [C:/Users/tharu/Vivado Projects/Nano Processor/NanoProcessor - Additional Features/NanoProcessor/NanoProcessor.srcs/sources_1/new/Adder_3_bit.vhd:40]
INFO: [Synth 8-3491] module 'FA' declared at 'C:/Users/tharu/Vivado Projects/Nano Processor/NanoProcessor - Additional Features/NanoProcessor/NanoProcessor.srcs/sources_1/new/FA.vhd:34' bound to instance 'FA_0' of component 'FA' [C:/Users/tharu/Vivado Projects/Nano Processor/NanoProcessor - Additional Features/NanoProcessor/NanoProcessor.srcs/sources_1/new/Adder_3_bit.vhd:53]
INFO: [Synth 8-638] synthesizing module 'FA' [C:/Users/tharu/Vivado Projects/Nano Processor/NanoProcessor - Additional Features/NanoProcessor/NanoProcessor.srcs/sources_1/new/FA.vhd:42]
INFO: [Synth 8-3491] module 'HA' declared at 'C:/Users/tharu/Vivado Projects/Nano Processor/NanoProcessor - Additional Features/NanoProcessor/NanoProcessor.srcs/sources_1/new/HA.vhd:34' bound to instance 'HA_0' of component 'HA' [C:/Users/tharu/Vivado Projects/Nano Processor/NanoProcessor - Additional Features/NanoProcessor/NanoProcessor.srcs/sources_1/new/FA.vhd:54]
INFO: [Synth 8-638] synthesizing module 'HA' [C:/Users/tharu/Vivado Projects/Nano Processor/NanoProcessor - Additional Features/NanoProcessor/NanoProcessor.srcs/sources_1/new/HA.vhd:41]
INFO: [Synth 8-256] done synthesizing module 'HA' (2#1) [C:/Users/tharu/Vivado Projects/Nano Processor/NanoProcessor - Additional Features/NanoProcessor/NanoProcessor.srcs/sources_1/new/HA.vhd:41]
INFO: [Synth 8-3491] module 'HA' declared at 'C:/Users/tharu/Vivado Projects/Nano Processor/NanoProcessor - Additional Features/NanoProcessor/NanoProcessor.srcs/sources_1/new/HA.vhd:34' bound to instance 'HA_1' of component 'HA' [C:/Users/tharu/Vivado Projects/Nano Processor/NanoProcessor - Additional Features/NanoProcessor/NanoProcessor.srcs/sources_1/new/FA.vhd:60]
INFO: [Synth 8-256] done synthesizing module 'FA' (3#1) [C:/Users/tharu/Vivado Projects/Nano Processor/NanoProcessor - Additional Features/NanoProcessor/NanoProcessor.srcs/sources_1/new/FA.vhd:42]
INFO: [Synth 8-3491] module 'FA' declared at 'C:/Users/tharu/Vivado Projects/Nano Processor/NanoProcessor - Additional Features/NanoProcessor/NanoProcessor.srcs/sources_1/new/FA.vhd:34' bound to instance 'FA_1' of component 'FA' [C:/Users/tharu/Vivado Projects/Nano Processor/NanoProcessor - Additional Features/NanoProcessor/NanoProcessor.srcs/sources_1/new/Adder_3_bit.vhd:60]
INFO: [Synth 8-3491] module 'FA' declared at 'C:/Users/tharu/Vivado Projects/Nano Processor/NanoProcessor - Additional Features/NanoProcessor/NanoProcessor.srcs/sources_1/new/FA.vhd:34' bound to instance 'FA_2' of component 'FA' [C:/Users/tharu/Vivado Projects/Nano Processor/NanoProcessor - Additional Features/NanoProcessor/NanoProcessor.srcs/sources_1/new/Adder_3_bit.vhd:67]
INFO: [Synth 8-256] done synthesizing module 'Adder_3_Bit' (4#1) [C:/Users/tharu/Vivado Projects/Nano Processor/NanoProcessor - Additional Features/NanoProcessor/NanoProcessor.srcs/sources_1/new/Adder_3_bit.vhd:40]
INFO: [Synth 8-3491] module 'Program_Counter' declared at 'C:/Users/tharu/Vivado Projects/Nano Processor/NanoProcessor - Additional Features/NanoProcessor/NanoProcessor.srcs/sources_1/new/Program_Counter.vhd:25' bound to instance 'Program_Counter_0' of component 'Program_Counter' [C:/Users/tharu/Vivado Projects/Nano Processor/NanoProcessor - Additional Features/NanoProcessor/NanoProcessor.srcs/sources_1/new/Nano_Processor.vhd:187]
INFO: [Synth 8-638] synthesizing module 'Program_Counter' [C:/Users/tharu/Vivado Projects/Nano Processor/NanoProcessor - Additional Features/NanoProcessor/NanoProcessor.srcs/sources_1/new/Program_Counter.vhd:32]
INFO: [Synth 8-3491] module 'D_FF' declared at 'C:/Users/tharu/Vivado Projects/Nano Processor/NanoProcessor - Additional Features/NanoProcessor/NanoProcessor.srcs/sources_1/new/DD_FF.vhd:26' bound to instance 'D_FF0' of component 'D_FF' [C:/Users/tharu/Vivado Projects/Nano Processor/NanoProcessor - Additional Features/NanoProcessor/NanoProcessor.srcs/sources_1/new/Program_Counter.vhd:44]
INFO: [Synth 8-638] synthesizing module 'D_FF' [C:/Users/tharu/Vivado Projects/Nano Processor/NanoProcessor - Additional Features/NanoProcessor/NanoProcessor.srcs/sources_1/new/DD_FF.vhd:34]
INFO: [Synth 8-256] done synthesizing module 'D_FF' (5#1) [C:/Users/tharu/Vivado Projects/Nano Processor/NanoProcessor - Additional Features/NanoProcessor/NanoProcessor.srcs/sources_1/new/DD_FF.vhd:34]
INFO: [Synth 8-3491] module 'D_FF' declared at 'C:/Users/tharu/Vivado Projects/Nano Processor/NanoProcessor - Additional Features/NanoProcessor/NanoProcessor.srcs/sources_1/new/DD_FF.vhd:26' bound to instance 'D_FF1' of component 'D_FF' [C:/Users/tharu/Vivado Projects/Nano Processor/NanoProcessor - Additional Features/NanoProcessor/NanoProcessor.srcs/sources_1/new/Program_Counter.vhd:51]
INFO: [Synth 8-3491] module 'D_FF' declared at 'C:/Users/tharu/Vivado Projects/Nano Processor/NanoProcessor - Additional Features/NanoProcessor/NanoProcessor.srcs/sources_1/new/DD_FF.vhd:26' bound to instance 'D_FF2' of component 'D_FF' [C:/Users/tharu/Vivado Projects/Nano Processor/NanoProcessor - Additional Features/NanoProcessor/NanoProcessor.srcs/sources_1/new/Program_Counter.vhd:58]
INFO: [Synth 8-256] done synthesizing module 'Program_Counter' (6#1) [C:/Users/tharu/Vivado Projects/Nano Processor/NanoProcessor - Additional Features/NanoProcessor/NanoProcessor.srcs/sources_1/new/Program_Counter.vhd:32]
INFO: [Synth 8-3491] module 'Adder_Subtractor_4_bit' declared at 'C:/Users/tharu/Vivado Projects/Nano Processor/NanoProcessor - Additional Features/NanoProcessor/NanoProcessor.srcs/sources_1/new/Adder_Subtractor_4_bit.vhd:34' bound to instance 'Adder_Subtractor_4_bit_0' of component 'Adder_Subtractor_4_bit' [C:/Users/tharu/Vivado Projects/Nano Processor/NanoProcessor - Additional Features/NanoProcessor/NanoProcessor.srcs/sources_1/new/Nano_Processor.vhd:194]
INFO: [Synth 8-638] synthesizing module 'Adder_Subtractor_4_bit' [C:/Users/tharu/Vivado Projects/Nano Processor/NanoProcessor - Additional Features/NanoProcessor/NanoProcessor.srcs/sources_1/new/Adder_Subtractor_4_bit.vhd:43]
INFO: [Synth 8-3491] module 'FA' declared at 'C:/Users/tharu/Vivado Projects/Nano Processor/NanoProcessor - Additional Features/NanoProcessor/NanoProcessor.srcs/sources_1/new/FA.vhd:34' bound to instance 'FA_0' of component 'FA' [C:/Users/tharu/Vivado Projects/Nano Processor/NanoProcessor - Additional Features/NanoProcessor/NanoProcessor.srcs/sources_1/new/Adder_Subtractor_4_bit.vhd:57]
INFO: [Synth 8-3491] module 'FA' declared at 'C:/Users/tharu/Vivado Projects/Nano Processor/NanoProcessor - Additional Features/NanoProcessor/NanoProcessor.srcs/sources_1/new/FA.vhd:34' bound to instance 'FA_1' of component 'FA' [C:/Users/tharu/Vivado Projects/Nano Processor/NanoProcessor - Additional Features/NanoProcessor/NanoProcessor.srcs/sources_1/new/Adder_Subtractor_4_bit.vhd:64]
INFO: [Synth 8-3491] module 'FA' declared at 'C:/Users/tharu/Vivado Projects/Nano Processor/NanoProcessor - Additional Features/NanoProcessor/NanoProcessor.srcs/sources_1/new/FA.vhd:34' bound to instance 'FA_2' of component 'FA' [C:/Users/tharu/Vivado Projects/Nano Processor/NanoProcessor - Additional Features/NanoProcessor/NanoProcessor.srcs/sources_1/new/Adder_Subtractor_4_bit.vhd:71]
INFO: [Synth 8-3491] module 'FA' declared at 'C:/Users/tharu/Vivado Projects/Nano Processor/NanoProcessor - Additional Features/NanoProcessor/NanoProcessor.srcs/sources_1/new/FA.vhd:34' bound to instance 'FA_3' of component 'FA' [C:/Users/tharu/Vivado Projects/Nano Processor/NanoProcessor - Additional Features/NanoProcessor/NanoProcessor.srcs/sources_1/new/Adder_Subtractor_4_bit.vhd:78]
INFO: [Synth 8-256] done synthesizing module 'Adder_Subtractor_4_bit' (7#1) [C:/Users/tharu/Vivado Projects/Nano Processor/NanoProcessor - Additional Features/NanoProcessor/NanoProcessor.srcs/sources_1/new/Adder_Subtractor_4_bit.vhd:43]
INFO: [Synth 8-3491] module 'MUX_8_way_4_bit' declared at 'C:/Users/tharu/Vivado Projects/Nano Processor/NanoProcessor - Additional Features/NanoProcessor/NanoProcessor.srcs/sources_1/new/MUX_8_way_4_bit.vhd:4' bound to instance 'MUX_A' of component 'MUX_8_way_4_bit' [C:/Users/tharu/Vivado Projects/Nano Processor/NanoProcessor - Additional Features/NanoProcessor/NanoProcessor.srcs/sources_1/new/Nano_Processor.vhd:203]
INFO: [Synth 8-638] synthesizing module 'MUX_8_way_4_bit' [C:/Users/tharu/Vivado Projects/Nano Processor/NanoProcessor - Additional Features/NanoProcessor/NanoProcessor.srcs/sources_1/new/MUX_8_way_4_bit.vhd:19]
INFO: [Synth 8-3491] module 'Tri_State_Buffer_4_bit' declared at 'C:/Users/tharu/Vivado Projects/Nano Processor/NanoProcessor - Additional Features/NanoProcessor/NanoProcessor.srcs/sources_1/new/Tri_State_Buffer_4_bit.vhd:4' bound to instance 'Buf0' of component 'Tri_State_Buffer_4_bit' [C:/Users/tharu/Vivado Projects/Nano Processor/NanoProcessor - Additional Features/NanoProcessor/NanoProcessor.srcs/sources_1/new/MUX_8_way_4_bit.vhd:33]
INFO: [Synth 8-638] synthesizing module 'Tri_State_Buffer_4_bit' [C:/Users/tharu/Vivado Projects/Nano Processor/NanoProcessor - Additional Features/NanoProcessor/NanoProcessor.srcs/sources_1/new/Tri_State_Buffer_4_bit.vhd:10]
INFO: [Synth 8-256] done synthesizing module 'Tri_State_Buffer_4_bit' (8#1) [C:/Users/tharu/Vivado Projects/Nano Processor/NanoProcessor - Additional Features/NanoProcessor/NanoProcessor.srcs/sources_1/new/Tri_State_Buffer_4_bit.vhd:10]
INFO: [Synth 8-3491] module 'Tri_State_Buffer_4_bit' declared at 'C:/Users/tharu/Vivado Projects/Nano Processor/NanoProcessor - Additional Features/NanoProcessor/NanoProcessor.srcs/sources_1/new/Tri_State_Buffer_4_bit.vhd:4' bound to instance 'Buf1' of component 'Tri_State_Buffer_4_bit' [C:/Users/tharu/Vivado Projects/Nano Processor/NanoProcessor - Additional Features/NanoProcessor/NanoProcessor.srcs/sources_1/new/MUX_8_way_4_bit.vhd:38]
INFO: [Synth 8-3491] module 'Tri_State_Buffer_4_bit' declared at 'C:/Users/tharu/Vivado Projects/Nano Processor/NanoProcessor - Additional Features/NanoProcessor/NanoProcessor.srcs/sources_1/new/Tri_State_Buffer_4_bit.vhd:4' bound to instance 'Buf2' of component 'Tri_State_Buffer_4_bit' [C:/Users/tharu/Vivado Projects/Nano Processor/NanoProcessor - Additional Features/NanoProcessor/NanoProcessor.srcs/sources_1/new/MUX_8_way_4_bit.vhd:43]
INFO: [Synth 8-3491] module 'Tri_State_Buffer_4_bit' declared at 'C:/Users/tharu/Vivado Projects/Nano Processor/NanoProcessor - Additional Features/NanoProcessor/NanoProcessor.srcs/sources_1/new/Tri_State_Buffer_4_bit.vhd:4' bound to instance 'Buf3' of component 'Tri_State_Buffer_4_bit' [C:/Users/tharu/Vivado Projects/Nano Processor/NanoProcessor - Additional Features/NanoProcessor/NanoProcessor.srcs/sources_1/new/MUX_8_way_4_bit.vhd:48]
INFO: [Synth 8-3491] module 'Tri_State_Buffer_4_bit' declared at 'C:/Users/tharu/Vivado Projects/Nano Processor/NanoProcessor - Additional Features/NanoProcessor/NanoProcessor.srcs/sources_1/new/Tri_State_Buffer_4_bit.vhd:4' bound to instance 'Buf4' of component 'Tri_State_Buffer_4_bit' [C:/Users/tharu/Vivado Projects/Nano Processor/NanoProcessor - Additional Features/NanoProcessor/NanoProcessor.srcs/sources_1/new/MUX_8_way_4_bit.vhd:53]
INFO: [Synth 8-3491] module 'Tri_State_Buffer_4_bit' declared at 'C:/Users/tharu/Vivado Projects/Nano Processor/NanoProcessor - Additional Features/NanoProcessor/NanoProcessor.srcs/sources_1/new/Tri_State_Buffer_4_bit.vhd:4' bound to instance 'Buf5' of component 'Tri_State_Buffer_4_bit' [C:/Users/tharu/Vivado Projects/Nano Processor/NanoProcessor - Additional Features/NanoProcessor/NanoProcessor.srcs/sources_1/new/MUX_8_way_4_bit.vhd:58]
INFO: [Synth 8-3491] module 'Tri_State_Buffer_4_bit' declared at 'C:/Users/tharu/Vivado Projects/Nano Processor/NanoProcessor - Additional Features/NanoProcessor/NanoProcessor.srcs/sources_1/new/Tri_State_Buffer_4_bit.vhd:4' bound to instance 'Buf6' of component 'Tri_State_Buffer_4_bit' [C:/Users/tharu/Vivado Projects/Nano Processor/NanoProcessor - Additional Features/NanoProcessor/NanoProcessor.srcs/sources_1/new/MUX_8_way_4_bit.vhd:63]
INFO: [Synth 8-3491] module 'Tri_State_Buffer_4_bit' declared at 'C:/Users/tharu/Vivado Projects/Nano Processor/NanoProcessor - Additional Features/NanoProcessor/NanoProcessor.srcs/sources_1/new/Tri_State_Buffer_4_bit.vhd:4' bound to instance 'Buf7' of component 'Tri_State_Buffer_4_bit' [C:/Users/tharu/Vivado Projects/Nano Processor/NanoProcessor - Additional Features/NanoProcessor/NanoProcessor.srcs/sources_1/new/MUX_8_way_4_bit.vhd:68]
INFO: [Synth 8-226] default block is never used [C:/Users/tharu/Vivado Projects/Nano Processor/NanoProcessor - Additional Features/NanoProcessor/NanoProcessor.srcs/sources_1/new/MUX_8_way_4_bit.vhd:78]
INFO: [Synth 8-256] done synthesizing module 'MUX_8_way_4_bit' (9#1) [C:/Users/tharu/Vivado Projects/Nano Processor/NanoProcessor - Additional Features/NanoProcessor/NanoProcessor.srcs/sources_1/new/MUX_8_way_4_bit.vhd:19]
INFO: [Synth 8-3491] module 'MUX_8_way_4_bit' declared at 'C:/Users/tharu/Vivado Projects/Nano Processor/NanoProcessor - Additional Features/NanoProcessor/NanoProcessor.srcs/sources_1/new/MUX_8_way_4_bit.vhd:4' bound to instance 'MUX_B' of component 'MUX_8_way_4_bit' [C:/Users/tharu/Vivado Projects/Nano Processor/NanoProcessor - Additional Features/NanoProcessor/NanoProcessor.srcs/sources_1/new/Nano_Processor.vhd:216]
INFO: [Synth 8-3491] module 'Register_Bank' declared at 'C:/Users/tharu/Vivado Projects/Nano Processor/NanoProcessor - Additional Features/NanoProcessor/NanoProcessor.srcs/sources_1/new/Register_Bank.vhd:34' bound to instance 'Register_Bank_0' of component 'Register_Bank' [C:/Users/tharu/Vivado Projects/Nano Processor/NanoProcessor - Additional Features/NanoProcessor/NanoProcessor.srcs/sources_1/new/Nano_Processor.vhd:229]
INFO: [Synth 8-638] synthesizing module 'Register_Bank' [C:/Users/tharu/Vivado Projects/Nano Processor/NanoProcessor - Additional Features/NanoProcessor/NanoProcessor.srcs/sources_1/new/Register_Bank.vhd:49]
INFO: [Synth 8-3491] module 'Decoder_3_to_8' declared at 'C:/Users/tharu/Vivado Projects/Nano Processor/NanoProcessor - Additional Features/NanoProcessor/NanoProcessor.srcs/sources_1/new/Decoder_3_to_8.vhd:34' bound to instance 'Decoder_3_to_8_0' of component 'Decoder_3_to_8' [C:/Users/tharu/Vivado Projects/Nano Processor/NanoProcessor - Additional Features/NanoProcessor/NanoProcessor.srcs/sources_1/new/Register_Bank.vhd:71]
INFO: [Synth 8-638] synthesizing module 'Decoder_3_to_8' [C:/Users/tharu/Vivado Projects/Nano Processor/NanoProcessor - Additional Features/NanoProcessor/NanoProcessor.srcs/sources_1/new/Decoder_3_to_8.vhd:40]
INFO: [Synth 8-3491] module 'Decoder_2_to_4' declared at 'C:/Users/tharu/Vivado Projects/Nano Processor/NanoProcessor - Additional Features/NanoProcessor/NanoProcessor.srcs/sources_1/new/Decoder_2_to_4.vhd:34' bound to instance 'Decoder_2_to_4_0' of component 'Decoder_2_to_4' [C:/Users/tharu/Vivado Projects/Nano Processor/NanoProcessor - Additional Features/NanoProcessor/NanoProcessor.srcs/sources_1/new/Decoder_3_to_8.vhd:54]
INFO: [Synth 8-638] synthesizing module 'Decoder_2_to_4' [C:/Users/tharu/Vivado Projects/Nano Processor/NanoProcessor - Additional Features/NanoProcessor/NanoProcessor.srcs/sources_1/new/Decoder_2_to_4.vhd:40]
INFO: [Synth 8-256] done synthesizing module 'Decoder_2_to_4' (10#1) [C:/Users/tharu/Vivado Projects/Nano Processor/NanoProcessor - Additional Features/NanoProcessor/NanoProcessor.srcs/sources_1/new/Decoder_2_to_4.vhd:40]
INFO: [Synth 8-3491] module 'Decoder_2_to_4' declared at 'C:/Users/tharu/Vivado Projects/Nano Processor/NanoProcessor - Additional Features/NanoProcessor/NanoProcessor.srcs/sources_1/new/Decoder_2_to_4.vhd:34' bound to instance 'Decoder_2_to_4_1' of component 'Decoder_2_to_4' [C:/Users/tharu/Vivado Projects/Nano Processor/NanoProcessor - Additional Features/NanoProcessor/NanoProcessor.srcs/sources_1/new/Decoder_3_to_8.vhd:60]
INFO: [Synth 8-256] done synthesizing module 'Decoder_3_to_8' (11#1) [C:/Users/tharu/Vivado Projects/Nano Processor/NanoProcessor - Additional Features/NanoProcessor/NanoProcessor.srcs/sources_1/new/Decoder_3_to_8.vhd:40]
INFO: [Synth 8-3491] module 'Reg' declared at 'C:/Users/tharu/Vivado Projects/Nano Processor/NanoProcessor - Additional Features/NanoProcessor/NanoProcessor.srcs/sources_1/new/Reg.vhd:34' bound to instance 'Reg_0' of component 'Reg' [C:/Users/tharu/Vivado Projects/Nano Processor/NanoProcessor - Additional Features/NanoProcessor/NanoProcessor.srcs/sources_1/new/Register_Bank.vhd:79]
INFO: [Synth 8-638] synthesizing module 'Reg' [C:/Users/tharu/Vivado Projects/Nano Processor/NanoProcessor - Additional Features/NanoProcessor/NanoProcessor.srcs/sources_1/new/Reg.vhd:43]
INFO: [Synth 8-256] done synthesizing module 'Reg' (12#1) [C:/Users/tharu/Vivado Projects/Nano Processor/NanoProcessor - Additional Features/NanoProcessor/NanoProcessor.srcs/sources_1/new/Reg.vhd:43]
INFO: [Synth 8-3491] module 'Reg' declared at 'C:/Users/tharu/Vivado Projects/Nano Processor/NanoProcessor - Additional Features/NanoProcessor/NanoProcessor.srcs/sources_1/new/Reg.vhd:34' bound to instance 'Reg_1' of component 'Reg' [C:/Users/tharu/Vivado Projects/Nano Processor/NanoProcessor - Additional Features/NanoProcessor/NanoProcessor.srcs/sources_1/new/Register_Bank.vhd:87]
INFO: [Synth 8-3491] module 'Reg' declared at 'C:/Users/tharu/Vivado Projects/Nano Processor/NanoProcessor - Additional Features/NanoProcessor/NanoProcessor.srcs/sources_1/new/Reg.vhd:34' bound to instance 'Reg_2' of component 'Reg' [C:/Users/tharu/Vivado Projects/Nano Processor/NanoProcessor - Additional Features/NanoProcessor/NanoProcessor.srcs/sources_1/new/Register_Bank.vhd:95]
INFO: [Synth 8-3491] module 'Reg' declared at 'C:/Users/tharu/Vivado Projects/Nano Processor/NanoProcessor - Additional Features/NanoProcessor/NanoProcessor.srcs/sources_1/new/Reg.vhd:34' bound to instance 'Reg_3' of component 'Reg' [C:/Users/tharu/Vivado Projects/Nano Processor/NanoProcessor - Additional Features/NanoProcessor/NanoProcessor.srcs/sources_1/new/Register_Bank.vhd:103]
INFO: [Synth 8-3491] module 'Reg' declared at 'C:/Users/tharu/Vivado Projects/Nano Processor/NanoProcessor - Additional Features/NanoProcessor/NanoProcessor.srcs/sources_1/new/Reg.vhd:34' bound to instance 'Reg_4' of component 'Reg' [C:/Users/tharu/Vivado Projects/Nano Processor/NanoProcessor - Additional Features/NanoProcessor/NanoProcessor.srcs/sources_1/new/Register_Bank.vhd:111]
INFO: [Synth 8-3491] module 'Reg' declared at 'C:/Users/tharu/Vivado Projects/Nano Processor/NanoProcessor - Additional Features/NanoProcessor/NanoProcessor.srcs/sources_1/new/Reg.vhd:34' bound to instance 'Reg_5' of component 'Reg' [C:/Users/tharu/Vivado Projects/Nano Processor/NanoProcessor - Additional Features/NanoProcessor/NanoProcessor.srcs/sources_1/new/Register_Bank.vhd:119]
INFO: [Synth 8-3491] module 'Reg' declared at 'C:/Users/tharu/Vivado Projects/Nano Processor/NanoProcessor - Additional Features/NanoProcessor/NanoProcessor.srcs/sources_1/new/Reg.vhd:34' bound to instance 'Reg_6' of component 'Reg' [C:/Users/tharu/Vivado Projects/Nano Processor/NanoProcessor - Additional Features/NanoProcessor/NanoProcessor.srcs/sources_1/new/Register_Bank.vhd:127]
INFO: [Synth 8-3491] module 'Reg' declared at 'C:/Users/tharu/Vivado Projects/Nano Processor/NanoProcessor - Additional Features/NanoProcessor/NanoProcessor.srcs/sources_1/new/Reg.vhd:34' bound to instance 'Reg_7' of component 'Reg' [C:/Users/tharu/Vivado Projects/Nano Processor/NanoProcessor - Additional Features/NanoProcessor/NanoProcessor.srcs/sources_1/new/Register_Bank.vhd:135]
INFO: [Synth 8-256] done synthesizing module 'Register_Bank' (13#1) [C:/Users/tharu/Vivado Projects/Nano Processor/NanoProcessor - Additional Features/NanoProcessor/NanoProcessor.srcs/sources_1/new/Register_Bank.vhd:49]
INFO: [Synth 8-3491] module 'MUX_2_way_3_bit' declared at 'C:/Users/tharu/Vivado Projects/Nano Processor/NanoProcessor - Additional Features/NanoProcessor/NanoProcessor.srcs/sources_1/new/MUX_2_way_3_bit.vhd:4' bound to instance 'MUX_2_way_3_bit_0' of component 'MUX_2_way_3_bit' [C:/Users/tharu/Vivado Projects/Nano Processor/NanoProcessor - Additional Features/NanoProcessor/NanoProcessor.srcs/sources_1/new/Nano_Processor.vhd:244]
INFO: [Synth 8-638] synthesizing module 'MUX_2_way_3_bit' [C:/Users/tharu/Vivado Projects/Nano Processor/NanoProcessor - Additional Features/NanoProcessor/NanoProcessor.srcs/sources_1/new/MUX_2_way_3_bit.vhd:11]
INFO: [Synth 8-3491] module 'Tri_State_Buffer_3_bit' declared at 'C:/Users/tharu/Vivado Projects/Nano Processor/NanoProcessor - Additional Features/NanoProcessor/NanoProcessor.srcs/sources_1/new/Tri_State_Buffer_3_bit.vhd:4' bound to instance 'Buffer_Adder' of component 'Tri_State_Buffer_3_bit' [C:/Users/tharu/Vivado Projects/Nano Processor/NanoProcessor - Additional Features/NanoProcessor/NanoProcessor.srcs/sources_1/new/MUX_2_way_3_bit.vhd:25]
INFO: [Synth 8-638] synthesizing module 'Tri_State_Buffer_3_bit' [C:/Users/tharu/Vivado Projects/Nano Processor/NanoProcessor - Additional Features/NanoProcessor/NanoProcessor.srcs/sources_1/new/Tri_State_Buffer_3_bit.vhd:10]
INFO: [Synth 8-256] done synthesizing module 'Tri_State_Buffer_3_bit' (14#1) [C:/Users/tharu/Vivado Projects/Nano Processor/NanoProcessor - Additional Features/NanoProcessor/NanoProcessor.srcs/sources_1/new/Tri_State_Buffer_3_bit.vhd:10]
INFO: [Synth 8-3491] module 'Tri_State_Buffer_3_bit' declared at 'C:/Users/tharu/Vivado Projects/Nano Processor/NanoProcessor - Additional Features/NanoProcessor/NanoProcessor.srcs/sources_1/new/Tri_State_Buffer_3_bit.vhd:4' bound to instance 'Buffer_Jumper' of component 'Tri_State_Buffer_3_bit' [C:/Users/tharu/Vivado Projects/Nano Processor/NanoProcessor - Additional Features/NanoProcessor/NanoProcessor.srcs/sources_1/new/MUX_2_way_3_bit.vhd:32]
INFO: [Synth 8-256] done synthesizing module 'MUX_2_way_3_bit' (15#1) [C:/Users/tharu/Vivado Projects/Nano Processor/NanoProcessor - Additional Features/NanoProcessor/NanoProcessor.srcs/sources_1/new/MUX_2_way_3_bit.vhd:11]
INFO: [Synth 8-3491] module 'MUX_2_way_4_bit' declared at 'C:/Users/tharu/Vivado Projects/Nano Processor/NanoProcessor - Additional Features/NanoProcessor/NanoProcessor.srcs/sources_1/new/MUX_2_way_4_bit.vhd:34' bound to instance 'MUX_2_way_4_bit_0' of component 'MUX_2_way_4_bit' [C:/Users/tharu/Vivado Projects/Nano Processor/NanoProcessor - Additional Features/NanoProcessor/NanoProcessor.srcs/sources_1/new/Nano_Processor.vhd:251]
INFO: [Synth 8-638] synthesizing module 'MUX_2_way_4_bit' [C:/Users/tharu/Vivado Projects/Nano Processor/NanoProcessor - Additional Features/NanoProcessor/NanoProcessor.srcs/sources_1/new/MUX_2_way_4_bit.vhd:41]
INFO: [Synth 8-3491] module 'Tri_State_Buffer_4_bit' declared at 'C:/Users/tharu/Vivado Projects/Nano Processor/NanoProcessor - Additional Features/NanoProcessor/NanoProcessor.srcs/sources_1/new/Tri_State_Buffer_4_bit.vhd:4' bound to instance 'Buffer_0' of component 'Tri_State_Buffer_4_bit' [C:/Users/tharu/Vivado Projects/Nano Processor/NanoProcessor - Additional Features/NanoProcessor/NanoProcessor.srcs/sources_1/new/MUX_2_way_4_bit.vhd:54]
INFO: [Synth 8-3491] module 'Tri_State_Buffer_4_bit' declared at 'C:/Users/tharu/Vivado Projects/Nano Processor/NanoProcessor - Additional Features/NanoProcessor/NanoProcessor.srcs/sources_1/new/Tri_State_Buffer_4_bit.vhd:4' bound to instance 'Buffer_1' of component 'Tri_State_Buffer_4_bit' [C:/Users/tharu/Vivado Projects/Nano Processor/NanoProcessor - Additional Features/NanoProcessor/NanoProcessor.srcs/sources_1/new/MUX_2_way_4_bit.vhd:60]
INFO: [Synth 8-256] done synthesizing module 'MUX_2_way_4_bit' (16#1) [C:/Users/tharu/Vivado Projects/Nano Processor/NanoProcessor - Additional Features/NanoProcessor/NanoProcessor.srcs/sources_1/new/MUX_2_way_4_bit.vhd:41]
INFO: [Synth 8-3491] module 'MUX_2_way_4_bit' declared at 'C:/Users/tharu/Vivado Projects/Nano Processor/NanoProcessor - Additional Features/NanoProcessor/NanoProcessor.srcs/sources_1/new/MUX_2_way_4_bit.vhd:34' bound to instance 'MUX_2_way_4_bit_1' of component 'MUX_2_way_4_bit' [C:/Users/tharu/Vivado Projects/Nano Processor/NanoProcessor - Additional Features/NanoProcessor/NanoProcessor.srcs/sources_1/new/Nano_Processor.vhd:258]
INFO: [Synth 8-3491] module 'Instruction_Decoder' declared at 'C:/Users/tharu/Vivado Projects/Nano Processor/NanoProcessor - Additional Features/NanoProcessor/NanoProcessor.srcs/sources_1/new/Instruction_Decoder.vhd:27' bound to instance 'Instruction_Decoder_0' of component 'Instruction_Decoder' [C:/Users/tharu/Vivado Projects/Nano Processor/NanoProcessor - Additional Features/NanoProcessor/NanoProcessor.srcs/sources_1/new/Nano_Processor.vhd:265]
INFO: [Synth 8-638] synthesizing module 'Instruction_Decoder' [C:/Users/tharu/Vivado Projects/Nano Processor/NanoProcessor - Additional Features/NanoProcessor/NanoProcessor.srcs/sources_1/new/Instruction_Decoder.vhd:42]
INFO: [Synth 8-3491] module 'Decoder_3_to_8' declared at 'C:/Users/tharu/Vivado Projects/Nano Processor/NanoProcessor - Additional Features/NanoProcessor/NanoProcessor.srcs/sources_1/new/Decoder_3_to_8.vhd:34' bound to instance 'Decoder_3_to_8_0' of component 'Decoder_3_to_8' [C:/Users/tharu/Vivado Projects/Nano Processor/NanoProcessor - Additional Features/NanoProcessor/NanoProcessor.srcs/sources_1/new/Instruction_Decoder.vhd:54]
INFO: [Synth 8-256] done synthesizing module 'Instruction_Decoder' (17#1) [C:/Users/tharu/Vivado Projects/Nano Processor/NanoProcessor - Additional Features/NanoProcessor/NanoProcessor.srcs/sources_1/new/Instruction_Decoder.vhd:42]
INFO: [Synth 8-3491] module 'Program_ROM' declared at 'C:/Users/tharu/Vivado Projects/Nano Processor/NanoProcessor - Additional Features/NanoProcessor/NanoProcessor.srcs/sources_1/new/Program_ROM.vhd:5' bound to instance 'Program_ROM_0' of component 'Program_ROM' [C:/Users/tharu/Vivado Projects/Nano Processor/NanoProcessor - Additional Features/NanoProcessor/NanoProcessor.srcs/sources_1/new/Nano_Processor.vhd:280]
INFO: [Synth 8-638] synthesizing module 'Program_ROM' [C:/Users/tharu/Vivado Projects/Nano Processor/NanoProcessor - Additional Features/NanoProcessor/NanoProcessor.srcs/sources_1/new/Program_ROM.vhd:10]
INFO: [Synth 8-256] done synthesizing module 'Program_ROM' (18#1) [C:/Users/tharu/Vivado Projects/Nano Processor/NanoProcessor - Additional Features/NanoProcessor/NanoProcessor.srcs/sources_1/new/Program_ROM.vhd:10]
INFO: [Synth 8-3491] module 'Seven_Segment_Display' declared at 'C:/Users/tharu/Vivado Projects/Nano Processor/NanoProcessor - Additional Features/NanoProcessor/NanoProcessor.srcs/sources_1/new/Seven_Segment_Display.vhd:26' bound to instance 'Seven_Segement_Display_0' of component 'Seven_Segment_Display' [C:/Users/tharu/Vivado Projects/Nano Processor/NanoProcessor - Additional Features/NanoProcessor/NanoProcessor.srcs/sources_1/new/Nano_Processor.vhd:285]
INFO: [Synth 8-638] synthesizing module 'Seven_Segment_Display' [C:/Users/tharu/Vivado Projects/Nano Processor/NanoProcessor - Additional Features/NanoProcessor/NanoProcessor.srcs/sources_1/new/Seven_Segment_Display.vhd:31]
INFO: [Synth 8-256] done synthesizing module 'Seven_Segment_Display' (19#1) [C:/Users/tharu/Vivado Projects/Nano Processor/NanoProcessor - Additional Features/NanoProcessor/NanoProcessor.srcs/sources_1/new/Seven_Segment_Display.vhd:31]
INFO: [Synth 8-3491] module 'Multiplier_2_bit' declared at 'C:/Users/tharu/Vivado Projects/Nano Processor/NanoProcessor - Additional Features/NanoProcessor/NanoProcessor.srcs/sources_1/new/Multiplier_2_bit.vhd:26' bound to instance 'Multiplier_2_bit_0' of component 'Multiplier_2_bit' [C:/Users/tharu/Vivado Projects/Nano Processor/NanoProcessor - Additional Features/NanoProcessor/NanoProcessor.srcs/sources_1/new/Nano_Processor.vhd:290]
INFO: [Synth 8-638] synthesizing module 'Multiplier_2_bit' [C:/Users/tharu/Vivado Projects/Nano Processor/NanoProcessor - Additional Features/NanoProcessor/NanoProcessor.srcs/sources_1/new/Multiplier_2_bit.vhd:32]
INFO: [Synth 8-3491] module 'FA' declared at 'C:/Users/tharu/Vivado Projects/Nano Processor/NanoProcessor - Additional Features/NanoProcessor/NanoProcessor.srcs/sources_1/new/FA.vhd:34' bound to instance 'FA_0_0' of component 'FA' [C:/Users/tharu/Vivado Projects/Nano Processor/NanoProcessor - Additional Features/NanoProcessor/NanoProcessor.srcs/sources_1/new/Multiplier_2_bit.vhd:47]
INFO: [Synth 8-3491] module 'FA' declared at 'C:/Users/tharu/Vivado Projects/Nano Processor/NanoProcessor - Additional Features/NanoProcessor/NanoProcessor.srcs/sources_1/new/FA.vhd:34' bound to instance 'FA_0_1' of component 'FA' [C:/Users/tharu/Vivado Projects/Nano Processor/NanoProcessor - Additional Features/NanoProcessor/NanoProcessor.srcs/sources_1/new/Multiplier_2_bit.vhd:55]
INFO: [Synth 8-256] done synthesizing module 'Multiplier_2_bit' (20#1) [C:/Users/tharu/Vivado Projects/Nano Processor/NanoProcessor - Additional Features/NanoProcessor/NanoProcessor.srcs/sources_1/new/Multiplier_2_bit.vhd:32]
INFO: [Synth 8-3491] module 'Reversed_Multiplexer_4_bit' declared at 'C:/Users/tharu/Vivado Projects/Nano Processor/NanoProcessor - Additional Features/NanoProcessor/NanoProcessor.srcs/sources_1/new/Reversed_Multiplexer_4_bit.vhd:34' bound to instance 'Reversed_Multiplexer_A' of component 'Reversed_Multiplexer_4_bit' [C:/Users/tharu/Vivado Projects/Nano Processor/NanoProcessor - Additional Features/NanoProcessor/NanoProcessor.srcs/sources_1/new/Nano_Processor.vhd:296]
INFO: [Synth 8-638] synthesizing module 'Reversed_Multiplexer_4_bit' [C:/Users/tharu/Vivado Projects/Nano Processor/NanoProcessor - Additional Features/NanoProcessor/NanoProcessor.srcs/sources_1/new/Reversed_Multiplexer_4_bit.vhd:41]
INFO: [Synth 8-3491] module 'Tri_State_Buffer_4_bit' declared at 'C:/Users/tharu/Vivado Projects/Nano Processor/NanoProcessor - Additional Features/NanoProcessor/NanoProcessor.srcs/sources_1/new/Tri_State_Buffer_4_bit.vhd:4' bound to instance 'Buffer_0' of component 'Tri_State_Buffer_4_bit' [C:/Users/tharu/Vivado Projects/Nano Processor/NanoProcessor - Additional Features/NanoProcessor/NanoProcessor.srcs/sources_1/new/Reversed_Multiplexer_4_bit.vhd:54]
INFO: [Synth 8-3491] module 'Tri_State_Buffer_4_bit' declared at 'C:/Users/tharu/Vivado Projects/Nano Processor/NanoProcessor - Additional Features/NanoProcessor/NanoProcessor.srcs/sources_1/new/Tri_State_Buffer_4_bit.vhd:4' bound to instance 'Buffer_1' of component 'Tri_State_Buffer_4_bit' [C:/Users/tharu/Vivado Projects/Nano Processor/NanoProcessor - Additional Features/NanoProcessor/NanoProcessor.srcs/sources_1/new/Reversed_Multiplexer_4_bit.vhd:60]
INFO: [Synth 8-256] done synthesizing module 'Reversed_Multiplexer_4_bit' (21#1) [C:/Users/tharu/Vivado Projects/Nano Processor/NanoProcessor - Additional Features/NanoProcessor/NanoProcessor.srcs/sources_1/new/Reversed_Multiplexer_4_bit.vhd:41]
INFO: [Synth 8-3491] module 'Reversed_Multiplexer_4_bit' declared at 'C:/Users/tharu/Vivado Projects/Nano Processor/NanoProcessor - Additional Features/NanoProcessor/NanoProcessor.srcs/sources_1/new/Reversed_Multiplexer_4_bit.vhd:34' bound to instance 'Reversed_Multiplexer_B' of component 'Reversed_Multiplexer_4_bit' [C:/Users/tharu/Vivado Projects/Nano Processor/NanoProcessor - Additional Features/NanoProcessor/NanoProcessor.srcs/sources_1/new/Nano_Processor.vhd:303]
INFO: [Synth 8-3491] module 'Magnitude_Comparator_4_bit' declared at 'C:/Users/tharu/Vivado Projects/Nano Processor/NanoProcessor - Additional Features/NanoProcessor/NanoProcessor.srcs/sources_1/new/Magnitude_Comparator_4_bit.vhd:34' bound to instance 'Magnitude_Comparator_4_bit_0' of component 'Magnitude_Comparator_4_bit' [C:/Users/tharu/Vivado Projects/Nano Processor/NanoProcessor - Additional Features/NanoProcessor/NanoProcessor.srcs/sources_1/new/Nano_Processor.vhd:310]
INFO: [Synth 8-638] synthesizing module 'Magnitude_Comparator_4_bit' [C:/Users/tharu/Vivado Projects/Nano Processor/NanoProcessor - Additional Features/NanoProcessor/NanoProcessor.srcs/sources_1/new/Magnitude_Comparator_4_bit.vhd:45]
INFO: [Synth 8-256] done synthesizing module 'Magnitude_Comparator_4_bit' (22#1) [C:/Users/tharu/Vivado Projects/Nano Processor/NanoProcessor - Additional Features/NanoProcessor/NanoProcessor.srcs/sources_1/new/Magnitude_Comparator_4_bit.vhd:45]
INFO: [Synth 8-256] done synthesizing module 'Nano_Processor' (23#1) [C:/Users/tharu/Vivado Projects/Nano Processor/NanoProcessor - Additional Features/NanoProcessor/NanoProcessor.srcs/sources_1/new/Nano_Processor.vhd:40]
WARNING: [Synth 8-3917] design Nano_Processor has port Anode[3] driven by constant 1
WARNING: [Synth 8-3917] design Nano_Processor has port Anode[2] driven by constant 1
WARNING: [Synth 8-3917] design Nano_Processor has port Anode[1] driven by constant 1
WARNING: [Synth 8-3917] design Nano_Processor has port Anode[0] driven by constant 0
WARNING: [Synth 8-3331] design Adder_3_Bit has unconnected port C_in
---------------------------------------------------------------------------------
Finished RTL Elaboration : Time (s): cpu = 00:00:04 ; elapsed = 00:00:07 . Memory (MB): peak = 1024.711 ; gain = 115.102
---------------------------------------------------------------------------------

Report Check Netlist: 
+------+------------------+-------+---------+-------+------------------+
|      |Item              |Errors |Warnings |Status |Description       |
+------+------------------+-------+---------+-------+------------------+
|1     |multi_driven_nets |      0|        0|Passed |Multi driven nets |
+------+------------------+-------+---------+-------+------------------+
---------------------------------------------------------------------------------
Start Handling Custom Attributes
---------------------------------------------------------------------------------
---------------------------------------------------------------------------------
Finished Handling Custom Attributes : Time (s): cpu = 00:00:04 ; elapsed = 00:00:07 . Memory (MB): peak = 1024.711 ; gain = 115.102
---------------------------------------------------------------------------------
---------------------------------------------------------------------------------
Finished RTL Optimization Phase 1 : Time (s): cpu = 00:00:04 ; elapsed = 00:00:07 . Memory (MB): peak = 1024.711 ; gain = 115.102
---------------------------------------------------------------------------------
INFO: [Device 21-403] Loading part xc7a35tcpg236-1
INFO: [Project 1-570] Preparing netlist for logic optimization
INFO: [Opt 31-141] Inserted 4 OBUFs to IO ports without IO buffers.

Processing XDC Constraints
Initializing timing engine
Parsing XDC File [C:/Users/tharu/Vivado Projects/Nano Processor/NanoProcessor - Additional Features/NanoProcessor/NanoProcessor.srcs/constrs_1/new/Basys3Labs.xdc]
Finished Parsing XDC File [C:/Users/tharu/Vivado Projects/Nano Processor/NanoProcessor - Additional Features/NanoProcessor/NanoProcessor.srcs/constrs_1/new/Basys3Labs.xdc]
Completed Processing XDC Constraints

INFO: [Opt 31-138] Pushed 0 inverter(s) to 0 load pin(s).
INFO: [Project 1-111] Unisim Transformation Summary:
No Unisim elements were transformed.

RTL Elaboration Complete:  : Time (s): cpu = 00:00:13 ; elapsed = 00:00:21 . Memory (MB): peak = 1396.055 ; gain = 486.445
109 Infos, 5 Warnings, 0 Critical Warnings and 0 Errors encountered.
synth_design completed successfully
synth_design: Time (s): cpu = 00:00:13 ; elapsed = 00:00:21 . Memory (MB): peak = 1396.055 ; gain = 486.445
close_project
open_project {C:/Users/tharu/Vivado Projects/Nano Processor/NanoProcessor - Minimum Resourse Implementation/NanoProcessor/NanoProcessor.xpr}
INFO: [ProjectBase 1-489] The host OS only allows 260 characters in a normal path. The project is stored in a path with more than 80 characters. If you experience issues with IP, Block Designs, or files not being found, please consider moving the project to a location with a shorter path. Alternately consider using the OS subst command to map part of the path to a drive letter.
Current project path is 'C:/Users/tharu/Vivado Projects/Nano Processor/NanoProcessor - Minimum Resourse Implementation/NanoProcessor'
Scanning sources...
Finished scanning sources
INFO: [IP_Flow 19-234] Refreshing IP repositories
INFO: [IP_Flow 19-1704] No user IP repositories specified
INFO: [IP_Flow 19-2313] Loaded Vivado IP repository 'C:/Xilinx/Vivado/2018.1/data/ip'.
update_compile_order -fileset sources_1
reset_run synth_1
launch_runs impl_1 -jobs 4
[Sat May  4 16:59:53 2024] Launched synth_1...
Run output will be captured here: C:/Users/tharu/Vivado Projects/Nano Processor/NanoProcessor - Minimum Resourse Implementation/NanoProcessor/NanoProcessor.runs/synth_1/runme.log
[Sat May  4 16:59:53 2024] Launched impl_1...
Run output will be captured here: C:/Users/tharu/Vivado Projects/Nano Processor/NanoProcessor - Minimum Resourse Implementation/NanoProcessor/NanoProcessor.runs/impl_1/runme.log
open_run impl_1
INFO: [Netlist 29-17] Analyzing 10 Unisim elements for replacement
INFO: [Netlist 29-28] Unisim Transformation completed in 0 CPU seconds
INFO: [Project 1-479] Netlist was created with Vivado 2018.1
INFO: [Project 1-570] Preparing netlist for logic optimization
INFO: [Timing 38-478] Restoring timing data from binary archive.
INFO: [Timing 38-479] Binary timing data restore complete.
INFO: [Project 1-856] Restoring constraints from binary archive.
INFO: [Project 1-853] Binary constraint restore complete.
Reading XDEF placement.
Reading placer database...
Reading XDEF routing.
Read XDEF File: Time (s): cpu = 00:00:00 ; elapsed = 00:00:00.038 . Memory (MB): peak = 1869.641 ; gain = 0.000
Restored from archive | CPU: 0.000000 secs | Memory: 0.000000 MB |
Finished XDEF File Restore: Time (s): cpu = 00:00:00 ; elapsed = 00:00:00.038 . Memory (MB): peak = 1869.641 ; gain = 0.000
INFO: [Project 1-111] Unisim Transformation Summary:
No Unisim elements were transformed.

open_run: Time (s): cpu = 00:00:14 ; elapsed = 00:00:14 . Memory (MB): peak = 1914.508 ; gain = 508.516
synth_design -rtl -name rtl_1
Command: synth_design -rtl -name rtl_1
Starting synth_design
Using part: xc7a35tcpg236-1
Top: Nano_Processor
---------------------------------------------------------------------------------
Starting RTL Elaboration : Time (s): cpu = 00:00:05 ; elapsed = 00:00:05 . Memory (MB): peak = 1950.121 ; gain = 24.930
---------------------------------------------------------------------------------
INFO: [Synth 8-638] synthesizing module 'Nano_Processor' [C:/Users/tharu/Vivado Projects/Nano Processor/NanoProcessor - Minimum Resourse Implementation/NanoProcessor/NanoProcessor.srcs/sources_1/new/Nano_Processor.vhd:44]
INFO: [Synth 8-3491] module 'Slow_Clk' declared at 'C:/Users/tharu/Vivado Projects/Nano Processor/NanoProcessor - Minimum Resourse Implementation/NanoProcessor/NanoProcessor.srcs/sources_1/new/Slow_Clk.vhd:34' bound to instance 'Slow_Clk_0' of component 'Slow_Clk' [C:/Users/tharu/Vivado Projects/Nano Processor/NanoProcessor - Minimum Resourse Implementation/NanoProcessor/NanoProcessor.srcs/sources_1/new/Nano_Processor.vhd:179]
INFO: [Synth 8-638] synthesizing module 'Slow_Clk' [C:/Users/tharu/Vivado Projects/Nano Processor/NanoProcessor - Minimum Resourse Implementation/NanoProcessor/NanoProcessor.srcs/sources_1/new/Slow_Clk.vhd:39]
INFO: [Synth 8-256] done synthesizing module 'Slow_Clk' (1#1) [C:/Users/tharu/Vivado Projects/Nano Processor/NanoProcessor - Minimum Resourse Implementation/NanoProcessor/NanoProcessor.srcs/sources_1/new/Slow_Clk.vhd:39]
INFO: [Synth 8-3491] module 'Adder_3_Bit' declared at 'C:/Users/tharu/Vivado Projects/Nano Processor/NanoProcessor - Minimum Resourse Implementation/NanoProcessor/NanoProcessor.srcs/sources_1/new/Adder_3_bit.vhd:34' bound to instance 'Adder_3_bit_0' of component 'Adder_3_Bit' [C:/Users/tharu/Vivado Projects/Nano Processor/NanoProcessor - Minimum Resourse Implementation/NanoProcessor/NanoProcessor.srcs/sources_1/new/Nano_Processor.vhd:184]
INFO: [Synth 8-638] synthesizing module 'Adder_3_Bit' [C:/Users/tharu/Vivado Projects/Nano Processor/NanoProcessor - Minimum Resourse Implementation/NanoProcessor/NanoProcessor.srcs/sources_1/new/Adder_3_bit.vhd:40]
INFO: [Synth 8-3491] module 'FA' declared at 'C:/Users/tharu/Vivado Projects/Nano Processor/NanoProcessor - Minimum Resourse Implementation/NanoProcessor/NanoProcessor.srcs/sources_1/new/FA.vhd:34' bound to instance 'FA_0' of component 'FA' [C:/Users/tharu/Vivado Projects/Nano Processor/NanoProcessor - Minimum Resourse Implementation/NanoProcessor/NanoProcessor.srcs/sources_1/new/Adder_3_bit.vhd:53]
INFO: [Synth 8-638] synthesizing module 'FA' [C:/Users/tharu/Vivado Projects/Nano Processor/NanoProcessor - Minimum Resourse Implementation/NanoProcessor/NanoProcessor.srcs/sources_1/new/FA.vhd:42]
INFO: [Synth 8-3491] module 'HA' declared at 'C:/Users/tharu/Vivado Projects/Nano Processor/NanoProcessor - Minimum Resourse Implementation/NanoProcessor/NanoProcessor.srcs/sources_1/new/HA.vhd:34' bound to instance 'HA_0' of component 'HA' [C:/Users/tharu/Vivado Projects/Nano Processor/NanoProcessor - Minimum Resourse Implementation/NanoProcessor/NanoProcessor.srcs/sources_1/new/FA.vhd:54]
INFO: [Synth 8-638] synthesizing module 'HA' [C:/Users/tharu/Vivado Projects/Nano Processor/NanoProcessor - Minimum Resourse Implementation/NanoProcessor/NanoProcessor.srcs/sources_1/new/HA.vhd:41]
INFO: [Synth 8-256] done synthesizing module 'HA' (2#1) [C:/Users/tharu/Vivado Projects/Nano Processor/NanoProcessor - Minimum Resourse Implementation/NanoProcessor/NanoProcessor.srcs/sources_1/new/HA.vhd:41]
INFO: [Synth 8-3491] module 'HA' declared at 'C:/Users/tharu/Vivado Projects/Nano Processor/NanoProcessor - Minimum Resourse Implementation/NanoProcessor/NanoProcessor.srcs/sources_1/new/HA.vhd:34' bound to instance 'HA_1' of component 'HA' [C:/Users/tharu/Vivado Projects/Nano Processor/NanoProcessor - Minimum Resourse Implementation/NanoProcessor/NanoProcessor.srcs/sources_1/new/FA.vhd:60]
INFO: [Synth 8-256] done synthesizing module 'FA' (3#1) [C:/Users/tharu/Vivado Projects/Nano Processor/NanoProcessor - Minimum Resourse Implementation/NanoProcessor/NanoProcessor.srcs/sources_1/new/FA.vhd:42]
INFO: [Synth 8-3491] module 'FA' declared at 'C:/Users/tharu/Vivado Projects/Nano Processor/NanoProcessor - Minimum Resourse Implementation/NanoProcessor/NanoProcessor.srcs/sources_1/new/FA.vhd:34' bound to instance 'FA_1' of component 'FA' [C:/Users/tharu/Vivado Projects/Nano Processor/NanoProcessor - Minimum Resourse Implementation/NanoProcessor/NanoProcessor.srcs/sources_1/new/Adder_3_bit.vhd:60]
INFO: [Synth 8-3491] module 'FA' declared at 'C:/Users/tharu/Vivado Projects/Nano Processor/NanoProcessor - Minimum Resourse Implementation/NanoProcessor/NanoProcessor.srcs/sources_1/new/FA.vhd:34' bound to instance 'FA_2' of component 'FA' [C:/Users/tharu/Vivado Projects/Nano Processor/NanoProcessor - Minimum Resourse Implementation/NanoProcessor/NanoProcessor.srcs/sources_1/new/Adder_3_bit.vhd:67]
INFO: [Synth 8-256] done synthesizing module 'Adder_3_Bit' (4#1) [C:/Users/tharu/Vivado Projects/Nano Processor/NanoProcessor - Minimum Resourse Implementation/NanoProcessor/NanoProcessor.srcs/sources_1/new/Adder_3_bit.vhd:40]
INFO: [Synth 8-3491] module 'Program_Counter' declared at 'C:/Users/tharu/Vivado Projects/Nano Processor/NanoProcessor - Minimum Resourse Implementation/NanoProcessor/NanoProcessor.srcs/sources_1/new/Program_Counter.vhd:25' bound to instance 'Program_Counter_0' of component 'Program_Counter' [C:/Users/tharu/Vivado Projects/Nano Processor/NanoProcessor - Minimum Resourse Implementation/NanoProcessor/NanoProcessor.srcs/sources_1/new/Nano_Processor.vhd:190]
INFO: [Synth 8-638] synthesizing module 'Program_Counter' [C:/Users/tharu/Vivado Projects/Nano Processor/NanoProcessor - Minimum Resourse Implementation/NanoProcessor/NanoProcessor.srcs/sources_1/new/Program_Counter.vhd:32]
INFO: [Synth 8-3491] module 'D_FF' declared at 'C:/Users/tharu/Vivado Projects/Nano Processor/NanoProcessor - Minimum Resourse Implementation/NanoProcessor/NanoProcessor.srcs/sources_1/new/DD_FF.vhd:26' bound to instance 'D_FF0' of component 'D_FF' [C:/Users/tharu/Vivado Projects/Nano Processor/NanoProcessor - Minimum Resourse Implementation/NanoProcessor/NanoProcessor.srcs/sources_1/new/Program_Counter.vhd:44]
INFO: [Synth 8-638] synthesizing module 'D_FF' [C:/Users/tharu/Vivado Projects/Nano Processor/NanoProcessor - Minimum Resourse Implementation/NanoProcessor/NanoProcessor.srcs/sources_1/new/DD_FF.vhd:34]
INFO: [Synth 8-256] done synthesizing module 'D_FF' (5#1) [C:/Users/tharu/Vivado Projects/Nano Processor/NanoProcessor - Minimum Resourse Implementation/NanoProcessor/NanoProcessor.srcs/sources_1/new/DD_FF.vhd:34]
INFO: [Synth 8-3491] module 'D_FF' declared at 'C:/Users/tharu/Vivado Projects/Nano Processor/NanoProcessor - Minimum Resourse Implementation/NanoProcessor/NanoProcessor.srcs/sources_1/new/DD_FF.vhd:26' bound to instance 'D_FF1' of component 'D_FF' [C:/Users/tharu/Vivado Projects/Nano Processor/NanoProcessor - Minimum Resourse Implementation/NanoProcessor/NanoProcessor.srcs/sources_1/new/Program_Counter.vhd:51]
INFO: [Synth 8-3491] module 'D_FF' declared at 'C:/Users/tharu/Vivado Projects/Nano Processor/NanoProcessor - Minimum Resourse Implementation/NanoProcessor/NanoProcessor.srcs/sources_1/new/DD_FF.vhd:26' bound to instance 'D_FF2' of component 'D_FF' [C:/Users/tharu/Vivado Projects/Nano Processor/NanoProcessor - Minimum Resourse Implementation/NanoProcessor/NanoProcessor.srcs/sources_1/new/Program_Counter.vhd:58]
INFO: [Synth 8-256] done synthesizing module 'Program_Counter' (6#1) [C:/Users/tharu/Vivado Projects/Nano Processor/NanoProcessor - Minimum Resourse Implementation/NanoProcessor/NanoProcessor.srcs/sources_1/new/Program_Counter.vhd:32]
INFO: [Synth 8-3491] module 'Adder_Subtractor_4_bit' declared at 'C:/Users/tharu/Vivado Projects/Nano Processor/NanoProcessor - Minimum Resourse Implementation/NanoProcessor/NanoProcessor.srcs/sources_1/new/Adder_Subtractor_4_bit.vhd:34' bound to instance 'Adder_Subtractor_4_bit_0' of component 'Adder_Subtractor_4_bit' [C:/Users/tharu/Vivado Projects/Nano Processor/NanoProcessor - Minimum Resourse Implementation/NanoProcessor/NanoProcessor.srcs/sources_1/new/Nano_Processor.vhd:197]
INFO: [Synth 8-638] synthesizing module 'Adder_Subtractor_4_bit' [C:/Users/tharu/Vivado Projects/Nano Processor/NanoProcessor - Minimum Resourse Implementation/NanoProcessor/NanoProcessor.srcs/sources_1/new/Adder_Subtractor_4_bit.vhd:43]
INFO: [Synth 8-3491] module 'FA' declared at 'C:/Users/tharu/Vivado Projects/Nano Processor/NanoProcessor - Minimum Resourse Implementation/NanoProcessor/NanoProcessor.srcs/sources_1/new/FA.vhd:34' bound to instance 'FA_0' of component 'FA' [C:/Users/tharu/Vivado Projects/Nano Processor/NanoProcessor - Minimum Resourse Implementation/NanoProcessor/NanoProcessor.srcs/sources_1/new/Adder_Subtractor_4_bit.vhd:57]
INFO: [Synth 8-3491] module 'FA' declared at 'C:/Users/tharu/Vivado Projects/Nano Processor/NanoProcessor - Minimum Resourse Implementation/NanoProcessor/NanoProcessor.srcs/sources_1/new/FA.vhd:34' bound to instance 'FA_1' of component 'FA' [C:/Users/tharu/Vivado Projects/Nano Processor/NanoProcessor - Minimum Resourse Implementation/NanoProcessor/NanoProcessor.srcs/sources_1/new/Adder_Subtractor_4_bit.vhd:64]
INFO: [Synth 8-3491] module 'FA' declared at 'C:/Users/tharu/Vivado Projects/Nano Processor/NanoProcessor - Minimum Resourse Implementation/NanoProcessor/NanoProcessor.srcs/sources_1/new/FA.vhd:34' bound to instance 'FA_2' of component 'FA' [C:/Users/tharu/Vivado Projects/Nano Processor/NanoProcessor - Minimum Resourse Implementation/NanoProcessor/NanoProcessor.srcs/sources_1/new/Adder_Subtractor_4_bit.vhd:71]
INFO: [Synth 8-3491] module 'FA' declared at 'C:/Users/tharu/Vivado Projects/Nano Processor/NanoProcessor - Minimum Resourse Implementation/NanoProcessor/NanoProcessor.srcs/sources_1/new/FA.vhd:34' bound to instance 'FA_3' of component 'FA' [C:/Users/tharu/Vivado Projects/Nano Processor/NanoProcessor - Minimum Resourse Implementation/NanoProcessor/NanoProcessor.srcs/sources_1/new/Adder_Subtractor_4_bit.vhd:78]
INFO: [Synth 8-256] done synthesizing module 'Adder_Subtractor_4_bit' (7#1) [C:/Users/tharu/Vivado Projects/Nano Processor/NanoProcessor - Minimum Resourse Implementation/NanoProcessor/NanoProcessor.srcs/sources_1/new/Adder_Subtractor_4_bit.vhd:43]
INFO: [Synth 8-3491] module 'MUX_8_way_4_bit' declared at 'C:/Users/tharu/Vivado Projects/Nano Processor/NanoProcessor - Minimum Resourse Implementation/NanoProcessor/NanoProcessor.srcs/sources_1/new/MUX_8_way_4_bit.vhd:4' bound to instance 'MUX_A' of component 'MUX_8_way_4_bit' [C:/Users/tharu/Vivado Projects/Nano Processor/NanoProcessor - Minimum Resourse Implementation/NanoProcessor/NanoProcessor.srcs/sources_1/new/Nano_Processor.vhd:207]
INFO: [Synth 8-638] synthesizing module 'MUX_8_way_4_bit' [C:/Users/tharu/Vivado Projects/Nano Processor/NanoProcessor - Minimum Resourse Implementation/NanoProcessor/NanoProcessor.srcs/sources_1/new/MUX_8_way_4_bit.vhd:19]
INFO: [Synth 8-3491] module 'Tri_State_Buffer_4_bit' declared at 'C:/Users/tharu/Vivado Projects/Nano Processor/NanoProcessor - Minimum Resourse Implementation/NanoProcessor/NanoProcessor.srcs/sources_1/new/Tri_State_Buffer_4_bit.vhd:4' bound to instance 'Buf0' of component 'Tri_State_Buffer_4_bit' [C:/Users/tharu/Vivado Projects/Nano Processor/NanoProcessor - Minimum Resourse Implementation/NanoProcessor/NanoProcessor.srcs/sources_1/new/MUX_8_way_4_bit.vhd:33]
INFO: [Synth 8-638] synthesizing module 'Tri_State_Buffer_4_bit' [C:/Users/tharu/Vivado Projects/Nano Processor/NanoProcessor - Minimum Resourse Implementation/NanoProcessor/NanoProcessor.srcs/sources_1/new/Tri_State_Buffer_4_bit.vhd:10]
INFO: [Synth 8-256] done synthesizing module 'Tri_State_Buffer_4_bit' (8#1) [C:/Users/tharu/Vivado Projects/Nano Processor/NanoProcessor - Minimum Resourse Implementation/NanoProcessor/NanoProcessor.srcs/sources_1/new/Tri_State_Buffer_4_bit.vhd:10]
INFO: [Synth 8-3491] module 'Tri_State_Buffer_4_bit' declared at 'C:/Users/tharu/Vivado Projects/Nano Processor/NanoProcessor - Minimum Resourse Implementation/NanoProcessor/NanoProcessor.srcs/sources_1/new/Tri_State_Buffer_4_bit.vhd:4' bound to instance 'Buf1' of component 'Tri_State_Buffer_4_bit' [C:/Users/tharu/Vivado Projects/Nano Processor/NanoProcessor - Minimum Resourse Implementation/NanoProcessor/NanoProcessor.srcs/sources_1/new/MUX_8_way_4_bit.vhd:38]
INFO: [Synth 8-3491] module 'Tri_State_Buffer_4_bit' declared at 'C:/Users/tharu/Vivado Projects/Nano Processor/NanoProcessor - Minimum Resourse Implementation/NanoProcessor/NanoProcessor.srcs/sources_1/new/Tri_State_Buffer_4_bit.vhd:4' bound to instance 'Buf2' of component 'Tri_State_Buffer_4_bit' [C:/Users/tharu/Vivado Projects/Nano Processor/NanoProcessor - Minimum Resourse Implementation/NanoProcessor/NanoProcessor.srcs/sources_1/new/MUX_8_way_4_bit.vhd:43]
INFO: [Synth 8-3491] module 'Tri_State_Buffer_4_bit' declared at 'C:/Users/tharu/Vivado Projects/Nano Processor/NanoProcessor - Minimum Resourse Implementation/NanoProcessor/NanoProcessor.srcs/sources_1/new/Tri_State_Buffer_4_bit.vhd:4' bound to instance 'Buf3' of component 'Tri_State_Buffer_4_bit' [C:/Users/tharu/Vivado Projects/Nano Processor/NanoProcessor - Minimum Resourse Implementation/NanoProcessor/NanoProcessor.srcs/sources_1/new/MUX_8_way_4_bit.vhd:48]
INFO: [Synth 8-3491] module 'Tri_State_Buffer_4_bit' declared at 'C:/Users/tharu/Vivado Projects/Nano Processor/NanoProcessor - Minimum Resourse Implementation/NanoProcessor/NanoProcessor.srcs/sources_1/new/Tri_State_Buffer_4_bit.vhd:4' bound to instance 'Buf4' of component 'Tri_State_Buffer_4_bit' [C:/Users/tharu/Vivado Projects/Nano Processor/NanoProcessor - Minimum Resourse Implementation/NanoProcessor/NanoProcessor.srcs/sources_1/new/MUX_8_way_4_bit.vhd:53]
INFO: [Synth 8-3491] module 'Tri_State_Buffer_4_bit' declared at 'C:/Users/tharu/Vivado Projects/Nano Processor/NanoProcessor - Minimum Resourse Implementation/NanoProcessor/NanoProcessor.srcs/sources_1/new/Tri_State_Buffer_4_bit.vhd:4' bound to instance 'Buf5' of component 'Tri_State_Buffer_4_bit' [C:/Users/tharu/Vivado Projects/Nano Processor/NanoProcessor - Minimum Resourse Implementation/NanoProcessor/NanoProcessor.srcs/sources_1/new/MUX_8_way_4_bit.vhd:58]
INFO: [Synth 8-3491] module 'Tri_State_Buffer_4_bit' declared at 'C:/Users/tharu/Vivado Projects/Nano Processor/NanoProcessor - Minimum Resourse Implementation/NanoProcessor/NanoProcessor.srcs/sources_1/new/Tri_State_Buffer_4_bit.vhd:4' bound to instance 'Buf6' of component 'Tri_State_Buffer_4_bit' [C:/Users/tharu/Vivado Projects/Nano Processor/NanoProcessor - Minimum Resourse Implementation/NanoProcessor/NanoProcessor.srcs/sources_1/new/MUX_8_way_4_bit.vhd:63]
INFO: [Synth 8-3491] module 'Tri_State_Buffer_4_bit' declared at 'C:/Users/tharu/Vivado Projects/Nano Processor/NanoProcessor - Minimum Resourse Implementation/NanoProcessor/NanoProcessor.srcs/sources_1/new/Tri_State_Buffer_4_bit.vhd:4' bound to instance 'Buf7' of component 'Tri_State_Buffer_4_bit' [C:/Users/tharu/Vivado Projects/Nano Processor/NanoProcessor - Minimum Resourse Implementation/NanoProcessor/NanoProcessor.srcs/sources_1/new/MUX_8_way_4_bit.vhd:68]
INFO: [Synth 8-226] default block is never used [C:/Users/tharu/Vivado Projects/Nano Processor/NanoProcessor - Minimum Resourse Implementation/NanoProcessor/NanoProcessor.srcs/sources_1/new/MUX_8_way_4_bit.vhd:78]
INFO: [Synth 8-256] done synthesizing module 'MUX_8_way_4_bit' (9#1) [C:/Users/tharu/Vivado Projects/Nano Processor/NanoProcessor - Minimum Resourse Implementation/NanoProcessor/NanoProcessor.srcs/sources_1/new/MUX_8_way_4_bit.vhd:19]
INFO: [Synth 8-3491] module 'MUX_8_way_4_bit' declared at 'C:/Users/tharu/Vivado Projects/Nano Processor/NanoProcessor - Minimum Resourse Implementation/NanoProcessor/NanoProcessor.srcs/sources_1/new/MUX_8_way_4_bit.vhd:4' bound to instance 'MUX_B' of component 'MUX_8_way_4_bit' [C:/Users/tharu/Vivado Projects/Nano Processor/NanoProcessor - Minimum Resourse Implementation/NanoProcessor/NanoProcessor.srcs/sources_1/new/Nano_Processor.vhd:221]
INFO: [Synth 8-3491] module 'Register_Bank' declared at 'C:/Users/tharu/Vivado Projects/Nano Processor/NanoProcessor - Minimum Resourse Implementation/NanoProcessor/NanoProcessor.srcs/sources_1/new/Register_Bank.vhd:34' bound to instance 'Register_Bank_0' of component 'Register_Bank' [C:/Users/tharu/Vivado Projects/Nano Processor/NanoProcessor - Minimum Resourse Implementation/NanoProcessor/NanoProcessor.srcs/sources_1/new/Nano_Processor.vhd:234]
INFO: [Synth 8-638] synthesizing module 'Register_Bank' [C:/Users/tharu/Vivado Projects/Nano Processor/NanoProcessor - Minimum Resourse Implementation/NanoProcessor/NanoProcessor.srcs/sources_1/new/Register_Bank.vhd:49]
INFO: [Synth 8-3491] module 'Decoder_3_to_8' declared at 'C:/Users/tharu/Vivado Projects/Nano Processor/NanoProcessor - Minimum Resourse Implementation/NanoProcessor/NanoProcessor.srcs/sources_1/new/Decoder_3_to_8.vhd:34' bound to instance 'Decoder_3_to_8_0' of component 'Decoder_3_to_8' [C:/Users/tharu/Vivado Projects/Nano Processor/NanoProcessor - Minimum Resourse Implementation/NanoProcessor/NanoProcessor.srcs/sources_1/new/Register_Bank.vhd:80]
INFO: [Synth 8-638] synthesizing module 'Decoder_3_to_8' [C:/Users/tharu/Vivado Projects/Nano Processor/NanoProcessor - Minimum Resourse Implementation/NanoProcessor/NanoProcessor.srcs/sources_1/new/Decoder_3_to_8.vhd:40]
INFO: [Synth 8-3491] module 'Decoder_2_to_4' declared at 'C:/Users/tharu/Vivado Projects/Nano Processor/NanoProcessor - Minimum Resourse Implementation/NanoProcessor/NanoProcessor.srcs/sources_1/new/Decoder_2_to_4.vhd:34' bound to instance 'Decoder_2_to_4_0' of component 'Decoder_2_to_4' [C:/Users/tharu/Vivado Projects/Nano Processor/NanoProcessor - Minimum Resourse Implementation/NanoProcessor/NanoProcessor.srcs/sources_1/new/Decoder_3_to_8.vhd:54]
INFO: [Synth 8-638] synthesizing module 'Decoder_2_to_4' [C:/Users/tharu/Vivado Projects/Nano Processor/NanoProcessor - Minimum Resourse Implementation/NanoProcessor/NanoProcessor.srcs/sources_1/new/Decoder_2_to_4.vhd:40]
INFO: [Synth 8-256] done synthesizing module 'Decoder_2_to_4' (10#1) [C:/Users/tharu/Vivado Projects/Nano Processor/NanoProcessor - Minimum Resourse Implementation/NanoProcessor/NanoProcessor.srcs/sources_1/new/Decoder_2_to_4.vhd:40]
INFO: [Synth 8-3491] module 'Decoder_2_to_4' declared at 'C:/Users/tharu/Vivado Projects/Nano Processor/NanoProcessor - Minimum Resourse Implementation/NanoProcessor/NanoProcessor.srcs/sources_1/new/Decoder_2_to_4.vhd:34' bound to instance 'Decoder_2_to_4_1' of component 'Decoder_2_to_4' [C:/Users/tharu/Vivado Projects/Nano Processor/NanoProcessor - Minimum Resourse Implementation/NanoProcessor/NanoProcessor.srcs/sources_1/new/Decoder_3_to_8.vhd:60]
INFO: [Synth 8-256] done synthesizing module 'Decoder_3_to_8' (11#1) [C:/Users/tharu/Vivado Projects/Nano Processor/NanoProcessor - Minimum Resourse Implementation/NanoProcessor/NanoProcessor.srcs/sources_1/new/Decoder_3_to_8.vhd:40]
INFO: [Synth 8-3491] module 'Reg' declared at 'C:/Users/tharu/Vivado Projects/Nano Processor/NanoProcessor - Minimum Resourse Implementation/NanoProcessor/NanoProcessor.srcs/sources_1/new/Reg.vhd:34' bound to instance 'Reg_0' of component 'Reg' [C:/Users/tharu/Vivado Projects/Nano Processor/NanoProcessor - Minimum Resourse Implementation/NanoProcessor/NanoProcessor.srcs/sources_1/new/Register_Bank.vhd:88]
INFO: [Synth 8-638] synthesizing module 'Reg' [C:/Users/tharu/Vivado Projects/Nano Processor/NanoProcessor - Minimum Resourse Implementation/NanoProcessor/NanoProcessor.srcs/sources_1/new/Reg.vhd:43]
INFO: [Synth 8-256] done synthesizing module 'Reg' (12#1) [C:/Users/tharu/Vivado Projects/Nano Processor/NanoProcessor - Minimum Resourse Implementation/NanoProcessor/NanoProcessor.srcs/sources_1/new/Reg.vhd:43]
INFO: [Synth 8-3491] module 'Reg' declared at 'C:/Users/tharu/Vivado Projects/Nano Processor/NanoProcessor - Minimum Resourse Implementation/NanoProcessor/NanoProcessor.srcs/sources_1/new/Reg.vhd:34' bound to instance 'Reg_1' of component 'Reg' [C:/Users/tharu/Vivado Projects/Nano Processor/NanoProcessor - Minimum Resourse Implementation/NanoProcessor/NanoProcessor.srcs/sources_1/new/Register_Bank.vhd:96]
INFO: [Synth 8-3491] module 'Reg' declared at 'C:/Users/tharu/Vivado Projects/Nano Processor/NanoProcessor - Minimum Resourse Implementation/NanoProcessor/NanoProcessor.srcs/sources_1/new/Reg.vhd:34' bound to instance 'Reg_2' of component 'Reg' [C:/Users/tharu/Vivado Projects/Nano Processor/NanoProcessor - Minimum Resourse Implementation/NanoProcessor/NanoProcessor.srcs/sources_1/new/Register_Bank.vhd:104]
INFO: [Synth 8-3491] module 'Reg' declared at 'C:/Users/tharu/Vivado Projects/Nano Processor/NanoProcessor - Minimum Resourse Implementation/NanoProcessor/NanoProcessor.srcs/sources_1/new/Reg.vhd:34' bound to instance 'Reg_3' of component 'Reg' [C:/Users/tharu/Vivado Projects/Nano Processor/NanoProcessor - Minimum Resourse Implementation/NanoProcessor/NanoProcessor.srcs/sources_1/new/Register_Bank.vhd:112]
INFO: [Synth 8-3491] module 'Reg' declared at 'C:/Users/tharu/Vivado Projects/Nano Processor/NanoProcessor - Minimum Resourse Implementation/NanoProcessor/NanoProcessor.srcs/sources_1/new/Reg.vhd:34' bound to instance 'Reg_4' of component 'Reg' [C:/Users/tharu/Vivado Projects/Nano Processor/NanoProcessor - Minimum Resourse Implementation/NanoProcessor/NanoProcessor.srcs/sources_1/new/Register_Bank.vhd:120]
INFO: [Synth 8-3491] module 'Reg' declared at 'C:/Users/tharu/Vivado Projects/Nano Processor/NanoProcessor - Minimum Resourse Implementation/NanoProcessor/NanoProcessor.srcs/sources_1/new/Reg.vhd:34' bound to instance 'Reg_5' of component 'Reg' [C:/Users/tharu/Vivado Projects/Nano Processor/NanoProcessor - Minimum Resourse Implementation/NanoProcessor/NanoProcessor.srcs/sources_1/new/Register_Bank.vhd:128]
INFO: [Synth 8-3491] module 'Reg' declared at 'C:/Users/tharu/Vivado Projects/Nano Processor/NanoProcessor - Minimum Resourse Implementation/NanoProcessor/NanoProcessor.srcs/sources_1/new/Reg.vhd:34' bound to instance 'Reg_6' of component 'Reg' [C:/Users/tharu/Vivado Projects/Nano Processor/NanoProcessor - Minimum Resourse Implementation/NanoProcessor/NanoProcessor.srcs/sources_1/new/Register_Bank.vhd:136]
INFO: [Synth 8-3491] module 'Reg' declared at 'C:/Users/tharu/Vivado Projects/Nano Processor/NanoProcessor - Minimum Resourse Implementation/NanoProcessor/NanoProcessor.srcs/sources_1/new/Reg.vhd:34' bound to instance 'Reg_7' of component 'Reg' [C:/Users/tharu/Vivado Projects/Nano Processor/NanoProcessor - Minimum Resourse Implementation/NanoProcessor/NanoProcessor.srcs/sources_1/new/Register_Bank.vhd:144]
INFO: [Synth 8-256] done synthesizing module 'Register_Bank' (13#1) [C:/Users/tharu/Vivado Projects/Nano Processor/NanoProcessor - Minimum Resourse Implementation/NanoProcessor/NanoProcessor.srcs/sources_1/new/Register_Bank.vhd:49]
INFO: [Synth 8-3491] module 'MUX_2_way_3_bit' declared at 'C:/Users/tharu/Vivado Projects/Nano Processor/NanoProcessor - Minimum Resourse Implementation/NanoProcessor/NanoProcessor.srcs/sources_1/new/MUX_2_way_3_bit.vhd:4' bound to instance 'MUX_2_way_3_bit_0' of component 'MUX_2_way_3_bit' [C:/Users/tharu/Vivado Projects/Nano Processor/NanoProcessor - Minimum Resourse Implementation/NanoProcessor/NanoProcessor.srcs/sources_1/new/Nano_Processor.vhd:250]
INFO: [Synth 8-638] synthesizing module 'MUX_2_way_3_bit' [C:/Users/tharu/Vivado Projects/Nano Processor/NanoProcessor - Minimum Resourse Implementation/NanoProcessor/NanoProcessor.srcs/sources_1/new/MUX_2_way_3_bit.vhd:11]
INFO: [Synth 8-3491] module 'Tri_State_Buffer_3_bit' declared at 'C:/Users/tharu/Vivado Projects/Nano Processor/NanoProcessor - Minimum Resourse Implementation/NanoProcessor/NanoProcessor.srcs/sources_1/new/Tri_State_Buffer_3_bit.vhd:4' bound to instance 'Buffer_Adder' of component 'Tri_State_Buffer_3_bit' [C:/Users/tharu/Vivado Projects/Nano Processor/NanoProcessor - Minimum Resourse Implementation/NanoProcessor/NanoProcessor.srcs/sources_1/new/MUX_2_way_3_bit.vhd:25]
INFO: [Synth 8-638] synthesizing module 'Tri_State_Buffer_3_bit' [C:/Users/tharu/Vivado Projects/Nano Processor/NanoProcessor - Minimum Resourse Implementation/NanoProcessor/NanoProcessor.srcs/sources_1/new/Tri_State_Buffer_3_bit.vhd:10]
INFO: [Synth 8-256] done synthesizing module 'Tri_State_Buffer_3_bit' (14#1) [C:/Users/tharu/Vivado Projects/Nano Processor/NanoProcessor - Minimum Resourse Implementation/NanoProcessor/NanoProcessor.srcs/sources_1/new/Tri_State_Buffer_3_bit.vhd:10]
INFO: [Synth 8-3491] module 'Tri_State_Buffer_3_bit' declared at 'C:/Users/tharu/Vivado Projects/Nano Processor/NanoProcessor - Minimum Resourse Implementation/NanoProcessor/NanoProcessor.srcs/sources_1/new/Tri_State_Buffer_3_bit.vhd:4' bound to instance 'Buffer_Jumper' of component 'Tri_State_Buffer_3_bit' [C:/Users/tharu/Vivado Projects/Nano Processor/NanoProcessor - Minimum Resourse Implementation/NanoProcessor/NanoProcessor.srcs/sources_1/new/MUX_2_way_3_bit.vhd:33]
INFO: [Synth 8-256] done synthesizing module 'MUX_2_way_3_bit' (15#1) [C:/Users/tharu/Vivado Projects/Nano Processor/NanoProcessor - Minimum Resourse Implementation/NanoProcessor/NanoProcessor.srcs/sources_1/new/MUX_2_way_3_bit.vhd:11]
INFO: [Synth 8-3491] module 'MUX_2_way_4_bit' declared at 'C:/Users/tharu/Vivado Projects/Nano Processor/NanoProcessor - Minimum Resourse Implementation/NanoProcessor/NanoProcessor.srcs/sources_1/new/MUX_2_way_4_bit.vhd:34' bound to instance 'MUX_2_way_4_bit_0' of component 'MUX_2_way_4_bit' [C:/Users/tharu/Vivado Projects/Nano Processor/NanoProcessor - Minimum Resourse Implementation/NanoProcessor/NanoProcessor.srcs/sources_1/new/Nano_Processor.vhd:258]
INFO: [Synth 8-638] synthesizing module 'MUX_2_way_4_bit' [C:/Users/tharu/Vivado Projects/Nano Processor/NanoProcessor - Minimum Resourse Implementation/NanoProcessor/NanoProcessor.srcs/sources_1/new/MUX_2_way_4_bit.vhd:41]
INFO: [Synth 8-3491] module 'Tri_State_Buffer_4_bit' declared at 'C:/Users/tharu/Vivado Projects/Nano Processor/NanoProcessor - Minimum Resourse Implementation/NanoProcessor/NanoProcessor.srcs/sources_1/new/Tri_State_Buffer_4_bit.vhd:4' bound to instance 'Buffer_Immediate_Value' of component 'Tri_State_Buffer_4_bit' [C:/Users/tharu/Vivado Projects/Nano Processor/NanoProcessor - Minimum Resourse Implementation/NanoProcessor/NanoProcessor.srcs/sources_1/new/MUX_2_way_4_bit.vhd:55]
INFO: [Synth 8-3491] module 'Tri_State_Buffer_4_bit' declared at 'C:/Users/tharu/Vivado Projects/Nano Processor/NanoProcessor - Minimum Resourse Implementation/NanoProcessor/NanoProcessor.srcs/sources_1/new/Tri_State_Buffer_4_bit.vhd:4' bound to instance 'Buffer_Add_Sub_Output' of component 'Tri_State_Buffer_4_bit' [C:/Users/tharu/Vivado Projects/Nano Processor/NanoProcessor - Minimum Resourse Implementation/NanoProcessor/NanoProcessor.srcs/sources_1/new/MUX_2_way_4_bit.vhd:63]
INFO: [Synth 8-256] done synthesizing module 'MUX_2_way_4_bit' (16#1) [C:/Users/tharu/Vivado Projects/Nano Processor/NanoProcessor - Minimum Resourse Implementation/NanoProcessor/NanoProcessor.srcs/sources_1/new/MUX_2_way_4_bit.vhd:41]
INFO: [Synth 8-3491] module 'Instruction_Decoder' declared at 'C:/Users/tharu/Vivado Projects/Nano Processor/NanoProcessor - Minimum Resourse Implementation/NanoProcessor/NanoProcessor.srcs/sources_1/new/Instruction_Decoder.vhd:34' bound to instance 'Instruction_Decoder_0' of component 'Instruction_Decoder' [C:/Users/tharu/Vivado Projects/Nano Processor/NanoProcessor - Minimum Resourse Implementation/NanoProcessor/NanoProcessor.srcs/sources_1/new/Nano_Processor.vhd:265]
INFO: [Synth 8-638] synthesizing module 'Instruction_Decoder' [C:/Users/tharu/Vivado Projects/Nano Processor/NanoProcessor - Minimum Resourse Implementation/NanoProcessor/NanoProcessor.srcs/sources_1/new/Instruction_Decoder.vhd:47]
INFO: [Synth 8-3491] module 'Decoder_2_to_4' declared at 'C:/Users/tharu/Vivado Projects/Nano Processor/NanoProcessor - Minimum Resourse Implementation/NanoProcessor/NanoProcessor.srcs/sources_1/new/Decoder_2_to_4.vhd:34' bound to instance 'Decoder_2_to_4_0' of component 'Decoder_2_to_4' [C:/Users/tharu/Vivado Projects/Nano Processor/NanoProcessor - Minimum Resourse Implementation/NanoProcessor/NanoProcessor.srcs/sources_1/new/Instruction_Decoder.vhd:59]
INFO: [Synth 8-256] done synthesizing module 'Instruction_Decoder' (17#1) [C:/Users/tharu/Vivado Projects/Nano Processor/NanoProcessor - Minimum Resourse Implementation/NanoProcessor/NanoProcessor.srcs/sources_1/new/Instruction_Decoder.vhd:47]
INFO: [Synth 8-3491] module 'Program_ROM' declared at 'C:/Users/tharu/Vivado Projects/Nano Processor/NanoProcessor - Minimum Resourse Implementation/NanoProcessor/NanoProcessor.srcs/sources_1/new/Program_ROM.vhd:5' bound to instance 'Program_ROM_0' of component 'Program_ROM' [C:/Users/tharu/Vivado Projects/Nano Processor/NanoProcessor - Minimum Resourse Implementation/NanoProcessor/NanoProcessor.srcs/sources_1/new/Nano_Processor.vhd:278]
INFO: [Synth 8-638] synthesizing module 'Program_ROM' [C:/Users/tharu/Vivado Projects/Nano Processor/NanoProcessor - Minimum Resourse Implementation/NanoProcessor/NanoProcessor.srcs/sources_1/new/Program_ROM.vhd:10]
INFO: [Synth 8-256] done synthesizing module 'Program_ROM' (18#1) [C:/Users/tharu/Vivado Projects/Nano Processor/NanoProcessor - Minimum Resourse Implementation/NanoProcessor/NanoProcessor.srcs/sources_1/new/Program_ROM.vhd:10]
INFO: [Synth 8-3491] module 'Seven_Segment_Display' declared at 'C:/Users/tharu/Vivado Projects/Nano Processor/NanoProcessor - Minimum Resourse Implementation/NanoProcessor/NanoProcessor.srcs/sources_1/new/Seven_Segment_Display.vhd:26' bound to instance 'Seven_Segement_Display_0' of component 'Seven_Segment_Display' [C:/Users/tharu/Vivado Projects/Nano Processor/NanoProcessor - Minimum Resourse Implementation/NanoProcessor/NanoProcessor.srcs/sources_1/new/Nano_Processor.vhd:283]
INFO: [Synth 8-638] synthesizing module 'Seven_Segment_Display' [C:/Users/tharu/Vivado Projects/Nano Processor/NanoProcessor - Minimum Resourse Implementation/NanoProcessor/NanoProcessor.srcs/sources_1/new/Seven_Segment_Display.vhd:31]
INFO: [Synth 8-256] done synthesizing module 'Seven_Segment_Display' (19#1) [C:/Users/tharu/Vivado Projects/Nano Processor/NanoProcessor - Minimum Resourse Implementation/NanoProcessor/NanoProcessor.srcs/sources_1/new/Seven_Segment_Display.vhd:31]
INFO: [Synth 8-256] done synthesizing module 'Nano_Processor' (20#1) [C:/Users/tharu/Vivado Projects/Nano Processor/NanoProcessor - Minimum Resourse Implementation/NanoProcessor/NanoProcessor.srcs/sources_1/new/Nano_Processor.vhd:44]
WARNING: [Synth 8-3917] design Nano_Processor has port Anode[3] driven by constant 1
WARNING: [Synth 8-3917] design Nano_Processor has port Anode[2] driven by constant 1
WARNING: [Synth 8-3917] design Nano_Processor has port Anode[1] driven by constant 1
WARNING: [Synth 8-3917] design Nano_Processor has port Anode[0] driven by constant 0
WARNING: [Synth 8-3331] design Adder_3_Bit has unconnected port C_in
---------------------------------------------------------------------------------
Finished RTL Elaboration : Time (s): cpu = 00:00:05 ; elapsed = 00:00:06 . Memory (MB): peak = 1989.363 ; gain = 64.172
---------------------------------------------------------------------------------

Report Check Netlist: 
+------+------------------+-------+---------+-------+------------------+
|      |Item              |Errors |Warnings |Status |Description       |
+------+------------------+-------+---------+-------+------------------+
|1     |multi_driven_nets |      0|        0|Passed |Multi driven nets |
+------+------------------+-------+---------+-------+------------------+
---------------------------------------------------------------------------------
Start Handling Custom Attributes
---------------------------------------------------------------------------------
---------------------------------------------------------------------------------
Finished Handling Custom Attributes : Time (s): cpu = 00:00:05 ; elapsed = 00:00:06 . Memory (MB): peak = 1989.363 ; gain = 64.172
---------------------------------------------------------------------------------
---------------------------------------------------------------------------------
Finished RTL Optimization Phase 1 : Time (s): cpu = 00:00:05 ; elapsed = 00:00:06 . Memory (MB): peak = 1989.363 ; gain = 64.172
---------------------------------------------------------------------------------
INFO: [Project 1-570] Preparing netlist for logic optimization
INFO: [Opt 31-141] Inserted 4 OBUFs to IO ports without IO buffers.

Processing XDC Constraints
Initializing timing engine
Parsing XDC File [C:/Users/tharu/Vivado Projects/Nano Processor/NanoProcessor - Minimum Resourse Implementation/NanoProcessor/NanoProcessor.srcs/constrs_1/new/Basys3Labs.xdc]
Finished Parsing XDC File [C:/Users/tharu/Vivado Projects/Nano Processor/NanoProcessor - Minimum Resourse Implementation/NanoProcessor/NanoProcessor.srcs/constrs_1/new/Basys3Labs.xdc]
Completed Processing XDC Constraints

INFO: [Opt 31-138] Pushed 0 inverter(s) to 0 load pin(s).
INFO: [Project 1-111] Unisim Transformation Summary:
No Unisim elements were transformed.

RTL Elaboration Complete:  : Time (s): cpu = 00:00:08 ; elapsed = 00:00:08 . Memory (MB): peak = 2137.555 ; gain = 212.363
93 Infos, 5 Warnings, 0 Critical Warnings and 0 Errors encountered.
synth_design completed successfully
synth_design: Time (s): cpu = 00:00:08 ; elapsed = 00:00:08 . Memory (MB): peak = 2137.555 ; gain = 212.363
exit
INFO: [Common 17-206] Exiting Vivado at Sat May  4 17:37:37 2024...
