
*** Running vivado
    with args -log Nano_Processor.vds -m64 -product Vivado -mode batch -messageDb vivado.pb -notrace -source Nano_Processor.tcl


****** Vivado v2018.1 (64-bit)
  **** SW Build 2188600 on Wed Apr  4 18:40:38 MDT 2018
  **** IP Build 2185939 on Wed Apr  4 20:55:05 MDT 2018
    ** Copyright 1986-2018 Xilinx, Inc. All Rights Reserved.

source Nano_Processor.tcl -notrace
Command: synth_design -top Nano_Processor -part xc7a35tcpg236-1
Starting synth_design
Attempting to get a license for feature 'Synthesis' and/or device 'xc7a35t'
INFO: [Common 17-349] Got license for feature 'Synthesis' and/or device 'xc7a35t'
INFO: Launching helper process for spawning children vivado processes
INFO: Helper process launched with PID 15176 
---------------------------------------------------------------------------------
Starting RTL Elaboration : Time (s): cpu = 00:00:04 ; elapsed = 00:00:05 . Memory (MB): peak = 435.035 ; gain = 94.711
---------------------------------------------------------------------------------
INFO: [Synth 8-638] synthesizing module 'Nano_Processor' [C:/Users/tharu/Vivado Projects/Nano Processor/NanoProcessor - Additional Features/NanoProcessor/NanoProcessor.srcs/sources_1/new/Nano_Processor.vhd:40]
INFO: [Synth 8-3491] module 'Slow_Clk' declared at 'C:/Users/tharu/Vivado Projects/Nano Processor/NanoProcessor - Additional Features/NanoProcessor/NanoProcessor.srcs/sources_1/new/Slow_Clk.vhd:34' bound to instance 'Slow_Clk_0' of component 'Slow_Clk' [C:/Users/tharu/Vivado Projects/Nano Processor/NanoProcessor - Additional Features/NanoProcessor/NanoProcessor.srcs/sources_1/new/Nano_Processor.vhd:176]
INFO: [Synth 8-638] synthesizing module 'Slow_Clk' [C:/Users/tharu/Vivado Projects/Nano Processor/NanoProcessor - Additional Features/NanoProcessor/NanoProcessor.srcs/sources_1/new/Slow_Clk.vhd:39]
INFO: [Synth 8-256] done synthesizing module 'Slow_Clk' (1#1) [C:/Users/tharu/Vivado Projects/Nano Processor/NanoProcessor - Additional Features/NanoProcessor/NanoProcessor.srcs/sources_1/new/Slow_Clk.vhd:39]
INFO: [Synth 8-3491] module 'Adder_3_Bit' declared at 'C:/Users/tharu/Vivado Projects/Nano Processor/NanoProcessor - Additional Features/NanoProcessor/NanoProcessor.srcs/sources_1/new/Adder_3_bit.vhd:34' bound to instance 'Adder_3_bit_0' of component 'Adder_3_Bit' [C:/Users/tharu/Vivado Projects/Nano Processor/NanoProcessor - Additional Features/NanoProcessor/NanoProcessor.srcs/sources_1/new/Nano_Processor.vhd:181]
INFO: [Synth 8-638] synthesizing module 'Adder_3_Bit' [C:/Users/tharu/Vivado Projects/Nano Processor/NanoProcessor - Additional Features/NanoProcessor/NanoProcessor.srcs/sources_1/new/Adder_3_bit.vhd:40]
INFO: [Synth 8-3491] module 'FA' declared at 'C:/Users/tharu/Vivado Projects/Nano Processor/NanoProcessor - Additional Features/NanoProcessor/NanoProcessor.srcs/sources_1/new/FA.vhd:34' bound to instance 'FA_0' of component 'FA' [C:/Users/tharu/Vivado Projects/Nano Processor/NanoProcessor - Additional Features/NanoProcessor/NanoProcessor.srcs/sources_1/new/Adder_3_bit.vhd:53]
INFO: [Synth 8-638] synthesizing module 'FA' [C:/Users/tharu/Vivado Projects/Nano Processor/NanoProcessor - Additional Features/NanoProcessor/NanoProcessor.srcs/sources_1/new/FA.vhd:42]
INFO: [Synth 8-3491] module 'HA' declared at 'C:/Users/tharu/Vivado Projects/Nano Processor/NanoProcessor - Additional Features/NanoProcessor/NanoProcessor.srcs/sources_1/new/HA.vhd:34' bound to instance 'HA_0' of component 'HA' [C:/Users/tharu/Vivado Projects/Nano Processor/NanoProcessor - Additional Features/NanoProcessor/NanoProcessor.srcs/sources_1/new/FA.vhd:54]
INFO: [Synth 8-638] synthesizing module 'HA' [C:/Users/tharu/Vivado Projects/Nano Processor/NanoProcessor - Additional Features/NanoProcessor/NanoProcessor.srcs/sources_1/new/HA.vhd:41]
INFO: [Synth 8-256] done synthesizing module 'HA' (2#1) [C:/Users/tharu/Vivado Projects/Nano Processor/NanoProcessor - Additional Features/NanoProcessor/NanoProcessor.srcs/sources_1/new/HA.vhd:41]
INFO: [Synth 8-3491] module 'HA' declared at 'C:/Users/tharu/Vivado Projects/Nano Processor/NanoProcessor - Additional Features/NanoProcessor/NanoProcessor.srcs/sources_1/new/HA.vhd:34' bound to instance 'HA_1' of component 'HA' [C:/Users/tharu/Vivado Projects/Nano Processor/NanoProcessor - Additional Features/NanoProcessor/NanoProcessor.srcs/sources_1/new/FA.vhd:60]
INFO: [Synth 8-256] done synthesizing module 'FA' (3#1) [C:/Users/tharu/Vivado Projects/Nano Processor/NanoProcessor - Additional Features/NanoProcessor/NanoProcessor.srcs/sources_1/new/FA.vhd:42]
INFO: [Synth 8-3491] module 'FA' declared at 'C:/Users/tharu/Vivado Projects/Nano Processor/NanoProcessor - Additional Features/NanoProcessor/NanoProcessor.srcs/sources_1/new/FA.vhd:34' bound to instance 'FA_1' of component 'FA' [C:/Users/tharu/Vivado Projects/Nano Processor/NanoProcessor - Additional Features/NanoProcessor/NanoProcessor.srcs/sources_1/new/Adder_3_bit.vhd:60]
INFO: [Synth 8-3491] module 'FA' declared at 'C:/Users/tharu/Vivado Projects/Nano Processor/NanoProcessor - Additional Features/NanoProcessor/NanoProcessor.srcs/sources_1/new/FA.vhd:34' bound to instance 'FA_2' of component 'FA' [C:/Users/tharu/Vivado Projects/Nano Processor/NanoProcessor - Additional Features/NanoProcessor/NanoProcessor.srcs/sources_1/new/Adder_3_bit.vhd:67]
INFO: [Synth 8-256] done synthesizing module 'Adder_3_Bit' (4#1) [C:/Users/tharu/Vivado Projects/Nano Processor/NanoProcessor - Additional Features/NanoProcessor/NanoProcessor.srcs/sources_1/new/Adder_3_bit.vhd:40]
INFO: [Synth 8-3491] module 'Program_Counter' declared at 'C:/Users/tharu/Vivado Projects/Nano Processor/NanoProcessor - Additional Features/NanoProcessor/NanoProcessor.srcs/sources_1/new/Program_Counter.vhd:25' bound to instance 'Program_Counter_0' of component 'Program_Counter' [C:/Users/tharu/Vivado Projects/Nano Processor/NanoProcessor - Additional Features/NanoProcessor/NanoProcessor.srcs/sources_1/new/Nano_Processor.vhd:187]
INFO: [Synth 8-638] synthesizing module 'Program_Counter' [C:/Users/tharu/Vivado Projects/Nano Processor/NanoProcessor - Additional Features/NanoProcessor/NanoProcessor.srcs/sources_1/new/Program_Counter.vhd:32]
INFO: [Synth 8-3491] module 'D_FF' declared at 'C:/Users/tharu/Vivado Projects/Nano Processor/NanoProcessor - Additional Features/NanoProcessor/NanoProcessor.srcs/sources_1/new/DD_FF.vhd:26' bound to instance 'D_FF0' of component 'D_FF' [C:/Users/tharu/Vivado Projects/Nano Processor/NanoProcessor - Additional Features/NanoProcessor/NanoProcessor.srcs/sources_1/new/Program_Counter.vhd:44]
INFO: [Synth 8-638] synthesizing module 'D_FF' [C:/Users/tharu/Vivado Projects/Nano Processor/NanoProcessor - Additional Features/NanoProcessor/NanoProcessor.srcs/sources_1/new/DD_FF.vhd:34]
INFO: [Synth 8-256] done synthesizing module 'D_FF' (5#1) [C:/Users/tharu/Vivado Projects/Nano Processor/NanoProcessor - Additional Features/NanoProcessor/NanoProcessor.srcs/sources_1/new/DD_FF.vhd:34]
INFO: [Synth 8-3491] module 'D_FF' declared at 'C:/Users/tharu/Vivado Projects/Nano Processor/NanoProcessor - Additional Features/NanoProcessor/NanoProcessor.srcs/sources_1/new/DD_FF.vhd:26' bound to instance 'D_FF1' of component 'D_FF' [C:/Users/tharu/Vivado Projects/Nano Processor/NanoProcessor - Additional Features/NanoProcessor/NanoProcessor.srcs/sources_1/new/Program_Counter.vhd:51]
INFO: [Synth 8-3491] module 'D_FF' declared at 'C:/Users/tharu/Vivado Projects/Nano Processor/NanoProcessor - Additional Features/NanoProcessor/NanoProcessor.srcs/sources_1/new/DD_FF.vhd:26' bound to instance 'D_FF2' of component 'D_FF' [C:/Users/tharu/Vivado Projects/Nano Processor/NanoProcessor - Additional Features/NanoProcessor/NanoProcessor.srcs/sources_1/new/Program_Counter.vhd:58]
INFO: [Synth 8-256] done synthesizing module 'Program_Counter' (6#1) [C:/Users/tharu/Vivado Projects/Nano Processor/NanoProcessor - Additional Features/NanoProcessor/NanoProcessor.srcs/sources_1/new/Program_Counter.vhd:32]
INFO: [Synth 8-3491] module 'Adder_Subtractor_4_bit' declared at 'C:/Users/tharu/Vivado Projects/Nano Processor/NanoProcessor - Additional Features/NanoProcessor/NanoProcessor.srcs/sources_1/new/Adder_Subtractor_4_bit.vhd:34' bound to instance 'Adder_Subtractor_4_bit_0' of component 'Adder_Subtractor_4_bit' [C:/Users/tharu/Vivado Projects/Nano Processor/NanoProcessor - Additional Features/NanoProcessor/NanoProcessor.srcs/sources_1/new/Nano_Processor.vhd:194]
INFO: [Synth 8-638] synthesizing module 'Adder_Subtractor_4_bit' [C:/Users/tharu/Vivado Projects/Nano Processor/NanoProcessor - Additional Features/NanoProcessor/NanoProcessor.srcs/sources_1/new/Adder_Subtractor_4_bit.vhd:43]
INFO: [Synth 8-3491] module 'FA' declared at 'C:/Users/tharu/Vivado Projects/Nano Processor/NanoProcessor - Additional Features/NanoProcessor/NanoProcessor.srcs/sources_1/new/FA.vhd:34' bound to instance 'FA_0' of component 'FA' [C:/Users/tharu/Vivado Projects/Nano Processor/NanoProcessor - Additional Features/NanoProcessor/NanoProcessor.srcs/sources_1/new/Adder_Subtractor_4_bit.vhd:57]
INFO: [Synth 8-3491] module 'FA' declared at 'C:/Users/tharu/Vivado Projects/Nano Processor/NanoProcessor - Additional Features/NanoProcessor/NanoProcessor.srcs/sources_1/new/FA.vhd:34' bound to instance 'FA_1' of component 'FA' [C:/Users/tharu/Vivado Projects/Nano Processor/NanoProcessor - Additional Features/NanoProcessor/NanoProcessor.srcs/sources_1/new/Adder_Subtractor_4_bit.vhd:64]
INFO: [Synth 8-3491] module 'FA' declared at 'C:/Users/tharu/Vivado Projects/Nano Processor/NanoProcessor - Additional Features/NanoProcessor/NanoProcessor.srcs/sources_1/new/FA.vhd:34' bound to instance 'FA_2' of component 'FA' [C:/Users/tharu/Vivado Projects/Nano Processor/NanoProcessor - Additional Features/NanoProcessor/NanoProcessor.srcs/sources_1/new/Adder_Subtractor_4_bit.vhd:71]
INFO: [Synth 8-3491] module 'FA' declared at 'C:/Users/tharu/Vivado Projects/Nano Processor/NanoProcessor - Additional Features/NanoProcessor/NanoProcessor.srcs/sources_1/new/FA.vhd:34' bound to instance 'FA_3' of component 'FA' [C:/Users/tharu/Vivado Projects/Nano Processor/NanoProcessor - Additional Features/NanoProcessor/NanoProcessor.srcs/sources_1/new/Adder_Subtractor_4_bit.vhd:78]
INFO: [Synth 8-256] done synthesizing module 'Adder_Subtractor_4_bit' (7#1) [C:/Users/tharu/Vivado Projects/Nano Processor/NanoProcessor - Additional Features/NanoProcessor/NanoProcessor.srcs/sources_1/new/Adder_Subtractor_4_bit.vhd:43]
INFO: [Synth 8-3491] module 'MUX_8_way_4_bit' declared at 'C:/Users/tharu/Vivado Projects/Nano Processor/NanoProcessor - Additional Features/NanoProcessor/NanoProcessor.srcs/sources_1/new/MUX_8_way_4_bit.vhd:4' bound to instance 'MUX_A' of component 'MUX_8_way_4_bit' [C:/Users/tharu/Vivado Projects/Nano Processor/NanoProcessor - Additional Features/NanoProcessor/NanoProcessor.srcs/sources_1/new/Nano_Processor.vhd:203]
INFO: [Synth 8-638] synthesizing module 'MUX_8_way_4_bit' [C:/Users/tharu/Vivado Projects/Nano Processor/NanoProcessor - Additional Features/NanoProcessor/NanoProcessor.srcs/sources_1/new/MUX_8_way_4_bit.vhd:19]
INFO: [Synth 8-3491] module 'Tri_State_Buffer_4_bit' declared at 'C:/Users/tharu/Vivado Projects/Nano Processor/NanoProcessor - Additional Features/NanoProcessor/NanoProcessor.srcs/sources_1/new/Tri_State_Buffer_4_bit.vhd:4' bound to instance 'Buf0' of component 'Tri_State_Buffer_4_bit' [C:/Users/tharu/Vivado Projects/Nano Processor/NanoProcessor - Additional Features/NanoProcessor/NanoProcessor.srcs/sources_1/new/MUX_8_way_4_bit.vhd:33]
INFO: [Synth 8-638] synthesizing module 'Tri_State_Buffer_4_bit' [C:/Users/tharu/Vivado Projects/Nano Processor/NanoProcessor - Additional Features/NanoProcessor/NanoProcessor.srcs/sources_1/new/Tri_State_Buffer_4_bit.vhd:10]
INFO: [Synth 8-256] done synthesizing module 'Tri_State_Buffer_4_bit' (8#1) [C:/Users/tharu/Vivado Projects/Nano Processor/NanoProcessor - Additional Features/NanoProcessor/NanoProcessor.srcs/sources_1/new/Tri_State_Buffer_4_bit.vhd:10]
INFO: [Synth 8-3491] module 'Tri_State_Buffer_4_bit' declared at 'C:/Users/tharu/Vivado Projects/Nano Processor/NanoProcessor - Additional Features/NanoProcessor/NanoProcessor.srcs/sources_1/new/Tri_State_Buffer_4_bit.vhd:4' bound to instance 'Buf1' of component 'Tri_State_Buffer_4_bit' [C:/Users/tharu/Vivado Projects/Nano Processor/NanoProcessor - Additional Features/NanoProcessor/NanoProcessor.srcs/sources_1/new/MUX_8_way_4_bit.vhd:38]
INFO: [Synth 8-3491] module 'Tri_State_Buffer_4_bit' declared at 'C:/Users/tharu/Vivado Projects/Nano Processor/NanoProcessor - Additional Features/NanoProcessor/NanoProcessor.srcs/sources_1/new/Tri_State_Buffer_4_bit.vhd:4' bound to instance 'Buf2' of component 'Tri_State_Buffer_4_bit' [C:/Users/tharu/Vivado Projects/Nano Processor/NanoProcessor - Additional Features/NanoProcessor/NanoProcessor.srcs/sources_1/new/MUX_8_way_4_bit.vhd:43]
INFO: [Synth 8-3491] module 'Tri_State_Buffer_4_bit' declared at 'C:/Users/tharu/Vivado Projects/Nano Processor/NanoProcessor - Additional Features/NanoProcessor/NanoProcessor.srcs/sources_1/new/Tri_State_Buffer_4_bit.vhd:4' bound to instance 'Buf3' of component 'Tri_State_Buffer_4_bit' [C:/Users/tharu/Vivado Projects/Nano Processor/NanoProcessor - Additional Features/NanoProcessor/NanoProcessor.srcs/sources_1/new/MUX_8_way_4_bit.vhd:48]
INFO: [Synth 8-3491] module 'Tri_State_Buffer_4_bit' declared at 'C:/Users/tharu/Vivado Projects/Nano Processor/NanoProcessor - Additional Features/NanoProcessor/NanoProcessor.srcs/sources_1/new/Tri_State_Buffer_4_bit.vhd:4' bound to instance 'Buf4' of component 'Tri_State_Buffer_4_bit' [C:/Users/tharu/Vivado Projects/Nano Processor/NanoProcessor - Additional Features/NanoProcessor/NanoProcessor.srcs/sources_1/new/MUX_8_way_4_bit.vhd:53]
INFO: [Synth 8-3491] module 'Tri_State_Buffer_4_bit' declared at 'C:/Users/tharu/Vivado Projects/Nano Processor/NanoProcessor - Additional Features/NanoProcessor/NanoProcessor.srcs/sources_1/new/Tri_State_Buffer_4_bit.vhd:4' bound to instance 'Buf5' of component 'Tri_State_Buffer_4_bit' [C:/Users/tharu/Vivado Projects/Nano Processor/NanoProcessor - Additional Features/NanoProcessor/NanoProcessor.srcs/sources_1/new/MUX_8_way_4_bit.vhd:58]
INFO: [Synth 8-3491] module 'Tri_State_Buffer_4_bit' declared at 'C:/Users/tharu/Vivado Projects/Nano Processor/NanoProcessor - Additional Features/NanoProcessor/NanoProcessor.srcs/sources_1/new/Tri_State_Buffer_4_bit.vhd:4' bound to instance 'Buf6' of component 'Tri_State_Buffer_4_bit' [C:/Users/tharu/Vivado Projects/Nano Processor/NanoProcessor - Additional Features/NanoProcessor/NanoProcessor.srcs/sources_1/new/MUX_8_way_4_bit.vhd:63]
INFO: [Synth 8-3491] module 'Tri_State_Buffer_4_bit' declared at 'C:/Users/tharu/Vivado Projects/Nano Processor/NanoProcessor - Additional Features/NanoProcessor/NanoProcessor.srcs/sources_1/new/Tri_State_Buffer_4_bit.vhd:4' bound to instance 'Buf7' of component 'Tri_State_Buffer_4_bit' [C:/Users/tharu/Vivado Projects/Nano Processor/NanoProcessor - Additional Features/NanoProcessor/NanoProcessor.srcs/sources_1/new/MUX_8_way_4_bit.vhd:68]
INFO: [Synth 8-226] default block is never used [C:/Users/tharu/Vivado Projects/Nano Processor/NanoProcessor - Additional Features/NanoProcessor/NanoProcessor.srcs/sources_1/new/MUX_8_way_4_bit.vhd:78]
INFO: [Synth 8-256] done synthesizing module 'MUX_8_way_4_bit' (9#1) [C:/Users/tharu/Vivado Projects/Nano Processor/NanoProcessor - Additional Features/NanoProcessor/NanoProcessor.srcs/sources_1/new/MUX_8_way_4_bit.vhd:19]
INFO: [Synth 8-3491] module 'MUX_8_way_4_bit' declared at 'C:/Users/tharu/Vivado Projects/Nano Processor/NanoProcessor - Additional Features/NanoProcessor/NanoProcessor.srcs/sources_1/new/MUX_8_way_4_bit.vhd:4' bound to instance 'MUX_B' of component 'MUX_8_way_4_bit' [C:/Users/tharu/Vivado Projects/Nano Processor/NanoProcessor - Additional Features/NanoProcessor/NanoProcessor.srcs/sources_1/new/Nano_Processor.vhd:216]
INFO: [Synth 8-3491] module 'Register_Bank' declared at 'C:/Users/tharu/Vivado Projects/Nano Processor/NanoProcessor - Additional Features/NanoProcessor/NanoProcessor.srcs/sources_1/new/Register_Bank.vhd:34' bound to instance 'Register_Bank_0' of component 'Register_Bank' [C:/Users/tharu/Vivado Projects/Nano Processor/NanoProcessor - Additional Features/NanoProcessor/NanoProcessor.srcs/sources_1/new/Nano_Processor.vhd:229]
INFO: [Synth 8-638] synthesizing module 'Register_Bank' [C:/Users/tharu/Vivado Projects/Nano Processor/NanoProcessor - Additional Features/NanoProcessor/NanoProcessor.srcs/sources_1/new/Register_Bank.vhd:49]
INFO: [Synth 8-3491] module 'Decoder_3_to_8' declared at 'C:/Users/tharu/Vivado Projects/Nano Processor/NanoProcessor - Additional Features/NanoProcessor/NanoProcessor.srcs/sources_1/new/Decoder_3_to_8.vhd:34' bound to instance 'Decoder_3_to_8_0' of component 'Decoder_3_to_8' [C:/Users/tharu/Vivado Projects/Nano Processor/NanoProcessor - Additional Features/NanoProcessor/NanoProcessor.srcs/sources_1/new/Register_Bank.vhd:71]
INFO: [Synth 8-638] synthesizing module 'Decoder_3_to_8' [C:/Users/tharu/Vivado Projects/Nano Processor/NanoProcessor - Additional Features/NanoProcessor/NanoProcessor.srcs/sources_1/new/Decoder_3_to_8.vhd:40]
INFO: [Synth 8-3491] module 'Decoder_2_to_4' declared at 'C:/Users/tharu/Vivado Projects/Nano Processor/NanoProcessor - Additional Features/NanoProcessor/NanoProcessor.srcs/sources_1/new/Decoder_2_to_4.vhd:34' bound to instance 'Decoder_2_to_4_0' of component 'Decoder_2_to_4' [C:/Users/tharu/Vivado Projects/Nano Processor/NanoProcessor - Additional Features/NanoProcessor/NanoProcessor.srcs/sources_1/new/Decoder_3_to_8.vhd:54]
INFO: [Synth 8-638] synthesizing module 'Decoder_2_to_4' [C:/Users/tharu/Vivado Projects/Nano Processor/NanoProcessor - Additional Features/NanoProcessor/NanoProcessor.srcs/sources_1/new/Decoder_2_to_4.vhd:40]
INFO: [Synth 8-256] done synthesizing module 'Decoder_2_to_4' (10#1) [C:/Users/tharu/Vivado Projects/Nano Processor/NanoProcessor - Additional Features/NanoProcessor/NanoProcessor.srcs/sources_1/new/Decoder_2_to_4.vhd:40]
INFO: [Synth 8-3491] module 'Decoder_2_to_4' declared at 'C:/Users/tharu/Vivado Projects/Nano Processor/NanoProcessor - Additional Features/NanoProcessor/NanoProcessor.srcs/sources_1/new/Decoder_2_to_4.vhd:34' bound to instance 'Decoder_2_to_4_1' of component 'Decoder_2_to_4' [C:/Users/tharu/Vivado Projects/Nano Processor/NanoProcessor - Additional Features/NanoProcessor/NanoProcessor.srcs/sources_1/new/Decoder_3_to_8.vhd:60]
INFO: [Synth 8-256] done synthesizing module 'Decoder_3_to_8' (11#1) [C:/Users/tharu/Vivado Projects/Nano Processor/NanoProcessor - Additional Features/NanoProcessor/NanoProcessor.srcs/sources_1/new/Decoder_3_to_8.vhd:40]
INFO: [Synth 8-3491] module 'Reg' declared at 'C:/Users/tharu/Vivado Projects/Nano Processor/NanoProcessor - Additional Features/NanoProcessor/NanoProcessor.srcs/sources_1/new/Reg.vhd:34' bound to instance 'Reg_0' of component 'Reg' [C:/Users/tharu/Vivado Projects/Nano Processor/NanoProcessor - Additional Features/NanoProcessor/NanoProcessor.srcs/sources_1/new/Register_Bank.vhd:79]
INFO: [Synth 8-638] synthesizing module 'Reg' [C:/Users/tharu/Vivado Projects/Nano Processor/NanoProcessor - Additional Features/NanoProcessor/NanoProcessor.srcs/sources_1/new/Reg.vhd:43]
INFO: [Synth 8-256] done synthesizing module 'Reg' (12#1) [C:/Users/tharu/Vivado Projects/Nano Processor/NanoProcessor - Additional Features/NanoProcessor/NanoProcessor.srcs/sources_1/new/Reg.vhd:43]
INFO: [Synth 8-3491] module 'Reg' declared at 'C:/Users/tharu/Vivado Projects/Nano Processor/NanoProcessor - Additional Features/NanoProcessor/NanoProcessor.srcs/sources_1/new/Reg.vhd:34' bound to instance 'Reg_1' of component 'Reg' [C:/Users/tharu/Vivado Projects/Nano Processor/NanoProcessor - Additional Features/NanoProcessor/NanoProcessor.srcs/sources_1/new/Register_Bank.vhd:87]
INFO: [Synth 8-3491] module 'Reg' declared at 'C:/Users/tharu/Vivado Projects/Nano Processor/NanoProcessor - Additional Features/NanoProcessor/NanoProcessor.srcs/sources_1/new/Reg.vhd:34' bound to instance 'Reg_2' of component 'Reg' [C:/Users/tharu/Vivado Projects/Nano Processor/NanoProcessor - Additional Features/NanoProcessor/NanoProcessor.srcs/sources_1/new/Register_Bank.vhd:95]
INFO: [Synth 8-3491] module 'Reg' declared at 'C:/Users/tharu/Vivado Projects/Nano Processor/NanoProcessor - Additional Features/NanoProcessor/NanoProcessor.srcs/sources_1/new/Reg.vhd:34' bound to instance 'Reg_3' of component 'Reg' [C:/Users/tharu/Vivado Projects/Nano Processor/NanoProcessor - Additional Features/NanoProcessor/NanoProcessor.srcs/sources_1/new/Register_Bank.vhd:103]
INFO: [Synth 8-3491] module 'Reg' declared at 'C:/Users/tharu/Vivado Projects/Nano Processor/NanoProcessor - Additional Features/NanoProcessor/NanoProcessor.srcs/sources_1/new/Reg.vhd:34' bound to instance 'Reg_4' of component 'Reg' [C:/Users/tharu/Vivado Projects/Nano Processor/NanoProcessor - Additional Features/NanoProcessor/NanoProcessor.srcs/sources_1/new/Register_Bank.vhd:111]
INFO: [Synth 8-3491] module 'Reg' declared at 'C:/Users/tharu/Vivado Projects/Nano Processor/NanoProcessor - Additional Features/NanoProcessor/NanoProcessor.srcs/sources_1/new/Reg.vhd:34' bound to instance 'Reg_5' of component 'Reg' [C:/Users/tharu/Vivado Projects/Nano Processor/NanoProcessor - Additional Features/NanoProcessor/NanoProcessor.srcs/sources_1/new/Register_Bank.vhd:119]
INFO: [Synth 8-3491] module 'Reg' declared at 'C:/Users/tharu/Vivado Projects/Nano Processor/NanoProcessor - Additional Features/NanoProcessor/NanoProcessor.srcs/sources_1/new/Reg.vhd:34' bound to instance 'Reg_6' of component 'Reg' [C:/Users/tharu/Vivado Projects/Nano Processor/NanoProcessor - Additional Features/NanoProcessor/NanoProcessor.srcs/sources_1/new/Register_Bank.vhd:127]
INFO: [Synth 8-3491] module 'Reg' declared at 'C:/Users/tharu/Vivado Projects/Nano Processor/NanoProcessor - Additional Features/NanoProcessor/NanoProcessor.srcs/sources_1/new/Reg.vhd:34' bound to instance 'Reg_7' of component 'Reg' [C:/Users/tharu/Vivado Projects/Nano Processor/NanoProcessor - Additional Features/NanoProcessor/NanoProcessor.srcs/sources_1/new/Register_Bank.vhd:135]
INFO: [Synth 8-256] done synthesizing module 'Register_Bank' (13#1) [C:/Users/tharu/Vivado Projects/Nano Processor/NanoProcessor - Additional Features/NanoProcessor/NanoProcessor.srcs/sources_1/new/Register_Bank.vhd:49]
INFO: [Synth 8-3491] module 'MUX_2_way_3_bit' declared at 'C:/Users/tharu/Vivado Projects/Nano Processor/NanoProcessor - Additional Features/NanoProcessor/NanoProcessor.srcs/sources_1/new/MUX_2_way_3_bit.vhd:4' bound to instance 'MUX_2_way_3_bit_0' of component 'MUX_2_way_3_bit' [C:/Users/tharu/Vivado Projects/Nano Processor/NanoProcessor - Additional Features/NanoProcessor/NanoProcessor.srcs/sources_1/new/Nano_Processor.vhd:244]
INFO: [Synth 8-638] synthesizing module 'MUX_2_way_3_bit' [C:/Users/tharu/Vivado Projects/Nano Processor/NanoProcessor - Additional Features/NanoProcessor/NanoProcessor.srcs/sources_1/new/MUX_2_way_3_bit.vhd:11]
INFO: [Synth 8-3491] module 'Tri_State_Buffer_3_bit' declared at 'C:/Users/tharu/Vivado Projects/Nano Processor/NanoProcessor - Additional Features/NanoProcessor/NanoProcessor.srcs/sources_1/new/Tri_State_Buffer_3_bit.vhd:4' bound to instance 'Buffer_Adder' of component 'Tri_State_Buffer_3_bit' [C:/Users/tharu/Vivado Projects/Nano Processor/NanoProcessor - Additional Features/NanoProcessor/NanoProcessor.srcs/sources_1/new/MUX_2_way_3_bit.vhd:25]
INFO: [Synth 8-638] synthesizing module 'Tri_State_Buffer_3_bit' [C:/Users/tharu/Vivado Projects/Nano Processor/NanoProcessor - Additional Features/NanoProcessor/NanoProcessor.srcs/sources_1/new/Tri_State_Buffer_3_bit.vhd:10]
INFO: [Synth 8-256] done synthesizing module 'Tri_State_Buffer_3_bit' (14#1) [C:/Users/tharu/Vivado Projects/Nano Processor/NanoProcessor - Additional Features/NanoProcessor/NanoProcessor.srcs/sources_1/new/Tri_State_Buffer_3_bit.vhd:10]
INFO: [Synth 8-3491] module 'Tri_State_Buffer_3_bit' declared at 'C:/Users/tharu/Vivado Projects/Nano Processor/NanoProcessor - Additional Features/NanoProcessor/NanoProcessor.srcs/sources_1/new/Tri_State_Buffer_3_bit.vhd:4' bound to instance 'Buffer_Jumper' of component 'Tri_State_Buffer_3_bit' [C:/Users/tharu/Vivado Projects/Nano Processor/NanoProcessor - Additional Features/NanoProcessor/NanoProcessor.srcs/sources_1/new/MUX_2_way_3_bit.vhd:32]
INFO: [Synth 8-256] done synthesizing module 'MUX_2_way_3_bit' (15#1) [C:/Users/tharu/Vivado Projects/Nano Processor/NanoProcessor - Additional Features/NanoProcessor/NanoProcessor.srcs/sources_1/new/MUX_2_way_3_bit.vhd:11]
INFO: [Synth 8-3491] module 'MUX_2_way_4_bit' declared at 'C:/Users/tharu/Vivado Projects/Nano Processor/NanoProcessor - Additional Features/NanoProcessor/NanoProcessor.srcs/sources_1/new/MUX_2_way_4_bit.vhd:34' bound to instance 'MUX_2_way_4_bit_0' of component 'MUX_2_way_4_bit' [C:/Users/tharu/Vivado Projects/Nano Processor/NanoProcessor - Additional Features/NanoProcessor/NanoProcessor.srcs/sources_1/new/Nano_Processor.vhd:251]
INFO: [Synth 8-638] synthesizing module 'MUX_2_way_4_bit' [C:/Users/tharu/Vivado Projects/Nano Processor/NanoProcessor - Additional Features/NanoProcessor/NanoProcessor.srcs/sources_1/new/MUX_2_way_4_bit.vhd:41]
INFO: [Synth 8-3491] module 'Tri_State_Buffer_4_bit' declared at 'C:/Users/tharu/Vivado Projects/Nano Processor/NanoProcessor - Additional Features/NanoProcessor/NanoProcessor.srcs/sources_1/new/Tri_State_Buffer_4_bit.vhd:4' bound to instance 'Buffer_0' of component 'Tri_State_Buffer_4_bit' [C:/Users/tharu/Vivado Projects/Nano Processor/NanoProcessor - Additional Features/NanoProcessor/NanoProcessor.srcs/sources_1/new/MUX_2_way_4_bit.vhd:54]
INFO: [Synth 8-3491] module 'Tri_State_Buffer_4_bit' declared at 'C:/Users/tharu/Vivado Projects/Nano Processor/NanoProcessor - Additional Features/NanoProcessor/NanoProcessor.srcs/sources_1/new/Tri_State_Buffer_4_bit.vhd:4' bound to instance 'Buffer_1' of component 'Tri_State_Buffer_4_bit' [C:/Users/tharu/Vivado Projects/Nano Processor/NanoProcessor - Additional Features/NanoProcessor/NanoProcessor.srcs/sources_1/new/MUX_2_way_4_bit.vhd:60]
INFO: [Synth 8-256] done synthesizing module 'MUX_2_way_4_bit' (16#1) [C:/Users/tharu/Vivado Projects/Nano Processor/NanoProcessor - Additional Features/NanoProcessor/NanoProcessor.srcs/sources_1/new/MUX_2_way_4_bit.vhd:41]
INFO: [Synth 8-3491] module 'MUX_2_way_4_bit' declared at 'C:/Users/tharu/Vivado Projects/Nano Processor/NanoProcessor - Additional Features/NanoProcessor/NanoProcessor.srcs/sources_1/new/MUX_2_way_4_bit.vhd:34' bound to instance 'MUX_2_way_4_bit_1' of component 'MUX_2_way_4_bit' [C:/Users/tharu/Vivado Projects/Nano Processor/NanoProcessor - Additional Features/NanoProcessor/NanoProcessor.srcs/sources_1/new/Nano_Processor.vhd:258]
INFO: [Synth 8-3491] module 'Instruction_Decoder' declared at 'C:/Users/tharu/Vivado Projects/Nano Processor/NanoProcessor - Additional Features/NanoProcessor/NanoProcessor.srcs/sources_1/new/Instruction_Decoder.vhd:27' bound to instance 'Instruction_Decoder_0' of component 'Instruction_Decoder' [C:/Users/tharu/Vivado Projects/Nano Processor/NanoProcessor - Additional Features/NanoProcessor/NanoProcessor.srcs/sources_1/new/Nano_Processor.vhd:265]
INFO: [Synth 8-638] synthesizing module 'Instruction_Decoder' [C:/Users/tharu/Vivado Projects/Nano Processor/NanoProcessor - Additional Features/NanoProcessor/NanoProcessor.srcs/sources_1/new/Instruction_Decoder.vhd:42]
INFO: [Synth 8-3491] module 'Decoder_3_to_8' declared at 'C:/Users/tharu/Vivado Projects/Nano Processor/NanoProcessor - Additional Features/NanoProcessor/NanoProcessor.srcs/sources_1/new/Decoder_3_to_8.vhd:34' bound to instance 'Decoder_3_to_8_0' of component 'Decoder_3_to_8' [C:/Users/tharu/Vivado Projects/Nano Processor/NanoProcessor - Additional Features/NanoProcessor/NanoProcessor.srcs/sources_1/new/Instruction_Decoder.vhd:54]
INFO: [Synth 8-256] done synthesizing module 'Instruction_Decoder' (17#1) [C:/Users/tharu/Vivado Projects/Nano Processor/NanoProcessor - Additional Features/NanoProcessor/NanoProcessor.srcs/sources_1/new/Instruction_Decoder.vhd:42]
INFO: [Synth 8-3491] module 'Program_ROM' declared at 'C:/Users/tharu/Vivado Projects/Nano Processor/NanoProcessor - Additional Features/NanoProcessor/NanoProcessor.srcs/sources_1/new/Program_ROM.vhd:5' bound to instance 'Program_ROM_0' of component 'Program_ROM' [C:/Users/tharu/Vivado Projects/Nano Processor/NanoProcessor - Additional Features/NanoProcessor/NanoProcessor.srcs/sources_1/new/Nano_Processor.vhd:280]
INFO: [Synth 8-638] synthesizing module 'Program_ROM' [C:/Users/tharu/Vivado Projects/Nano Processor/NanoProcessor - Additional Features/NanoProcessor/NanoProcessor.srcs/sources_1/new/Program_ROM.vhd:10]
INFO: [Synth 8-256] done synthesizing module 'Program_ROM' (18#1) [C:/Users/tharu/Vivado Projects/Nano Processor/NanoProcessor - Additional Features/NanoProcessor/NanoProcessor.srcs/sources_1/new/Program_ROM.vhd:10]
INFO: [Synth 8-3491] module 'Seven_Segment_Display' declared at 'C:/Users/tharu/Vivado Projects/Nano Processor/NanoProcessor - Additional Features/NanoProcessor/NanoProcessor.srcs/sources_1/new/Seven_Segment_Display.vhd:26' bound to instance 'Seven_Segement_Display_0' of component 'Seven_Segment_Display' [C:/Users/tharu/Vivado Projects/Nano Processor/NanoProcessor - Additional Features/NanoProcessor/NanoProcessor.srcs/sources_1/new/Nano_Processor.vhd:285]
INFO: [Synth 8-638] synthesizing module 'Seven_Segment_Display' [C:/Users/tharu/Vivado Projects/Nano Processor/NanoProcessor - Additional Features/NanoProcessor/NanoProcessor.srcs/sources_1/new/Seven_Segment_Display.vhd:31]
INFO: [Synth 8-256] done synthesizing module 'Seven_Segment_Display' (19#1) [C:/Users/tharu/Vivado Projects/Nano Processor/NanoProcessor - Additional Features/NanoProcessor/NanoProcessor.srcs/sources_1/new/Seven_Segment_Display.vhd:31]
INFO: [Synth 8-3491] module 'Multiplier_2_bit' declared at 'C:/Users/tharu/Vivado Projects/Nano Processor/NanoProcessor - Additional Features/NanoProcessor/NanoProcessor.srcs/sources_1/new/Multiplier_2_bit.vhd:26' bound to instance 'Multiplier_2_bit_0' of component 'Multiplier_2_bit' [C:/Users/tharu/Vivado Projects/Nano Processor/NanoProcessor - Additional Features/NanoProcessor/NanoProcessor.srcs/sources_1/new/Nano_Processor.vhd:290]
INFO: [Synth 8-638] synthesizing module 'Multiplier_2_bit' [C:/Users/tharu/Vivado Projects/Nano Processor/NanoProcessor - Additional Features/NanoProcessor/NanoProcessor.srcs/sources_1/new/Multiplier_2_bit.vhd:32]
INFO: [Synth 8-3491] module 'FA' declared at 'C:/Users/tharu/Vivado Projects/Nano Processor/NanoProcessor - Additional Features/NanoProcessor/NanoProcessor.srcs/sources_1/new/FA.vhd:34' bound to instance 'FA_0_0' of component 'FA' [C:/Users/tharu/Vivado Projects/Nano Processor/NanoProcessor - Additional Features/NanoProcessor/NanoProcessor.srcs/sources_1/new/Multiplier_2_bit.vhd:47]
INFO: [Synth 8-3491] module 'FA' declared at 'C:/Users/tharu/Vivado Projects/Nano Processor/NanoProcessor - Additional Features/NanoProcessor/NanoProcessor.srcs/sources_1/new/FA.vhd:34' bound to instance 'FA_0_1' of component 'FA' [C:/Users/tharu/Vivado Projects/Nano Processor/NanoProcessor - Additional Features/NanoProcessor/NanoProcessor.srcs/sources_1/new/Multiplier_2_bit.vhd:55]
INFO: [Synth 8-256] done synthesizing module 'Multiplier_2_bit' (20#1) [C:/Users/tharu/Vivado Projects/Nano Processor/NanoProcessor - Additional Features/NanoProcessor/NanoProcessor.srcs/sources_1/new/Multiplier_2_bit.vhd:32]
INFO: [Synth 8-3491] module 'Reversed_Multiplexer_4_bit' declared at 'C:/Users/tharu/Vivado Projects/Nano Processor/NanoProcessor - Additional Features/NanoProcessor/NanoProcessor.srcs/sources_1/new/Reversed_Multiplexer_4_bit.vhd:26' bound to instance 'Reversed_Multiplexer_A' of component 'Reversed_Multiplexer_4_bit' [C:/Users/tharu/Vivado Projects/Nano Processor/NanoProcessor - Additional Features/NanoProcessor/NanoProcessor.srcs/sources_1/new/Nano_Processor.vhd:296]
INFO: [Synth 8-638] synthesizing module 'Reversed_Multiplexer_4_bit' [C:/Users/tharu/Vivado Projects/Nano Processor/NanoProcessor - Additional Features/NanoProcessor/NanoProcessor.srcs/sources_1/new/Reversed_Multiplexer_4_bit.vhd:33]
INFO: [Synth 8-3491] module 'Tri_State_Buffer_4_bit' declared at 'C:/Users/tharu/Vivado Projects/Nano Processor/NanoProcessor - Additional Features/NanoProcessor/NanoProcessor.srcs/sources_1/new/Tri_State_Buffer_4_bit.vhd:4' bound to instance 'Buffer_0' of component 'Tri_State_Buffer_4_bit' [C:/Users/tharu/Vivado Projects/Nano Processor/NanoProcessor - Additional Features/NanoProcessor/NanoProcessor.srcs/sources_1/new/Reversed_Multiplexer_4_bit.vhd:46]
INFO: [Synth 8-3491] module 'Tri_State_Buffer_4_bit' declared at 'C:/Users/tharu/Vivado Projects/Nano Processor/NanoProcessor - Additional Features/NanoProcessor/NanoProcessor.srcs/sources_1/new/Tri_State_Buffer_4_bit.vhd:4' bound to instance 'Buffer_1' of component 'Tri_State_Buffer_4_bit' [C:/Users/tharu/Vivado Projects/Nano Processor/NanoProcessor - Additional Features/NanoProcessor/NanoProcessor.srcs/sources_1/new/Reversed_Multiplexer_4_bit.vhd:52]
INFO: [Synth 8-256] done synthesizing module 'Reversed_Multiplexer_4_bit' (21#1) [C:/Users/tharu/Vivado Projects/Nano Processor/NanoProcessor - Additional Features/NanoProcessor/NanoProcessor.srcs/sources_1/new/Reversed_Multiplexer_4_bit.vhd:33]
INFO: [Synth 8-3491] module 'Reversed_Multiplexer_4_bit' declared at 'C:/Users/tharu/Vivado Projects/Nano Processor/NanoProcessor - Additional Features/NanoProcessor/NanoProcessor.srcs/sources_1/new/Reversed_Multiplexer_4_bit.vhd:26' bound to instance 'Reversed_Multiplexer_B' of component 'Reversed_Multiplexer_4_bit' [C:/Users/tharu/Vivado Projects/Nano Processor/NanoProcessor - Additional Features/NanoProcessor/NanoProcessor.srcs/sources_1/new/Nano_Processor.vhd:303]
INFO: [Synth 8-3491] module 'Magnitude_Comparator_4_bit' declared at 'C:/Users/tharu/Vivado Projects/Nano Processor/NanoProcessor - Additional Features/NanoProcessor/NanoProcessor.srcs/sources_1/new/Magnitude_Comparator_4_bit.vhd:34' bound to instance 'Magnitude_Comparator_4_bit_0' of component 'Magnitude_Comparator_4_bit' [C:/Users/tharu/Vivado Projects/Nano Processor/NanoProcessor - Additional Features/NanoProcessor/NanoProcessor.srcs/sources_1/new/Nano_Processor.vhd:310]
INFO: [Synth 8-638] synthesizing module 'Magnitude_Comparator_4_bit' [C:/Users/tharu/Vivado Projects/Nano Processor/NanoProcessor - Additional Features/NanoProcessor/NanoProcessor.srcs/sources_1/new/Magnitude_Comparator_4_bit.vhd:45]
INFO: [Synth 8-256] done synthesizing module 'Magnitude_Comparator_4_bit' (22#1) [C:/Users/tharu/Vivado Projects/Nano Processor/NanoProcessor - Additional Features/NanoProcessor/NanoProcessor.srcs/sources_1/new/Magnitude_Comparator_4_bit.vhd:45]
INFO: [Synth 8-256] done synthesizing module 'Nano_Processor' (23#1) [C:/Users/tharu/Vivado Projects/Nano Processor/NanoProcessor - Additional Features/NanoProcessor/NanoProcessor.srcs/sources_1/new/Nano_Processor.vhd:40]
WARNING: [Synth 8-3917] design Nano_Processor has port Anode[3] driven by constant 1
WARNING: [Synth 8-3917] design Nano_Processor has port Anode[2] driven by constant 1
WARNING: [Synth 8-3917] design Nano_Processor has port Anode[1] driven by constant 1
WARNING: [Synth 8-3917] design Nano_Processor has port Anode[0] driven by constant 0
WARNING: [Synth 8-3331] design Adder_3_Bit has unconnected port C_in
---------------------------------------------------------------------------------
Finished RTL Elaboration : Time (s): cpu = 00:00:05 ; elapsed = 00:00:06 . Memory (MB): peak = 491.008 ; gain = 150.684
---------------------------------------------------------------------------------

Report Check Netlist: 
+------+------------------+-------+---------+-------+------------------+
|      |Item              |Errors |Warnings |Status |Description       |
+------+------------------+-------+---------+-------+------------------+
|1     |multi_driven_nets |      0|        0|Passed |Multi driven nets |
+------+------------------+-------+---------+-------+------------------+
---------------------------------------------------------------------------------
Start Handling Custom Attributes
---------------------------------------------------------------------------------
---------------------------------------------------------------------------------
Finished Handling Custom Attributes : Time (s): cpu = 00:00:05 ; elapsed = 00:00:06 . Memory (MB): peak = 491.008 ; gain = 150.684
---------------------------------------------------------------------------------
---------------------------------------------------------------------------------
Finished RTL Optimization Phase 1 : Time (s): cpu = 00:00:05 ; elapsed = 00:00:06 . Memory (MB): peak = 491.008 ; gain = 150.684
---------------------------------------------------------------------------------
INFO: [Device 21-403] Loading part xc7a35tcpg236-1
INFO: [Project 1-570] Preparing netlist for logic optimization

Processing XDC Constraints
Initializing timing engine
Parsing XDC File [C:/Users/tharu/Vivado Projects/Nano Processor/NanoProcessor - Additional Features/NanoProcessor/NanoProcessor.srcs/constrs_1/new/Basys3Labs.xdc]
Finished Parsing XDC File [C:/Users/tharu/Vivado Projects/Nano Processor/NanoProcessor - Additional Features/NanoProcessor/NanoProcessor.srcs/constrs_1/new/Basys3Labs.xdc]
INFO: [Project 1-236] Implementation specific constraints were found while reading constraint file [C:/Users/tharu/Vivado Projects/Nano Processor/NanoProcessor - Additional Features/NanoProcessor/NanoProcessor.srcs/constrs_1/new/Basys3Labs.xdc]. These constraints will be ignored for synthesis but will be used in implementation. Impacted constraints are listed in the file [.Xil/Nano_Processor_propImpl.xdc].
Resolution: To avoid this warning, move constraints listed in [.Xil/Nano_Processor_propImpl.xdc] to another XDC file and exclude this new file from synthesis with the used_in_synthesis property (File Properties dialog in GUI) and re-run elaboration/synthesis.
Completed Processing XDC Constraints

INFO: [Project 1-111] Unisim Transformation Summary:
No Unisim elements were transformed.

Constraint Validation Runtime : Time (s): cpu = 00:00:00 ; elapsed = 00:00:00.002 . Memory (MB): peak = 823.070 ; gain = 0.000
---------------------------------------------------------------------------------
Finished Constraint Validation : Time (s): cpu = 00:00:13 ; elapsed = 00:00:18 . Memory (MB): peak = 823.070 ; gain = 482.746
---------------------------------------------------------------------------------
---------------------------------------------------------------------------------
Start Loading Part and Timing Information
---------------------------------------------------------------------------------
Loading part: xc7a35tcpg236-1
---------------------------------------------------------------------------------
Finished Loading Part and Timing Information : Time (s): cpu = 00:00:13 ; elapsed = 00:00:18 . Memory (MB): peak = 823.070 ; gain = 482.746
---------------------------------------------------------------------------------
---------------------------------------------------------------------------------
Start Applying 'set_property' XDC Constraints
---------------------------------------------------------------------------------
---------------------------------------------------------------------------------
Finished applying 'set_property' XDC Constraints : Time (s): cpu = 00:00:13 ; elapsed = 00:00:18 . Memory (MB): peak = 823.070 ; gain = 482.746
---------------------------------------------------------------------------------
INFO: [Synth 8-5545] ROM "count" won't be mapped to RAM because address size (32) is larger than maximum supported(25)
INFO: [Synth 8-5545] ROM "clk_status" won't be mapped to RAM because address size (32) is larger than maximum supported(25)
INFO: [Synth 8-5544] ROM "Instruction_ROM" won't be mapped to Block RAM because address size (3) smaller than threshold (5)
INFO: [Synth 8-5544] ROM "sevenSegment_ROM" won't be mapped to Block RAM because address size (4) smaller than threshold (5)
---------------------------------------------------------------------------------
Finished RTL Optimization Phase 2 : Time (s): cpu = 00:00:13 ; elapsed = 00:00:19 . Memory (MB): peak = 823.070 ; gain = 482.746
---------------------------------------------------------------------------------

Report RTL Partitions: 
+-+--------------+------------+----------+
| |RTL Partition |Replication |Instances |
+-+--------------+------------+----------+
+-+--------------+------------+----------+
---------------------------------------------------------------------------------
Start RTL Component Statistics 
---------------------------------------------------------------------------------
Detailed RTL Component Info : 
+---Adders : 
	   2 Input     32 Bit       Adders := 1     
+---XORs : 
	   2 Input      1 Bit         XORs := 27    
+---Registers : 
	               32 Bit    Registers := 1     
	                4 Bit    Registers := 8     
	                1 Bit    Registers := 8     
+---Muxes : 
	   2 Input     32 Bit        Muxes := 1     
	   9 Input     13 Bit        Muxes := 1     
	   8 Input      8 Bit        Muxes := 2     
	  17 Input      7 Bit        Muxes := 1     
	   2 Input      4 Bit        Muxes := 24    
	   2 Input      3 Bit        Muxes := 6     
	   2 Input      1 Bit        Muxes := 1     
---------------------------------------------------------------------------------
Finished RTL Component Statistics 
---------------------------------------------------------------------------------
---------------------------------------------------------------------------------
Start RTL Hierarchical Component Statistics 
---------------------------------------------------------------------------------
Hierarchical RTL Component report 
Module Slow_Clk 
Detailed RTL Component Info : 
+---Adders : 
	   2 Input     32 Bit       Adders := 1     
+---Registers : 
	               32 Bit    Registers := 1     
	                1 Bit    Registers := 2     
+---Muxes : 
	   2 Input     32 Bit        Muxes := 1     
	   2 Input      1 Bit        Muxes := 1     
Module HA 
Detailed RTL Component Info : 
+---XORs : 
	   2 Input      1 Bit         XORs := 1     
Module D_FF 
Detailed RTL Component Info : 
+---Registers : 
	                1 Bit    Registers := 2     
Module Adder_Subtractor_4_bit 
Detailed RTL Component Info : 
+---XORs : 
	   2 Input      1 Bit         XORs := 5     
Module Tri_State_Buffer_4_bit 
Detailed RTL Component Info : 
+---Muxes : 
	   2 Input      4 Bit        Muxes := 1     
Module MUX_8_way_4_bit 
Detailed RTL Component Info : 
+---Muxes : 
	   8 Input      8 Bit        Muxes := 1     
Module Reg 
Detailed RTL Component Info : 
+---Registers : 
	                4 Bit    Registers := 1     
Module Tri_State_Buffer_3_bit 
Detailed RTL Component Info : 
+---Muxes : 
	   2 Input      3 Bit        Muxes := 1     
Module Instruction_Decoder 
Detailed RTL Component Info : 
+---Muxes : 
	   2 Input      3 Bit        Muxes := 4     
Module Program_ROM 
Detailed RTL Component Info : 
+---Muxes : 
	   9 Input     13 Bit        Muxes := 1     
Module Seven_Segment_Display 
Detailed RTL Component Info : 
+---Muxes : 
	  17 Input      7 Bit        Muxes := 1     
Module Magnitude_Comparator_4_bit 
Detailed RTL Component Info : 
+---XORs : 
	   2 Input      1 Bit         XORs := 4     
---------------------------------------------------------------------------------
Finished RTL Hierarchical Component Statistics
---------------------------------------------------------------------------------
---------------------------------------------------------------------------------
Start Part Resource Summary
---------------------------------------------------------------------------------
Part Resources:
DSPs: 90 (col length:60)
BRAMs: 100 (col length: RAMB18 60 RAMB36 30)
---------------------------------------------------------------------------------
Finished Part Resource Summary
---------------------------------------------------------------------------------
---------------------------------------------------------------------------------
Start Cross Boundary and Area Optimization
---------------------------------------------------------------------------------
Warning: Parallel synthesis criteria is not met 
WARNING: [Synth 8-6014] Unused sequential element Program_Counter_0/D_FF0/Qbar_reg was removed.  [C:/Users/tharu/Vivado Projects/Nano Processor/NanoProcessor - Additional Features/NanoProcessor/NanoProcessor.srcs/sources_1/new/DD_FF.vhd:41]
WARNING: [Synth 8-6014] Unused sequential element Program_Counter_0/D_FF1/Qbar_reg was removed.  [C:/Users/tharu/Vivado Projects/Nano Processor/NanoProcessor - Additional Features/NanoProcessor/NanoProcessor.srcs/sources_1/new/DD_FF.vhd:41]
WARNING: [Synth 8-6014] Unused sequential element Program_Counter_0/D_FF2/Qbar_reg was removed.  [C:/Users/tharu/Vivado Projects/Nano Processor/NanoProcessor - Additional Features/NanoProcessor/NanoProcessor.srcs/sources_1/new/DD_FF.vhd:41]
INFO: [Synth 8-5545] ROM "Slow_Clk_0/count" won't be mapped to RAM because address size (32) is larger than maximum supported(25)
INFO: [Synth 8-5545] ROM "Slow_Clk_0/clk_status" won't be mapped to RAM because address size (32) is larger than maximum supported(25)
WARNING: [Synth 8-3917] design Nano_Processor has port Anode[3] driven by constant 1
WARNING: [Synth 8-3917] design Nano_Processor has port Anode[2] driven by constant 1
WARNING: [Synth 8-3917] design Nano_Processor has port Anode[1] driven by constant 1
WARNING: [Synth 8-3917] design Nano_Processor has port Anode[0] driven by constant 0
WARNING: [Synth 8-3332] Sequential element (Register_Bank_0/Reg_2/Q_reg[3]) is unused and will be removed from module Nano_Processor.
WARNING: [Synth 8-3332] Sequential element (Register_Bank_0/Reg_2/Q_reg[2]) is unused and will be removed from module Nano_Processor.
WARNING: [Synth 8-3332] Sequential element (Register_Bank_0/Reg_2/Q_reg[1]) is unused and will be removed from module Nano_Processor.
WARNING: [Synth 8-3332] Sequential element (Register_Bank_0/Reg_2/Q_reg[0]) is unused and will be removed from module Nano_Processor.
WARNING: [Synth 8-3332] Sequential element (Register_Bank_0/Reg_3/Q_reg[3]) is unused and will be removed from module Nano_Processor.
WARNING: [Synth 8-3332] Sequential element (Register_Bank_0/Reg_3/Q_reg[2]) is unused and will be removed from module Nano_Processor.
WARNING: [Synth 8-3332] Sequential element (Register_Bank_0/Reg_3/Q_reg[1]) is unused and will be removed from module Nano_Processor.
WARNING: [Synth 8-3332] Sequential element (Register_Bank_0/Reg_3/Q_reg[0]) is unused and will be removed from module Nano_Processor.
WARNING: [Synth 8-3332] Sequential element (Register_Bank_0/Reg_4/Q_reg[3]) is unused and will be removed from module Nano_Processor.
WARNING: [Synth 8-3332] Sequential element (Register_Bank_0/Reg_4/Q_reg[2]) is unused and will be removed from module Nano_Processor.
WARNING: [Synth 8-3332] Sequential element (Register_Bank_0/Reg_4/Q_reg[1]) is unused and will be removed from module Nano_Processor.
WARNING: [Synth 8-3332] Sequential element (Register_Bank_0/Reg_4/Q_reg[0]) is unused and will be removed from module Nano_Processor.
WARNING: [Synth 8-3332] Sequential element (Register_Bank_0/Reg_5/Q_reg[3]) is unused and will be removed from module Nano_Processor.
WARNING: [Synth 8-3332] Sequential element (Register_Bank_0/Reg_5/Q_reg[2]) is unused and will be removed from module Nano_Processor.
WARNING: [Synth 8-3332] Sequential element (Register_Bank_0/Reg_5/Q_reg[1]) is unused and will be removed from module Nano_Processor.
WARNING: [Synth 8-3332] Sequential element (Register_Bank_0/Reg_5/Q_reg[0]) is unused and will be removed from module Nano_Processor.
---------------------------------------------------------------------------------
Finished Cross Boundary and Area Optimization : Time (s): cpu = 00:00:14 ; elapsed = 00:00:20 . Memory (MB): peak = 823.070 ; gain = 482.746
---------------------------------------------------------------------------------

Report RTL Partitions: 
+-+--------------+------------+----------+
| |RTL Partition |Replication |Instances |
+-+--------------+------------+----------+
+-+--------------+------------+----------+
---------------------------------------------------------------------------------
Start Applying XDC Timing Constraints
---------------------------------------------------------------------------------
---------------------------------------------------------------------------------
Finished Applying XDC Timing Constraints : Time (s): cpu = 00:00:20 ; elapsed = 00:00:29 . Memory (MB): peak = 823.070 ; gain = 482.746
---------------------------------------------------------------------------------
---------------------------------------------------------------------------------
Start Timing Optimization
---------------------------------------------------------------------------------
---------------------------------------------------------------------------------
Finished Timing Optimization : Time (s): cpu = 00:00:20 ; elapsed = 00:00:29 . Memory (MB): peak = 836.129 ; gain = 495.805
---------------------------------------------------------------------------------

Report RTL Partitions: 
+-+--------------+------------+----------+
| |RTL Partition |Replication |Instances |
+-+--------------+------------+----------+
+-+--------------+------------+----------+
---------------------------------------------------------------------------------
Start Technology Mapping
---------------------------------------------------------------------------------
INFO: [Synth 8-3333] propagating constant 0 across sequential element (\Register_Bank_0/Reg_6/Q_reg[2] )
INFO: [Synth 8-3333] propagating constant 0 across sequential element (\Register_Bank_0/Reg_6/Q_reg[1] )
INFO: [Synth 8-3333] propagating constant 0 across sequential element (\Register_Bank_0/Reg_6/Q_reg[0] )
INFO: [Synth 8-3333] propagating constant 0 across sequential element (\Register_Bank_0/Reg_6/Q_reg[3] )
WARNING: [Synth 8-3332] Sequential element (Register_Bank_0/Reg_6/Q_reg[3]) is unused and will be removed from module Nano_Processor.
WARNING: [Synth 8-3332] Sequential element (Register_Bank_0/Reg_6/Q_reg[2]) is unused and will be removed from module Nano_Processor.
WARNING: [Synth 8-3332] Sequential element (Register_Bank_0/Reg_6/Q_reg[1]) is unused and will be removed from module Nano_Processor.
WARNING: [Synth 8-3332] Sequential element (Register_Bank_0/Reg_6/Q_reg[0]) is unused and will be removed from module Nano_Processor.
---------------------------------------------------------------------------------
Finished Technology Mapping : Time (s): cpu = 00:00:21 ; elapsed = 00:00:29 . Memory (MB): peak = 841.684 ; gain = 501.359
---------------------------------------------------------------------------------

Report RTL Partitions: 
+-+--------------+------------+----------+
| |RTL Partition |Replication |Instances |
+-+--------------+------------+----------+
+-+--------------+------------+----------+
---------------------------------------------------------------------------------
Start IO Insertion
---------------------------------------------------------------------------------
---------------------------------------------------------------------------------
Start Flattening Before IO Insertion
---------------------------------------------------------------------------------
---------------------------------------------------------------------------------
Finished Flattening Before IO Insertion
---------------------------------------------------------------------------------
---------------------------------------------------------------------------------
Start Final Netlist Cleanup
---------------------------------------------------------------------------------
---------------------------------------------------------------------------------
Finished Final Netlist Cleanup
---------------------------------------------------------------------------------
---------------------------------------------------------------------------------
Finished IO Insertion : Time (s): cpu = 00:00:21 ; elapsed = 00:00:30 . Memory (MB): peak = 841.684 ; gain = 501.359
---------------------------------------------------------------------------------

Report Check Netlist: 
+------+------------------+-------+---------+-------+------------------+
|      |Item              |Errors |Warnings |Status |Description       |
+------+------------------+-------+---------+-------+------------------+
|1     |multi_driven_nets |      0|        0|Passed |Multi driven nets |
+------+------------------+-------+---------+-------+------------------+
---------------------------------------------------------------------------------
Start Renaming Generated Instances
---------------------------------------------------------------------------------
---------------------------------------------------------------------------------
Finished Renaming Generated Instances : Time (s): cpu = 00:00:21 ; elapsed = 00:00:30 . Memory (MB): peak = 841.684 ; gain = 501.359
---------------------------------------------------------------------------------

Report RTL Partitions: 
+-+--------------+------------+----------+
| |RTL Partition |Replication |Instances |
+-+--------------+------------+----------+
+-+--------------+------------+----------+
---------------------------------------------------------------------------------
Start Rebuilding User Hierarchy
---------------------------------------------------------------------------------
---------------------------------------------------------------------------------
Finished Rebuilding User Hierarchy : Time (s): cpu = 00:00:21 ; elapsed = 00:00:30 . Memory (MB): peak = 841.684 ; gain = 501.359
---------------------------------------------------------------------------------
---------------------------------------------------------------------------------
Start Renaming Generated Ports
---------------------------------------------------------------------------------
---------------------------------------------------------------------------------
Finished Renaming Generated Ports : Time (s): cpu = 00:00:21 ; elapsed = 00:00:30 . Memory (MB): peak = 841.684 ; gain = 501.359
---------------------------------------------------------------------------------
---------------------------------------------------------------------------------
Start Handling Custom Attributes
---------------------------------------------------------------------------------
---------------------------------------------------------------------------------
Finished Handling Custom Attributes : Time (s): cpu = 00:00:21 ; elapsed = 00:00:30 . Memory (MB): peak = 841.684 ; gain = 501.359
---------------------------------------------------------------------------------
---------------------------------------------------------------------------------
Start Renaming Generated Nets
---------------------------------------------------------------------------------
---------------------------------------------------------------------------------
Finished Renaming Generated Nets : Time (s): cpu = 00:00:21 ; elapsed = 00:00:30 . Memory (MB): peak = 841.684 ; gain = 501.359
---------------------------------------------------------------------------------
---------------------------------------------------------------------------------
Start Writing Synthesis Report
---------------------------------------------------------------------------------

Report BlackBoxes: 
+-+--------------+----------+
| |BlackBox name |Instances |
+-+--------------+----------+
+-+--------------+----------+

Report Cell Usage: 
+------+-------+------+
|      |Cell   |Count |
+------+-------+------+
|1     |BUFG   |     1|
|2     |CARRY4 |     8|
|3     |LUT1   |     1|
|4     |LUT2   |     1|
|5     |LUT3   |    14|
|6     |LUT4   |    24|
|7     |LUT5   |    28|
|8     |LUT6   |    18|
|9     |FDCE   |    12|
|10    |FDRE   |    37|
|11    |IBUF   |     2|
|12    |OBUF   |    20|
+------+-------+------+

Report Instance Areas: 
+------+--------------------+----------------+------+
|      |Instance            |Module          |Cells |
+------+--------------------+----------------+------+
|1     |top                 |                |   166|
|2     |  Program_Counter_0 |Program_Counter |    40|
|3     |    D_FF0           |D_FF            |    15|
|4     |    D_FF1           |D_FF_2          |    19|
|5     |    D_FF2           |D_FF_3          |     6|
|6     |  Register_Bank_0   |Register_Bank   |    49|
|7     |    Reg_0           |Reg             |     4|
|8     |    Reg_1           |Reg_0           |     7|
|9     |    Reg_7           |Reg_1           |    38|
|10    |  Slow_Clk_0        |Slow_Clk        |    54|
+------+--------------------+----------------+------+
---------------------------------------------------------------------------------
Finished Writing Synthesis Report : Time (s): cpu = 00:00:21 ; elapsed = 00:00:30 . Memory (MB): peak = 841.684 ; gain = 501.359
---------------------------------------------------------------------------------
Synthesis finished with 0 errors, 0 critical warnings and 27 warnings.
Synthesis Optimization Runtime : Time (s): cpu = 00:00:12 ; elapsed = 00:00:23 . Memory (MB): peak = 841.684 ; gain = 169.297
Synthesis Optimization Complete : Time (s): cpu = 00:00:21 ; elapsed = 00:00:30 . Memory (MB): peak = 841.684 ; gain = 501.359
INFO: [Project 1-571] Translating synthesized netlist
INFO: [Netlist 29-17] Analyzing 10 Unisim elements for replacement
INFO: [Netlist 29-28] Unisim Transformation completed in 0 CPU seconds
INFO: [Project 1-570] Preparing netlist for logic optimization
INFO: [Opt 31-138] Pushed 0 inverter(s) to 0 load pin(s).
INFO: [Project 1-111] Unisim Transformation Summary:
No Unisim elements were transformed.

INFO: [Common 17-83] Releasing license: Synthesis
126 Infos, 32 Warnings, 0 Critical Warnings and 0 Errors encountered.
synth_design completed successfully
synth_design: Time (s): cpu = 00:00:22 ; elapsed = 00:00:33 . Memory (MB): peak = 841.684 ; gain = 513.766
INFO: [Common 17-1381] The checkpoint 'C:/Users/tharu/Vivado Projects/Nano Processor/NanoProcessor - Additional Features/NanoProcessor/NanoProcessor.runs/synth_1/Nano_Processor.dcp' has been generated.
INFO: [runtcl-4] Executing : report_utilization -file Nano_Processor_utilization_synth.rpt -pb Nano_Processor_utilization_synth.pb
report_utilization: Time (s): cpu = 00:00:00 ; elapsed = 00:00:00.016 . Memory (MB): peak = 841.684 ; gain = 0.000
INFO: [Common 17-206] Exiting Vivado at Tue May  7 15:38:52 2024...
